<html>
<head>
<title>TestNG:  Command line test</title>
<link href="../testng.css" rel="stylesheet" type="text/css" />
<link href="../my-testng.css" rel="stylesheet" type="text/css" />

<style type="text/css">
.log { display: none;} 
.stack-trace { display: none;} 
</style>
<script type="text/javascript">
<!--
function flip(e) {
  current = e.style.display;
  if (current == 'block') {
    e.style.display = 'none';
    return 0;
  }
  else {
    e.style.display = 'block';
    return 1;
  }
}

function toggleBox(szDivId, elem, msg1, msg2)
{
  var res = -1;  if (document.getElementById) {
    res = flip(document.getElementById(szDivId));
  }
  else if (document.all) {
    // this is the way old msie versions work
    res = flip(document.all[szDivId]);
  }
  if(elem) {
    if(res == 0) elem.innerHTML = msg1; else elem.innerHTML = msg2;
  }

}

function toggleAllBoxes() {
  if (document.getElementsByTagName) {
    d = document.getElementsByTagName('div');
    for (i = 0; i < d.length; i++) {
      if (d[i].className == 'log') {
        flip(d[i]);
      }
    }
  }
}

// -->
</script>

</head>
<body>
<h2 align='center'>Command line test</h2><table border='1' align="center">
<tr>
<td>Tests passed/Failed/Skipped:</td><td>30/15/0</td>
</tr><tr>
<td>Started on:</td><td>Thu May 16 15:04:39 IST 2019</td>
</tr>
<tr><td>Total time:</td><td>587 seconds (587187 ms)</td>
</tr><tr>
<td>Included groups:</td><td></td>
</tr><tr>
<td>Excluded groups:</td><td></td>
</tr>
</table><p/>
<small><i>(Hover the method name to see the test class name)</i></small><p/>
<table width='100%' border='1' class='invocation-failed'>
<tr><td colspan='4' align='center'><b>FAILED TESTS</b></td></tr>
<tr><td><b>Test method</b></td>
<td width="30%"><b>Exception</b></td>
<td width="10%"><b>Time (seconds)</b></td>
<td><b>Instance</b></td>
</tr>
<tr>
<td title='com.mkyong.testng.examples.loadtest.TestMultipleThreads.loadTest()'><b>loadTest</b><br>Test class: com.mkyong.testng.examples.loadtest.TestMultipleThreads</td>
<td><div><pre>org.openqa.selenium.WebDriverException: Unable to bind to locking port 7054 within 45000 ms
Build info: version: &apos;2.39.0&apos;, revision: &apos;14fa800511cc5d66d426e08b0b2ab926c7ed7398&apos;, time: &apos;2013-12-16 13:18:38&apos;
System info: host: &apos;NTISHTCD31&apos;, ip: &apos;10.180.20.34&apos;, os.name: &apos;Windows 10&apos;, os.arch: &apos;amd64&apos;, os.version: &apos;10.0&apos;, java.version: &apos;1.8.0_201&apos;
Driver info: driver.version: FirefoxDriver
	at org.openqa.selenium.internal.SocketLock.lock(SocketLock.java:98)
	at org.openqa.selenium.firefox.internal.NewProfileExtensionConnection.start(NewProfileExtensionConnection.java:84)
	at org.openqa.selenium.firefox.FirefoxDriver.startClient(FirefoxDriver.java:250)
	at org.openqa.selenium.remote.RemoteWebDriver.&lt;init&gt;(RemoteWebDriver.java:110)
	at org.openqa.selenium.firefox.FirefoxDriver.&lt;init&gt;(FirefoxDriver.java:195)
	at org.openqa.selenium.firefox.FirefoxDriver.&lt;init&gt;(FirefoxDriver.java:190)
	at org.openqa.selenium.firefox.FirefoxDriver.&lt;init&gt;(FirefoxDriver.java:186)
	at org.openqa.selenium.firefox.FirefoxDriver.&lt;init&gt;(FirefoxDriver.java:99)
	at com.mkyong.testng.examples.loadtest.TestMultipleThreads.loadTest(TestMultipleThreads.java:41)
	at java.util.concurrent.FutureTask.run(FutureTask.java:266)
	at java.util.concurrent.ThreadPoolExecutor.runWorker(ThreadPoolExecutor.java:1149)
	at java.util.concurrent.ThreadPoolExecutor$Worker.run(ThreadPoolExecutor.java:624)
	at java.lang.Thread.run(Thread.java:748)
... Removed 11 stack frames</pre></div><a href='#' onClick='toggleBox("stack-trace579905401", this, "Click to show all stack frames", "Click to hide stack frames")'>Click to show all stack frames</a>
<div class='stack-trace' id='stack-trace579905401'><pre>org.openqa.selenium.WebDriverException: Unable to bind to locking port 7054 within 45000 ms
Build info: version: &apos;2.39.0&apos;, revision: &apos;14fa800511cc5d66d426e08b0b2ab926c7ed7398&apos;, time: &apos;2013-12-16 13:18:38&apos;
System info: host: &apos;NTISHTCD31&apos;, ip: &apos;10.180.20.34&apos;, os.name: &apos;Windows 10&apos;, os.arch: &apos;amd64&apos;, os.version: &apos;10.0&apos;, java.version: &apos;1.8.0_201&apos;
Driver info: driver.version: FirefoxDriver
	at org.openqa.selenium.internal.SocketLock.lock(SocketLock.java:98)
	at org.openqa.selenium.firefox.internal.NewProfileExtensionConnection.start(NewProfileExtensionConnection.java:84)
	at org.openqa.selenium.firefox.FirefoxDriver.startClient(FirefoxDriver.java:250)
	at org.openqa.selenium.remote.RemoteWebDriver.&lt;init&gt;(RemoteWebDriver.java:110)
	at org.openqa.selenium.firefox.FirefoxDriver.&lt;init&gt;(FirefoxDriver.java:195)
	at org.openqa.selenium.firefox.FirefoxDriver.&lt;init&gt;(FirefoxDriver.java:190)
	at org.openqa.selenium.firefox.FirefoxDriver.&lt;init&gt;(FirefoxDriver.java:186)
	at org.openqa.selenium.firefox.FirefoxDriver.&lt;init&gt;(FirefoxDriver.java:99)
	at com.mkyong.testng.examples.loadtest.TestMultipleThreads.loadTest(TestMultipleThreads.java:41)
	at sun.reflect.NativeMethodAccessorImpl.invoke0(Native Method)
	at sun.reflect.NativeMethodAccessorImpl.invoke(NativeMethodAccessorImpl.java:62)
	at sun.reflect.DelegatingMethodAccessorImpl.invoke(DelegatingMethodAccessorImpl.java:43)
	at java.lang.reflect.Method.invoke(Method.java:498)
	at org.testng.internal.MethodInvocationHelper.invokeMethod(MethodInvocationHelper.java:84)
	at org.testng.internal.Invoker.invokeMethod(Invoker.java:714)
	at org.testng.internal.Invoker.invokeTestMethod(Invoker.java:901)
	at org.testng.internal.Invoker.invokeTestMethods(Invoker.java:1231)
	at org.testng.internal.TestMethodWorker.invokeTestMethods(TestMethodWorker.java:127)
	at org.testng.internal.TestMethodWorker.run(TestMethodWorker.java:111)
	at org.testng.internal.thread.ThreadUtil$2.call(ThreadUtil.java:64)
	at java.util.concurrent.FutureTask.run(FutureTask.java:266)
	at java.util.concurrent.ThreadPoolExecutor.runWorker(ThreadPoolExecutor.java:1149)
	at java.util.concurrent.ThreadPoolExecutor$Worker.run(ThreadPoolExecutor.java:624)
	at java.lang.Thread.run(Thread.java:748)
</pre></div></td>
<td>45</td>
<td>com.mkyong.testng.examples.loadtest.TestMultipleThreads@5315b42e</td></tr>
<tr>
<td title='com.mkyong.testng.examples.loadtest.TestMultipleThreads.loadTest()'><b>loadTest</b><br>Test class: com.mkyong.testng.examples.loadtest.TestMultipleThreads</td>
<td><div><pre>org.openqa.selenium.WebDriverException: Failed to connect to binary FirefoxBinary(C:\Program Files\Mozilla Firefox\firefox.exe) on port 7055; process output follows: 
on 35.0.0
1557999284927	addons.xpi	DEBUG	Loading bootstrap scope from C:\Program Files\Mozilla Firefox\browser\features\webcompat@mozilla.org.xpi
1557999284927	addons.xpi	DEBUG	Calling bootstrap method startup on webcompat@mozilla.org version 3.0.2
1557999284929	addons.manager	DEBUG	Registering shutdown blocker for XPIProvider
1557999284929	addons.manager	DEBUG	Provider finished startup: XPIProvider
1557999284929	addons.manager	DEBUG	Starting provider: LightweightThemeManager
1557999284929	addons.manager	DEBUG	Registering shutdown blocker for LightweightThemeManager
1557999284929	addons.manager	DEBUG	Provider finished startup: LightweightThemeManager
1557999284930	addons.manager	DEBUG	Starting provider: GMPProvider
1557999284939	addons.manager	DEBUG	Registering shutdown blocker for GMPProvider
1557999284939	addons.manager	DEBUG	Provider finished startup: GMPProvider
1557999284939	addons.manager	DEBUG	Starting provider: PluginProvider
1557999284939	addons.manager	DEBUG	Registering shutdown blocker for PluginProvider
1557999284939	addons.manager	DEBUG	Provider finished startup: PluginProvider
1557999284948	addons.manager	DEBUG	Completed startup sequence
1557999286233	addons.xpi-utils	DEBUG	Starting async load of XPI database C:\Users\NTVNSV31\AppData\Local\Temp\anonymous5629811563834174672webdriver-profile\extensions.json
1557999286276	addons.xpi	DEBUG	Ignoring file: name is not a valid add-on ID: C:\Users\NTVNSV31\AppData\Local\Temp\anonymous5629811563834174672webdriver-profile\extensions\webdriver-staging
1557999286278	addons.xpi	DEBUG	Existing add-on formautofill@mozilla.org in app-system-defaults
1557999286278	addons.xpi	DEBUG	Existing add-on screenshots@mozilla.org in app-system-defaults
1557999286278	addons.xpi	DEBUG	Existing add-on webcompat-reporter@mozilla.org in app-system-defaults
1557999286278	addons.xpi	DEBUG	Existing add-on webcompat@mozilla.org in app-system-defaults
1557999286279	addons.xpi	DEBUG	scanForChanges changed: false, state: {}
1557999286441	addons.xpi-utils	DEBUG	Finished async read of XPI database, parsing...
*** Blocklist::_loadFileInternal: blocklist is disabled
1557999286632	addons.xpi-utils	DEBUG	Successfully read XPI database
1557999287179	addons.manager	DEBUG	Registering upgrade listener for formautofill@mozilla.org
1557999292683	addons.xpi	DEBUG	Calling bootstrap method shutdown on webcompat@mozilla.org version 3.0.2
1557999292687	addons.xpi	DEBUG	Calling bootstrap method shutdown on screenshots@mozilla.org version 35.0.0
1557999292689	addons.xpi	DEBUG	Calling bootstrap method shutdown on formautofill@mozilla.org version 1.0
[Child 25320, Chrome_ChildThread] WARNING: pipe error: 109: file z:/build/build/src/ipc/chromium/src/chrome/common/ipc_channel_win.cc, line 332
[Child 25320, Chrome_ChildThread] [Child 53344, Chrome_ChildThread] WARNING: pipe error: 109: file z:/build/build/src/ipc/chromium/src/chrome/common/ipc_channel_win.cc, line 332
[Child 53344, Chrome_ChildThread] WARNING: pipe error: 109: file z:/build/build/src/ipc/chromium/src/chrome/common/ipc_channel_win.cc, line 332
[Parent 38820, Gecko_IOThread] WARNING: pipe error: 109: file z:/build/build/src/ipc/chromium/src/chrome/common/ipc_channel_win.cc, line 332
1557999292812	addons.manager	DEBUG	shutdown
1557999292816	addons.manager	DEBUG	Calling shutdown blocker for XPIProvider
1557999292816	addons.xpi	DEBUG	shutdown
1557999292827	addons.xpi-utils	DEBUG	shutdown
1557999292827	addons.manager	DEBUG	Calling shutdown blocker for LightweightThemeManager
1557999292827	addons.manager	DEBUG	Calling shutdown blocker for GMPProvider
1557999292827	addons.manager	DEBUG	Calling shutdown blocker for PluginProvider
1557999292833	addons.manager	DEBUG	Async provider shutdown done
[GP
###!!! [Child][RunMessage] Error: Channel closing: too late to send/recv, messages will be lost

U 52240, Chrome_ChildThread] WARNING: pipe error: 109: file z:/build/build/src/ipc/chromium/src/chrome/common/ipc_channel_win.cc, line 332

###!!! [Child][MessageChannel::SendAndWait] Error: Channel error: cannot send/recv


Build info: version: &apos;2.39.0&apos;, revision: &apos;14fa800511cc5d66d426e08b0b2ab926c7ed7398&apos;, time: &apos;2013-12-16 13:18:38&apos;
System info: host: &apos;NTISHTCD31&apos;, ip: &apos;10.180.20.34&apos;, os.name: &apos;Windows 10&apos;, os.arch: &apos;amd64&apos;, os.version: &apos;10.0&apos;, java.version: &apos;1.8.0_201&apos;
Driver info: driver.version: FirefoxDriver
	at org.openqa.selenium.firefox.internal.NewProfileExtensionConnection.start(NewProfileExtensionConnection.java:130)
	at org.openqa.selenium.firefox.FirefoxDriver.startClient(FirefoxDriver.java:250)
	at org.openqa.selenium.remote.RemoteWebDriver.&lt;init&gt;(RemoteWebDriver.java:110)
	at org.openqa.selenium.firefox.FirefoxDriver.&lt;init&gt;(FirefoxDriver.java:195)
	at org.openqa.selenium.firefox.FirefoxDriver.&lt;init&gt;(FirefoxDriver.java:190)
	at org.openqa.selenium.firefox.FirefoxDriver.&lt;init&gt;(FirefoxDriver.java:186)
	at org.openqa.selenium.firefox.FirefoxDriver.&lt;init&gt;(FirefoxDriver.java:99)
	at com.mkyong.testng.examples.loadtest.TestMultipleThreads.loadTest(TestMultipleThreads.java:41)
	at java.util.concurrent.FutureTask.run(FutureTask.java:266)
	at java.util.concurrent.ThreadPoolExecutor.runWorker(ThreadPoolExecutor.java:1149)
	at java.util.concurrent.ThreadPoolExecutor$Worker.run(ThreadPoolExecutor.java:624)
	at java.lang.Thread.run(Thread.java:748)
Caused by: org.openqa.selenium.firefox.NotConnectedException: Unable to connect to host 127.0.0.1 on port 7055 after 45000 ms. Firefox console output:
on 35.0.0
1557999284927	addons.xpi	DEBUG	Loading bootstrap scope from C:\Program Files\Mozilla Firefox\browser\features\webcompat@mozilla.org.xpi
1557999284927	addons.xpi	DEBUG	Calling bootstrap method startup on webcompat@mozilla.org version 3.0.2
1557999284929	addons.manager	DEBUG	Registering shutdown blocker for XPIProvider
1557999284929	addons.manager	DEBUG	Provider finished startup: XPIProvider
1557999284929	addons.manager	DEBUG	Starting provider: LightweightThemeManager
1557999284929	addons.manager	DEBUG	Registering shutdown blocker for LightweightThemeManager
1557999284929	addons.manager	DEBUG	Provider finished startup: LightweightThemeManager
1557999284930	addons.manager	DEBUG	Starting provider: GMPProvider
1557999284939	addons.manager	DEBUG	Registering shutdown blocker for GMPProvider
1557999284939	addons.manager	DEBUG	Provider finished startup: GMPProvider
1557999284939	addons.manager	DEBUG	Starting provider: PluginProvider
1557999284939	addons.manager	DEBUG	Registering shutdown blocker for PluginProvider
1557999284939	addons.manager	DEBUG	Provider finished startup: PluginProvider
1557999284948	addons.manager	DEBUG	Completed startup sequence
1557999286233	addons.xpi-utils	DEBUG	Starting async load of XPI database C:\Users\NTVNSV31\AppData\Local\Temp\anonymous5629811563834174672webdriver-profile\extensions.json
1557999286276	addons.xpi	DEBUG	Ignoring file: name is not a valid add-on ID: C:\Users\NTVNSV31\AppData\Local\Temp\anonymous5629811563834174672webdriver-profile\extensions\webdriver-staging
1557999286278	addons.xpi	DEBUG	Existing add-on formautofill@mozilla.org in app-system-defaults
1557999286278	addons.xpi	DEBUG	Existing add-on screenshots@mozilla.org in app-system-defaults
1557999286278	addons.xpi	DEBUG	Existing add-on webcompat-reporter@mozilla.org in app-system-defaults
1557999286278	addons.xpi	DEBUG	Existing add-on webcompat@mozilla.org in app-system-defaults
1557999286279	addons.xpi	DEBUG	scanForChanges changed: false, state: {}
1557999286441	addons.xpi-utils	DEBUG	Finished async read of XPI database, parsing...
*** Blocklist::_loadFileInternal: blocklist is disabled
1557999286632	addons.xpi-utils	DEBUG	Successfully read XPI database
1557999287179	addons.manager	DEBUG	Registering upgrade listener for formautofill@mozilla.org
1557999292683	addons.xpi	DEBUG	Calling bootstrap method shutdown on webcompat@mozilla.org version 3.0.2
1557999292687	addons.xpi	DEBUG	Calling bootstrap method shutdown on screenshots@mozilla.org version 35.0.0
1557999292689	addons.xpi	DEBUG	Calling bootstrap method shutdown on formautofill@mozilla.org version 1.0
[Child 25320, Chrome_ChildThread] WARNING: pipe error: 109: file z:/build/build/src/ipc/chromium/src/chrome/common/ipc_channel_win.cc, line 332
[Child 25320, Chrome_ChildThread] [Child 53344, Chrome_ChildThread] WARNING: pipe error: 109: file z:/build/build/src/ipc/chromium/src/chrome/common/ipc_channel_win.cc, line 332
[Child 53344, Chrome_ChildThread] WARNING: pipe error: 109: file z:/build/build/src/ipc/chromium/src/chrome/common/ipc_channel_win.cc, line 332
[Parent 38820, Gecko_IOThread] WARNING: pipe error: 109: file z:/build/build/src/ipc/chromium/src/chrome/common/ipc_channel_win.cc, line 332
1557999292812	addons.manager	DEBUG	shutdown
1557999292816	addons.manager	DEBUG	Calling shutdown blocker for XPIProvider
1557999292816	addons.xpi	DEBUG	shutdown
1557999292827	addons.xpi-utils	DEBUG	shutdown
1557999292827	addons.manager	DEBUG	Calling shutdown blocker for LightweightThemeManager
1557999292827	addons.manager	DEBUG	Calling shutdown blocker for GMPProvider
1557999292827	addons.manager	DEBUG	Calling shutdown blocker for PluginProvider
1557999292833	addons.manager	DEBUG	Async provider shutdown done
[GP
###!!! [Child][RunMessage] Error: Channel closing: too late to send/recv, messages will be lost

U 52240, Chrome_ChildThread] WARNING: pipe error: 109: file z:/build/build/src/ipc/chromium/src/chrome/common/ipc_channel_win.cc, line 332

###!!! [Child][MessageChannel::SendAndWait] Error: Channel error: cannot send/recv


	at org.openqa.selenium.firefox.internal.NewProfileExtensionConnection.start(NewProfileExtensionConnection.java:118)
	... 22 more
... Removed 11 stack frames</pre></div><a href='#' onClick='toggleBox("stack-trace1596994080", this, "Click to show all stack frames", "Click to hide stack frames")'>Click to show all stack frames</a>
<div class='stack-trace' id='stack-trace1596994080'><pre>org.openqa.selenium.WebDriverException: Failed to connect to binary FirefoxBinary(C:\Program Files\Mozilla Firefox\firefox.exe) on port 7055; process output follows: 
on 35.0.0
1557999284927	addons.xpi	DEBUG	Loading bootstrap scope from C:\Program Files\Mozilla Firefox\browser\features\webcompat@mozilla.org.xpi
1557999284927	addons.xpi	DEBUG	Calling bootstrap method startup on webcompat@mozilla.org version 3.0.2
1557999284929	addons.manager	DEBUG	Registering shutdown blocker for XPIProvider
1557999284929	addons.manager	DEBUG	Provider finished startup: XPIProvider
1557999284929	addons.manager	DEBUG	Starting provider: LightweightThemeManager
1557999284929	addons.manager	DEBUG	Registering shutdown blocker for LightweightThemeManager
1557999284929	addons.manager	DEBUG	Provider finished startup: LightweightThemeManager
1557999284930	addons.manager	DEBUG	Starting provider: GMPProvider
1557999284939	addons.manager	DEBUG	Registering shutdown blocker for GMPProvider
1557999284939	addons.manager	DEBUG	Provider finished startup: GMPProvider
1557999284939	addons.manager	DEBUG	Starting provider: PluginProvider
1557999284939	addons.manager	DEBUG	Registering shutdown blocker for PluginProvider
1557999284939	addons.manager	DEBUG	Provider finished startup: PluginProvider
1557999284948	addons.manager	DEBUG	Completed startup sequence
1557999286233	addons.xpi-utils	DEBUG	Starting async load of XPI database C:\Users\NTVNSV31\AppData\Local\Temp\anonymous5629811563834174672webdriver-profile\extensions.json
1557999286276	addons.xpi	DEBUG	Ignoring file: name is not a valid add-on ID: C:\Users\NTVNSV31\AppData\Local\Temp\anonymous5629811563834174672webdriver-profile\extensions\webdriver-staging
1557999286278	addons.xpi	DEBUG	Existing add-on formautofill@mozilla.org in app-system-defaults
1557999286278	addons.xpi	DEBUG	Existing add-on screenshots@mozilla.org in app-system-defaults
1557999286278	addons.xpi	DEBUG	Existing add-on webcompat-reporter@mozilla.org in app-system-defaults
1557999286278	addons.xpi	DEBUG	Existing add-on webcompat@mozilla.org in app-system-defaults
1557999286279	addons.xpi	DEBUG	scanForChanges changed: false, state: {}
1557999286441	addons.xpi-utils	DEBUG	Finished async read of XPI database, parsing...
*** Blocklist::_loadFileInternal: blocklist is disabled
1557999286632	addons.xpi-utils	DEBUG	Successfully read XPI database
1557999287179	addons.manager	DEBUG	Registering upgrade listener for formautofill@mozilla.org
1557999292683	addons.xpi	DEBUG	Calling bootstrap method shutdown on webcompat@mozilla.org version 3.0.2
1557999292687	addons.xpi	DEBUG	Calling bootstrap method shutdown on screenshots@mozilla.org version 35.0.0
1557999292689	addons.xpi	DEBUG	Calling bootstrap method shutdown on formautofill@mozilla.org version 1.0
[Child 25320, Chrome_ChildThread] WARNING: pipe error: 109: file z:/build/build/src/ipc/chromium/src/chrome/common/ipc_channel_win.cc, line 332
[Child 25320, Chrome_ChildThread] [Child 53344, Chrome_ChildThread] WARNING: pipe error: 109: file z:/build/build/src/ipc/chromium/src/chrome/common/ipc_channel_win.cc, line 332
[Child 53344, Chrome_ChildThread] WARNING: pipe error: 109: file z:/build/build/src/ipc/chromium/src/chrome/common/ipc_channel_win.cc, line 332
[Parent 38820, Gecko_IOThread] WARNING: pipe error: 109: file z:/build/build/src/ipc/chromium/src/chrome/common/ipc_channel_win.cc, line 332
1557999292812	addons.manager	DEBUG	shutdown
1557999292816	addons.manager	DEBUG	Calling shutdown blocker for XPIProvider
1557999292816	addons.xpi	DEBUG	shutdown
1557999292827	addons.xpi-utils	DEBUG	shutdown
1557999292827	addons.manager	DEBUG	Calling shutdown blocker for LightweightThemeManager
1557999292827	addons.manager	DEBUG	Calling shutdown blocker for GMPProvider
1557999292827	addons.manager	DEBUG	Calling shutdown blocker for PluginProvider
1557999292833	addons.manager	DEBUG	Async provider shutdown done
[GP
###!!! [Child][RunMessage] Error: Channel closing: too late to send/recv, messages will be lost

U 52240, Chrome_ChildThread] WARNING: pipe error: 109: file z:/build/build/src/ipc/chromium/src/chrome/common/ipc_channel_win.cc, line 332

###!!! [Child][MessageChannel::SendAndWait] Error: Channel error: cannot send/recv


Build info: version: &apos;2.39.0&apos;, revision: &apos;14fa800511cc5d66d426e08b0b2ab926c7ed7398&apos;, time: &apos;2013-12-16 13:18:38&apos;
System info: host: &apos;NTISHTCD31&apos;, ip: &apos;10.180.20.34&apos;, os.name: &apos;Windows 10&apos;, os.arch: &apos;amd64&apos;, os.version: &apos;10.0&apos;, java.version: &apos;1.8.0_201&apos;
Driver info: driver.version: FirefoxDriver
	at org.openqa.selenium.firefox.internal.NewProfileExtensionConnection.start(NewProfileExtensionConnection.java:130)
	at org.openqa.selenium.firefox.FirefoxDriver.startClient(FirefoxDriver.java:250)
	at org.openqa.selenium.remote.RemoteWebDriver.&lt;init&gt;(RemoteWebDriver.java:110)
	at org.openqa.selenium.firefox.FirefoxDriver.&lt;init&gt;(FirefoxDriver.java:195)
	at org.openqa.selenium.firefox.FirefoxDriver.&lt;init&gt;(FirefoxDriver.java:190)
	at org.openqa.selenium.firefox.FirefoxDriver.&lt;init&gt;(FirefoxDriver.java:186)
	at org.openqa.selenium.firefox.FirefoxDriver.&lt;init&gt;(FirefoxDriver.java:99)
	at com.mkyong.testng.examples.loadtest.TestMultipleThreads.loadTest(TestMultipleThreads.java:41)
	at sun.reflect.NativeMethodAccessorImpl.invoke0(Native Method)
	at sun.reflect.NativeMethodAccessorImpl.invoke(NativeMethodAccessorImpl.java:62)
	at sun.reflect.DelegatingMethodAccessorImpl.invoke(DelegatingMethodAccessorImpl.java:43)
	at java.lang.reflect.Method.invoke(Method.java:498)
	at org.testng.internal.MethodInvocationHelper.invokeMethod(MethodInvocationHelper.java:84)
	at org.testng.internal.Invoker.invokeMethod(Invoker.java:714)
	at org.testng.internal.Invoker.invokeTestMethod(Invoker.java:901)
	at org.testng.internal.Invoker.invokeTestMethods(Invoker.java:1231)
	at org.testng.internal.TestMethodWorker.invokeTestMethods(TestMethodWorker.java:127)
	at org.testng.internal.TestMethodWorker.run(TestMethodWorker.java:111)
	at org.testng.internal.thread.ThreadUtil$2.call(ThreadUtil.java:64)
	at java.util.concurrent.FutureTask.run(FutureTask.java:266)
	at java.util.concurrent.ThreadPoolExecutor.runWorker(ThreadPoolExecutor.java:1149)
	at java.util.concurrent.ThreadPoolExecutor$Worker.run(ThreadPoolExecutor.java:624)
	at java.lang.Thread.run(Thread.java:748)
Caused by: org.openqa.selenium.firefox.NotConnectedException: Unable to connect to host 127.0.0.1 on port 7055 after 45000 ms. Firefox console output:
on 35.0.0
1557999284927	addons.xpi	DEBUG	Loading bootstrap scope from C:\Program Files\Mozilla Firefox\browser\features\webcompat@mozilla.org.xpi
1557999284927	addons.xpi	DEBUG	Calling bootstrap method startup on webcompat@mozilla.org version 3.0.2
1557999284929	addons.manager	DEBUG	Registering shutdown blocker for XPIProvider
1557999284929	addons.manager	DEBUG	Provider finished startup: XPIProvider
1557999284929	addons.manager	DEBUG	Starting provider: LightweightThemeManager
1557999284929	addons.manager	DEBUG	Registering shutdown blocker for LightweightThemeManager
1557999284929	addons.manager	DEBUG	Provider finished startup: LightweightThemeManager
1557999284930	addons.manager	DEBUG	Starting provider: GMPProvider
1557999284939	addons.manager	DEBUG	Registering shutdown blocker for GMPProvider
1557999284939	addons.manager	DEBUG	Provider finished startup: GMPProvider
1557999284939	addons.manager	DEBUG	Starting provider: PluginProvider
1557999284939	addons.manager	DEBUG	Registering shutdown blocker for PluginProvider
1557999284939	addons.manager	DEBUG	Provider finished startup: PluginProvider
1557999284948	addons.manager	DEBUG	Completed startup sequence
1557999286233	addons.xpi-utils	DEBUG	Starting async load of XPI database C:\Users\NTVNSV31\AppData\Local\Temp\anonymous5629811563834174672webdriver-profile\extensions.json
1557999286276	addons.xpi	DEBUG	Ignoring file: name is not a valid add-on ID: C:\Users\NTVNSV31\AppData\Local\Temp\anonymous5629811563834174672webdriver-profile\extensions\webdriver-staging
1557999286278	addons.xpi	DEBUG	Existing add-on formautofill@mozilla.org in app-system-defaults
1557999286278	addons.xpi	DEBUG	Existing add-on screenshots@mozilla.org in app-system-defaults
1557999286278	addons.xpi	DEBUG	Existing add-on webcompat-reporter@mozilla.org in app-system-defaults
1557999286278	addons.xpi	DEBUG	Existing add-on webcompat@mozilla.org in app-system-defaults
1557999286279	addons.xpi	DEBUG	scanForChanges changed: false, state: {}
1557999286441	addons.xpi-utils	DEBUG	Finished async read of XPI database, parsing...
*** Blocklist::_loadFileInternal: blocklist is disabled
1557999286632	addons.xpi-utils	DEBUG	Successfully read XPI database
1557999287179	addons.manager	DEBUG	Registering upgrade listener for formautofill@mozilla.org
1557999292683	addons.xpi	DEBUG	Calling bootstrap method shutdown on webcompat@mozilla.org version 3.0.2
1557999292687	addons.xpi	DEBUG	Calling bootstrap method shutdown on screenshots@mozilla.org version 35.0.0
1557999292689	addons.xpi	DEBUG	Calling bootstrap method shutdown on formautofill@mozilla.org version 1.0
[Child 25320, Chrome_ChildThread] WARNING: pipe error: 109: file z:/build/build/src/ipc/chromium/src/chrome/common/ipc_channel_win.cc, line 332
[Child 25320, Chrome_ChildThread] [Child 53344, Chrome_ChildThread] WARNING: pipe error: 109: file z:/build/build/src/ipc/chromium/src/chrome/common/ipc_channel_win.cc, line 332
[Child 53344, Chrome_ChildThread] WARNING: pipe error: 109: file z:/build/build/src/ipc/chromium/src/chrome/common/ipc_channel_win.cc, line 332
[Parent 38820, Gecko_IOThread] WARNING: pipe error: 109: file z:/build/build/src/ipc/chromium/src/chrome/common/ipc_channel_win.cc, line 332
1557999292812	addons.manager	DEBUG	shutdown
1557999292816	addons.manager	DEBUG	Calling shutdown blocker for XPIProvider
1557999292816	addons.xpi	DEBUG	shutdown
1557999292827	addons.xpi-utils	DEBUG	shutdown
1557999292827	addons.manager	DEBUG	Calling shutdown blocker for LightweightThemeManager
1557999292827	addons.manager	DEBUG	Calling shutdown blocker for GMPProvider
1557999292827	addons.manager	DEBUG	Calling shutdown blocker for PluginProvider
1557999292833	addons.manager	DEBUG	Async provider shutdown done
[GP
###!!! [Child][RunMessage] Error: Channel closing: too late to send/recv, messages will be lost

U 52240, Chrome_ChildThread] WARNING: pipe error: 109: file z:/build/build/src/ipc/chromium/src/chrome/common/ipc_channel_win.cc, line 332

###!!! [Child][MessageChannel::SendAndWait] Error: Channel error: cannot send/recv


	at org.openqa.selenium.firefox.internal.NewProfileExtensionConnection.start(NewProfileExtensionConnection.java:118)
	... 22 more
</pre></div></td>
<td>49</td>
<td>com.mkyong.testng.examples.loadtest.TestMultipleThreads@5315b42e</td></tr>
<tr>
<td title='com.mkyong.testng.examples.loadtest.TestMultipleThreads.loadTest()'><b>loadTest</b><br>Test class: com.mkyong.testng.examples.loadtest.TestMultipleThreads</td>
<td><div><pre>org.openqa.selenium.WebDriverException: Unable to bind to locking port 7054 within 45000 ms
Build info: version: &apos;2.39.0&apos;, revision: &apos;14fa800511cc5d66d426e08b0b2ab926c7ed7398&apos;, time: &apos;2013-12-16 13:18:38&apos;
System info: host: &apos;NTISHTCD31&apos;, ip: &apos;10.180.20.34&apos;, os.name: &apos;Windows 10&apos;, os.arch: &apos;amd64&apos;, os.version: &apos;10.0&apos;, java.version: &apos;1.8.0_201&apos;
Driver info: driver.version: FirefoxDriver
	at org.openqa.selenium.internal.SocketLock.lock(SocketLock.java:98)
	at org.openqa.selenium.firefox.internal.NewProfileExtensionConnection.start(NewProfileExtensionConnection.java:84)
	at org.openqa.selenium.firefox.FirefoxDriver.startClient(FirefoxDriver.java:250)
	at org.openqa.selenium.remote.RemoteWebDriver.&lt;init&gt;(RemoteWebDriver.java:110)
	at org.openqa.selenium.firefox.FirefoxDriver.&lt;init&gt;(FirefoxDriver.java:195)
	at org.openqa.selenium.firefox.FirefoxDriver.&lt;init&gt;(FirefoxDriver.java:190)
	at org.openqa.selenium.firefox.FirefoxDriver.&lt;init&gt;(FirefoxDriver.java:186)
	at org.openqa.selenium.firefox.FirefoxDriver.&lt;init&gt;(FirefoxDriver.java:99)
	at com.mkyong.testng.examples.loadtest.TestMultipleThreads.loadTest(TestMultipleThreads.java:41)
	at java.util.concurrent.FutureTask.run(FutureTask.java:266)
	at java.util.concurrent.ThreadPoolExecutor.runWorker(ThreadPoolExecutor.java:1149)
	at java.util.concurrent.ThreadPoolExecutor$Worker.run(ThreadPoolExecutor.java:624)
	at java.lang.Thread.run(Thread.java:748)
... Removed 11 stack frames</pre></div><a href='#' onClick='toggleBox("stack-trace68590564", this, "Click to show all stack frames", "Click to hide stack frames")'>Click to show all stack frames</a>
<div class='stack-trace' id='stack-trace68590564'><pre>org.openqa.selenium.WebDriverException: Unable to bind to locking port 7054 within 45000 ms
Build info: version: &apos;2.39.0&apos;, revision: &apos;14fa800511cc5d66d426e08b0b2ab926c7ed7398&apos;, time: &apos;2013-12-16 13:18:38&apos;
System info: host: &apos;NTISHTCD31&apos;, ip: &apos;10.180.20.34&apos;, os.name: &apos;Windows 10&apos;, os.arch: &apos;amd64&apos;, os.version: &apos;10.0&apos;, java.version: &apos;1.8.0_201&apos;
Driver info: driver.version: FirefoxDriver
	at org.openqa.selenium.internal.SocketLock.lock(SocketLock.java:98)
	at org.openqa.selenium.firefox.internal.NewProfileExtensionConnection.start(NewProfileExtensionConnection.java:84)
	at org.openqa.selenium.firefox.FirefoxDriver.startClient(FirefoxDriver.java:250)
	at org.openqa.selenium.remote.RemoteWebDriver.&lt;init&gt;(RemoteWebDriver.java:110)
	at org.openqa.selenium.firefox.FirefoxDriver.&lt;init&gt;(FirefoxDriver.java:195)
	at org.openqa.selenium.firefox.FirefoxDriver.&lt;init&gt;(FirefoxDriver.java:190)
	at org.openqa.selenium.firefox.FirefoxDriver.&lt;init&gt;(FirefoxDriver.java:186)
	at org.openqa.selenium.firefox.FirefoxDriver.&lt;init&gt;(FirefoxDriver.java:99)
	at com.mkyong.testng.examples.loadtest.TestMultipleThreads.loadTest(TestMultipleThreads.java:41)
	at sun.reflect.NativeMethodAccessorImpl.invoke0(Native Method)
	at sun.reflect.NativeMethodAccessorImpl.invoke(NativeMethodAccessorImpl.java:62)
	at sun.reflect.DelegatingMethodAccessorImpl.invoke(DelegatingMethodAccessorImpl.java:43)
	at java.lang.reflect.Method.invoke(Method.java:498)
	at org.testng.internal.MethodInvocationHelper.invokeMethod(MethodInvocationHelper.java:84)
	at org.testng.internal.Invoker.invokeMethod(Invoker.java:714)
	at org.testng.internal.Invoker.invokeTestMethod(Invoker.java:901)
	at org.testng.internal.Invoker.invokeTestMethods(Invoker.java:1231)
	at org.testng.internal.TestMethodWorker.invokeTestMethods(TestMethodWorker.java:127)
	at org.testng.internal.TestMethodWorker.run(TestMethodWorker.java:111)
	at org.testng.internal.thread.ThreadUtil$2.call(ThreadUtil.java:64)
	at java.util.concurrent.FutureTask.run(FutureTask.java:266)
	at java.util.concurrent.ThreadPoolExecutor.runWorker(ThreadPoolExecutor.java:1149)
	at java.util.concurrent.ThreadPoolExecutor$Worker.run(ThreadPoolExecutor.java:624)
	at java.lang.Thread.run(Thread.java:748)
</pre></div></td>
<td>94</td>
<td>com.mkyong.testng.examples.loadtest.TestMultipleThreads@5315b42e</td></tr>
<tr>
<td title='com.mkyong.testng.examples.loadtest.TestMultipleThreads.loadTest()'><b>loadTest</b><br>Test class: com.mkyong.testng.examples.loadtest.TestMultipleThreads</td>
<td><div><pre>org.openqa.selenium.WebDriverException: Failed to connect to binary FirefoxBinary(C:\Program Files\Mozilla Firefox\firefox.exe) on port 7055; process output follows: 
pi	DEBUG	Calling bootstrap method startup on webcompat@mozilla.org version 3.0.2
1557999333504	addons.manager	DEBUG	Registering shutdown blocker for XPIProvider
1557999333504	addons.manager	DEBUG	Provider finished startup: XPIProvider
1557999333504	addons.manager	DEBUG	Starting provider: LightweightThemeManager
1557999333504	addons.manager	DEBUG	Registering shutdown blocker for LightweightThemeManager
1557999333504	addons.manager	DEBUG	Provider finished startup: LightweightThemeManager
1557999333505	addons.manager	DEBUG	Starting provider: GMPProvider
1557999333512	addons.manager	DEBUG	Registering shutdown blocker for GMPProvider
1557999333512	addons.manager	DEBUG	Provider finished startup: GMPProvider
1557999333512	addons.manager	DEBUG	Starting provider: PluginProvider
1557999333512	addons.manager	DEBUG	Registering shutdown blocker for PluginProvider
1557999333512	addons.manager	DEBUG	Provider finished startup: PluginProvider
1557999333521	addons.manager	DEBUG	Completed startup sequence
1557999334762	addons.xpi-utils	DEBUG	Starting async load of XPI database C:\Users\NTVNSV31\AppData\Local\Temp\anonymous6525895105082050691webdriver-profile\extensions.json
1557999334797	addons.xpi	DEBUG	Ignoring file: name is not a valid add-on ID: C:\Users\NTVNSV31\AppData\Local\Temp\anonymous6525895105082050691webdriver-profile\extensions\webdriver-staging
1557999334798	addons.xpi	DEBUG	Existing add-on formautofill@mozilla.org in app-system-defaults
1557999334798	addons.xpi	DEBUG	Existing add-on screenshots@mozilla.org in app-system-defaults
1557999334799	addons.xpi	DEBUG	Existing add-on webcompat-reporter@mozilla.org in app-system-defaults
1557999334799	addons.xpi	DEBUG	Existing add-on webcompat@mozilla.org in app-system-defaults
1557999334800	addons.xpi	DEBUG	scanForChanges changed: false, state: {}
1557999334886	addons.xpi-utils	DEBUG	Finished async read of XPI database, parsing...
*** Blocklist::_loadFileInternal: blocklist is disabled
1557999335184	addons.xpi-utils	DEBUG	Successfully read XPI database
1557999335688	addons.manager	DEBUG	Registering upgrade listener for formautofill@mozilla.org
1557999336589	addons.xpi	DEBUG	Calling bootstrap method shutdown on webcompat@mozilla.org version 3.0.2
1557999336593	addons.xpi	DEBUG	Calling bootstrap method shutdown on screenshots@mozilla.org version 35.0.0
1557999336596	addons.xpi	DEBUG	Calling bootstrap method shutdown on formautofill@mozilla.org version 1.0
[Parent 33408, Gecko_IOThread] WARNING: pipe error: 109: file z:/build/build/src/ipc/chromium/src/chrome/common/ipc_channel_win.cc, line 332
[Child 43320, Chrome_ChildThread] WARNING: pipe error: 109: file z:/build/build/src/ipc/chromium/src/chrome/common/ipc_channel_win.cc, line 332
[Child 43320, Chrome_ChildThread] WA[Child 42548, Chrome_ChildThread] WARNING: pipe error: 109: file z:/build/build/src/ipc/chromium/src/chrome/common/ipc_channel_win.cc, line 332
[Child 42548, Chrome_Ch[Child 38324, Chrome_ChildThread] WARNING: pipe error: 109: file z:/build/build/src/ipc/chromium/src/chrome/common/ipc_channel_win.cc, line 332
[Child 43744, Chrome_ChildThread] WARNING: pipe error: 109: file z:/build/build/src/ipc/chromium/src/chrome/common/ipc_channel_win.cc, line 332
1557999336758	addons.manager	DEBUG	shutdown
1557999336766	addons.manager	DEBUG	Calling shutdown blocker for XPIProvider
1557999336766	addons.xpi	DEBUG	shutdown
1557999336776	addons.xpi-utils	DEBUG	shutdown
1557999336777	addons.manager	DEBUG	Calling shutdown blocker for LightweightThemeManager
1557999336777	addons.manager	DEBUG	Calling shutdown blocker for GMPProvider
1557999336777	addons.manager	DEBUG	Calling shutdown blocker for PluginProvider
1557999336793	addons.manager	DEBUG	Async provider shutdown done
[GPU 53072
###!!! [Child][RunMessage] Error: Channel closing: too late to send/recv, messages will be lost

, Chrome_ChildThread] WARNING: pipe error: 109: file z:/build/build/src/ipc/chromium/src/chrome/common/ipc_channel_win.cc, line 332

###!!! [Child][MessageChannel::SendAndWait] Error: Channel error: cannot send/recv


Build info: version: &apos;2.39.0&apos;, revision: &apos;14fa800511cc5d66d426e08b0b2ab926c7ed7398&apos;, time: &apos;2013-12-16 13:18:38&apos;
System info: host: &apos;NTISHTCD31&apos;, ip: &apos;10.180.20.34&apos;, os.name: &apos;Windows 10&apos;, os.arch: &apos;amd64&apos;, os.version: &apos;10.0&apos;, java.version: &apos;1.8.0_201&apos;
Driver info: driver.version: FirefoxDriver
	at org.openqa.selenium.firefox.internal.NewProfileExtensionConnection.start(NewProfileExtensionConnection.java:130)
	at org.openqa.selenium.firefox.FirefoxDriver.startClient(FirefoxDriver.java:250)
	at org.openqa.selenium.remote.RemoteWebDriver.&lt;init&gt;(RemoteWebDriver.java:110)
	at org.openqa.selenium.firefox.FirefoxDriver.&lt;init&gt;(FirefoxDriver.java:195)
	at org.openqa.selenium.firefox.FirefoxDriver.&lt;init&gt;(FirefoxDriver.java:190)
	at org.openqa.selenium.firefox.FirefoxDriver.&lt;init&gt;(FirefoxDriver.java:186)
	at org.openqa.selenium.firefox.FirefoxDriver.&lt;init&gt;(FirefoxDriver.java:99)
	at com.mkyong.testng.examples.loadtest.TestMultipleThreads.loadTest(TestMultipleThreads.java:41)
	at java.util.concurrent.FutureTask.run(FutureTask.java:266)
	at java.util.concurrent.ThreadPoolExecutor.runWorker(ThreadPoolExecutor.java:1149)
	at java.util.concurrent.ThreadPoolExecutor$Worker.run(ThreadPoolExecutor.java:624)
	at java.lang.Thread.run(Thread.java:748)
Caused by: org.openqa.selenium.firefox.NotConnectedException: Unable to connect to host 127.0.0.1 on port 7055 after 45000 ms. Firefox console output:
pi	DEBUG	Calling bootstrap method startup on webcompat@mozilla.org version 3.0.2
1557999333504	addons.manager	DEBUG	Registering shutdown blocker for XPIProvider
1557999333504	addons.manager	DEBUG	Provider finished startup: XPIProvider
1557999333504	addons.manager	DEBUG	Starting provider: LightweightThemeManager
1557999333504	addons.manager	DEBUG	Registering shutdown blocker for LightweightThemeManager
1557999333504	addons.manager	DEBUG	Provider finished startup: LightweightThemeManager
1557999333505	addons.manager	DEBUG	Starting provider: GMPProvider
1557999333512	addons.manager	DEBUG	Registering shutdown blocker for GMPProvider
1557999333512	addons.manager	DEBUG	Provider finished startup: GMPProvider
1557999333512	addons.manager	DEBUG	Starting provider: PluginProvider
1557999333512	addons.manager	DEBUG	Registering shutdown blocker for PluginProvider
1557999333512	addons.manager	DEBUG	Provider finished startup: PluginProvider
1557999333521	addons.manager	DEBUG	Completed startup sequence
1557999334762	addons.xpi-utils	DEBUG	Starting async load of XPI database C:\Users\NTVNSV31\AppData\Local\Temp\anonymous6525895105082050691webdriver-profile\extensions.json
1557999334797	addons.xpi	DEBUG	Ignoring file: name is not a valid add-on ID: C:\Users\NTVNSV31\AppData\Local\Temp\anonymous6525895105082050691webdriver-profile\extensions\webdriver-staging
1557999334798	addons.xpi	DEBUG	Existing add-on formautofill@mozilla.org in app-system-defaults
1557999334798	addons.xpi	DEBUG	Existing add-on screenshots@mozilla.org in app-system-defaults
1557999334799	addons.xpi	DEBUG	Existing add-on webcompat-reporter@mozilla.org in app-system-defaults
1557999334799	addons.xpi	DEBUG	Existing add-on webcompat@mozilla.org in app-system-defaults
1557999334800	addons.xpi	DEBUG	scanForChanges changed: false, state: {}
1557999334886	addons.xpi-utils	DEBUG	Finished async read of XPI database, parsing...
*** Blocklist::_loadFileInternal: blocklist is disabled
1557999335184	addons.xpi-utils	DEBUG	Successfully read XPI database
1557999335688	addons.manager	DEBUG	Registering upgrade listener for formautofill@mozilla.org
1557999336589	addons.xpi	DEBUG	Calling bootstrap method shutdown on webcompat@mozilla.org version 3.0.2
1557999336593	addons.xpi	DEBUG	Calling bootstrap method shutdown on screenshots@mozilla.org version 35.0.0
1557999336596	addons.xpi	DEBUG	Calling bootstrap method shutdown on formautofill@mozilla.org version 1.0
[Parent 33408, Gecko_IOThread] WARNING: pipe error: 109: file z:/build/build/src/ipc/chromium/src/chrome/common/ipc_channel_win.cc, line 332
[Child 43320, Chrome_ChildThread] WARNING: pipe error: 109: file z:/build/build/src/ipc/chromium/src/chrome/common/ipc_channel_win.cc, line 332
[Child 43320, Chrome_ChildThread] WA[Child 42548, Chrome_ChildThread] WARNING: pipe error: 109: file z:/build/build/src/ipc/chromium/src/chrome/common/ipc_channel_win.cc, line 332
[Child 42548, Chrome_Ch[Child 38324, Chrome_ChildThread] WARNING: pipe error: 109: file z:/build/build/src/ipc/chromium/src/chrome/common/ipc_channel_win.cc, line 332
[Child 43744, Chrome_ChildThread] WARNING: pipe error: 109: file z:/build/build/src/ipc/chromium/src/chrome/common/ipc_channel_win.cc, line 332
1557999336758	addons.manager	DEBUG	shutdown
1557999336766	addons.manager	DEBUG	Calling shutdown blocker for XPIProvider
1557999336766	addons.xpi	DEBUG	shutdown
1557999336776	addons.xpi-utils	DEBUG	shutdown
1557999336777	addons.manager	DEBUG	Calling shutdown blocker for LightweightThemeManager
1557999336777	addons.manager	DEBUG	Calling shutdown blocker for GMPProvider
1557999336777	addons.manager	DEBUG	Calling shutdown blocker for PluginProvider
1557999336793	addons.manager	DEBUG	Async provider shutdown done
[GPU 53072
###!!! [Child][RunMessage] Error: Channel closing: too late to send/recv, messages will be lost

, Chrome_ChildThread] WARNING: pipe error: 109: file z:/build/build/src/ipc/chromium/src/chrome/common/ipc_channel_win.cc, line 332

###!!! [Child][MessageChannel::SendAndWait] Error: Channel error: cannot send/recv


	at org.openqa.selenium.firefox.internal.NewProfileExtensionConnection.start(NewProfileExtensionConnection.java:118)
	... 22 more
... Removed 11 stack frames</pre></div><a href='#' onClick='toggleBox("stack-trace650411088", this, "Click to show all stack frames", "Click to hide stack frames")'>Click to show all stack frames</a>
<div class='stack-trace' id='stack-trace650411088'><pre>org.openqa.selenium.WebDriverException: Failed to connect to binary FirefoxBinary(C:\Program Files\Mozilla Firefox\firefox.exe) on port 7055; process output follows: 
pi	DEBUG	Calling bootstrap method startup on webcompat@mozilla.org version 3.0.2
1557999333504	addons.manager	DEBUG	Registering shutdown blocker for XPIProvider
1557999333504	addons.manager	DEBUG	Provider finished startup: XPIProvider
1557999333504	addons.manager	DEBUG	Starting provider: LightweightThemeManager
1557999333504	addons.manager	DEBUG	Registering shutdown blocker for LightweightThemeManager
1557999333504	addons.manager	DEBUG	Provider finished startup: LightweightThemeManager
1557999333505	addons.manager	DEBUG	Starting provider: GMPProvider
1557999333512	addons.manager	DEBUG	Registering shutdown blocker for GMPProvider
1557999333512	addons.manager	DEBUG	Provider finished startup: GMPProvider
1557999333512	addons.manager	DEBUG	Starting provider: PluginProvider
1557999333512	addons.manager	DEBUG	Registering shutdown blocker for PluginProvider
1557999333512	addons.manager	DEBUG	Provider finished startup: PluginProvider
1557999333521	addons.manager	DEBUG	Completed startup sequence
1557999334762	addons.xpi-utils	DEBUG	Starting async load of XPI database C:\Users\NTVNSV31\AppData\Local\Temp\anonymous6525895105082050691webdriver-profile\extensions.json
1557999334797	addons.xpi	DEBUG	Ignoring file: name is not a valid add-on ID: C:\Users\NTVNSV31\AppData\Local\Temp\anonymous6525895105082050691webdriver-profile\extensions\webdriver-staging
1557999334798	addons.xpi	DEBUG	Existing add-on formautofill@mozilla.org in app-system-defaults
1557999334798	addons.xpi	DEBUG	Existing add-on screenshots@mozilla.org in app-system-defaults
1557999334799	addons.xpi	DEBUG	Existing add-on webcompat-reporter@mozilla.org in app-system-defaults
1557999334799	addons.xpi	DEBUG	Existing add-on webcompat@mozilla.org in app-system-defaults
1557999334800	addons.xpi	DEBUG	scanForChanges changed: false, state: {}
1557999334886	addons.xpi-utils	DEBUG	Finished async read of XPI database, parsing...
*** Blocklist::_loadFileInternal: blocklist is disabled
1557999335184	addons.xpi-utils	DEBUG	Successfully read XPI database
1557999335688	addons.manager	DEBUG	Registering upgrade listener for formautofill@mozilla.org
1557999336589	addons.xpi	DEBUG	Calling bootstrap method shutdown on webcompat@mozilla.org version 3.0.2
1557999336593	addons.xpi	DEBUG	Calling bootstrap method shutdown on screenshots@mozilla.org version 35.0.0
1557999336596	addons.xpi	DEBUG	Calling bootstrap method shutdown on formautofill@mozilla.org version 1.0
[Parent 33408, Gecko_IOThread] WARNING: pipe error: 109: file z:/build/build/src/ipc/chromium/src/chrome/common/ipc_channel_win.cc, line 332
[Child 43320, Chrome_ChildThread] WARNING: pipe error: 109: file z:/build/build/src/ipc/chromium/src/chrome/common/ipc_channel_win.cc, line 332
[Child 43320, Chrome_ChildThread] WA[Child 42548, Chrome_ChildThread] WARNING: pipe error: 109: file z:/build/build/src/ipc/chromium/src/chrome/common/ipc_channel_win.cc, line 332
[Child 42548, Chrome_Ch[Child 38324, Chrome_ChildThread] WARNING: pipe error: 109: file z:/build/build/src/ipc/chromium/src/chrome/common/ipc_channel_win.cc, line 332
[Child 43744, Chrome_ChildThread] WARNING: pipe error: 109: file z:/build/build/src/ipc/chromium/src/chrome/common/ipc_channel_win.cc, line 332
1557999336758	addons.manager	DEBUG	shutdown
1557999336766	addons.manager	DEBUG	Calling shutdown blocker for XPIProvider
1557999336766	addons.xpi	DEBUG	shutdown
1557999336776	addons.xpi-utils	DEBUG	shutdown
1557999336777	addons.manager	DEBUG	Calling shutdown blocker for LightweightThemeManager
1557999336777	addons.manager	DEBUG	Calling shutdown blocker for GMPProvider
1557999336777	addons.manager	DEBUG	Calling shutdown blocker for PluginProvider
1557999336793	addons.manager	DEBUG	Async provider shutdown done
[GPU 53072
###!!! [Child][RunMessage] Error: Channel closing: too late to send/recv, messages will be lost

, Chrome_ChildThread] WARNING: pipe error: 109: file z:/build/build/src/ipc/chromium/src/chrome/common/ipc_channel_win.cc, line 332

###!!! [Child][MessageChannel::SendAndWait] Error: Channel error: cannot send/recv


Build info: version: &apos;2.39.0&apos;, revision: &apos;14fa800511cc5d66d426e08b0b2ab926c7ed7398&apos;, time: &apos;2013-12-16 13:18:38&apos;
System info: host: &apos;NTISHTCD31&apos;, ip: &apos;10.180.20.34&apos;, os.name: &apos;Windows 10&apos;, os.arch: &apos;amd64&apos;, os.version: &apos;10.0&apos;, java.version: &apos;1.8.0_201&apos;
Driver info: driver.version: FirefoxDriver
	at org.openqa.selenium.firefox.internal.NewProfileExtensionConnection.start(NewProfileExtensionConnection.java:130)
	at org.openqa.selenium.firefox.FirefoxDriver.startClient(FirefoxDriver.java:250)
	at org.openqa.selenium.remote.RemoteWebDriver.&lt;init&gt;(RemoteWebDriver.java:110)
	at org.openqa.selenium.firefox.FirefoxDriver.&lt;init&gt;(FirefoxDriver.java:195)
	at org.openqa.selenium.firefox.FirefoxDriver.&lt;init&gt;(FirefoxDriver.java:190)
	at org.openqa.selenium.firefox.FirefoxDriver.&lt;init&gt;(FirefoxDriver.java:186)
	at org.openqa.selenium.firefox.FirefoxDriver.&lt;init&gt;(FirefoxDriver.java:99)
	at com.mkyong.testng.examples.loadtest.TestMultipleThreads.loadTest(TestMultipleThreads.java:41)
	at sun.reflect.NativeMethodAccessorImpl.invoke0(Native Method)
	at sun.reflect.NativeMethodAccessorImpl.invoke(NativeMethodAccessorImpl.java:62)
	at sun.reflect.DelegatingMethodAccessorImpl.invoke(DelegatingMethodAccessorImpl.java:43)
	at java.lang.reflect.Method.invoke(Method.java:498)
	at org.testng.internal.MethodInvocationHelper.invokeMethod(MethodInvocationHelper.java:84)
	at org.testng.internal.Invoker.invokeMethod(Invoker.java:714)
	at org.testng.internal.Invoker.invokeTestMethod(Invoker.java:901)
	at org.testng.internal.Invoker.invokeTestMethods(Invoker.java:1231)
	at org.testng.internal.TestMethodWorker.invokeTestMethods(TestMethodWorker.java:127)
	at org.testng.internal.TestMethodWorker.run(TestMethodWorker.java:111)
	at org.testng.internal.thread.ThreadUtil$2.call(ThreadUtil.java:64)
	at java.util.concurrent.FutureTask.run(FutureTask.java:266)
	at java.util.concurrent.ThreadPoolExecutor.runWorker(ThreadPoolExecutor.java:1149)
	at java.util.concurrent.ThreadPoolExecutor$Worker.run(ThreadPoolExecutor.java:624)
	at java.lang.Thread.run(Thread.java:748)
Caused by: org.openqa.selenium.firefox.NotConnectedException: Unable to connect to host 127.0.0.1 on port 7055 after 45000 ms. Firefox console output:
pi	DEBUG	Calling bootstrap method startup on webcompat@mozilla.org version 3.0.2
1557999333504	addons.manager	DEBUG	Registering shutdown blocker for XPIProvider
1557999333504	addons.manager	DEBUG	Provider finished startup: XPIProvider
1557999333504	addons.manager	DEBUG	Starting provider: LightweightThemeManager
1557999333504	addons.manager	DEBUG	Registering shutdown blocker for LightweightThemeManager
1557999333504	addons.manager	DEBUG	Provider finished startup: LightweightThemeManager
1557999333505	addons.manager	DEBUG	Starting provider: GMPProvider
1557999333512	addons.manager	DEBUG	Registering shutdown blocker for GMPProvider
1557999333512	addons.manager	DEBUG	Provider finished startup: GMPProvider
1557999333512	addons.manager	DEBUG	Starting provider: PluginProvider
1557999333512	addons.manager	DEBUG	Registering shutdown blocker for PluginProvider
1557999333512	addons.manager	DEBUG	Provider finished startup: PluginProvider
1557999333521	addons.manager	DEBUG	Completed startup sequence
1557999334762	addons.xpi-utils	DEBUG	Starting async load of XPI database C:\Users\NTVNSV31\AppData\Local\Temp\anonymous6525895105082050691webdriver-profile\extensions.json
1557999334797	addons.xpi	DEBUG	Ignoring file: name is not a valid add-on ID: C:\Users\NTVNSV31\AppData\Local\Temp\anonymous6525895105082050691webdriver-profile\extensions\webdriver-staging
1557999334798	addons.xpi	DEBUG	Existing add-on formautofill@mozilla.org in app-system-defaults
1557999334798	addons.xpi	DEBUG	Existing add-on screenshots@mozilla.org in app-system-defaults
1557999334799	addons.xpi	DEBUG	Existing add-on webcompat-reporter@mozilla.org in app-system-defaults
1557999334799	addons.xpi	DEBUG	Existing add-on webcompat@mozilla.org in app-system-defaults
1557999334800	addons.xpi	DEBUG	scanForChanges changed: false, state: {}
1557999334886	addons.xpi-utils	DEBUG	Finished async read of XPI database, parsing...
*** Blocklist::_loadFileInternal: blocklist is disabled
1557999335184	addons.xpi-utils	DEBUG	Successfully read XPI database
1557999335688	addons.manager	DEBUG	Registering upgrade listener for formautofill@mozilla.org
1557999336589	addons.xpi	DEBUG	Calling bootstrap method shutdown on webcompat@mozilla.org version 3.0.2
1557999336593	addons.xpi	DEBUG	Calling bootstrap method shutdown on screenshots@mozilla.org version 35.0.0
1557999336596	addons.xpi	DEBUG	Calling bootstrap method shutdown on formautofill@mozilla.org version 1.0
[Parent 33408, Gecko_IOThread] WARNING: pipe error: 109: file z:/build/build/src/ipc/chromium/src/chrome/common/ipc_channel_win.cc, line 332
[Child 43320, Chrome_ChildThread] WARNING: pipe error: 109: file z:/build/build/src/ipc/chromium/src/chrome/common/ipc_channel_win.cc, line 332
[Child 43320, Chrome_ChildThread] WA[Child 42548, Chrome_ChildThread] WARNING: pipe error: 109: file z:/build/build/src/ipc/chromium/src/chrome/common/ipc_channel_win.cc, line 332
[Child 42548, Chrome_Ch[Child 38324, Chrome_ChildThread] WARNING: pipe error: 109: file z:/build/build/src/ipc/chromium/src/chrome/common/ipc_channel_win.cc, line 332
[Child 43744, Chrome_ChildThread] WARNING: pipe error: 109: file z:/build/build/src/ipc/chromium/src/chrome/common/ipc_channel_win.cc, line 332
1557999336758	addons.manager	DEBUG	shutdown
1557999336766	addons.manager	DEBUG	Calling shutdown blocker for XPIProvider
1557999336766	addons.xpi	DEBUG	shutdown
1557999336776	addons.xpi-utils	DEBUG	shutdown
1557999336777	addons.manager	DEBUG	Calling shutdown blocker for LightweightThemeManager
1557999336777	addons.manager	DEBUG	Calling shutdown blocker for GMPProvider
1557999336777	addons.manager	DEBUG	Calling shutdown blocker for PluginProvider
1557999336793	addons.manager	DEBUG	Async provider shutdown done
[GPU 53072
###!!! [Child][RunMessage] Error: Channel closing: too late to send/recv, messages will be lost

, Chrome_ChildThread] WARNING: pipe error: 109: file z:/build/build/src/ipc/chromium/src/chrome/common/ipc_channel_win.cc, line 332

###!!! [Child][MessageChannel::SendAndWait] Error: Channel error: cannot send/recv


	at org.openqa.selenium.firefox.internal.NewProfileExtensionConnection.start(NewProfileExtensionConnection.java:118)
	... 22 more
</pre></div></td>
<td>98</td>
<td>com.mkyong.testng.examples.loadtest.TestMultipleThreads@5315b42e</td></tr>
<tr>
<td title='com.mkyong.testng.examples.loadtest.TestMultipleThreads.loadTest()'><b>loadTest</b><br>Test class: com.mkyong.testng.examples.loadtest.TestMultipleThreads</td>
<td><div><pre>org.openqa.selenium.WebDriverException: Unable to bind to locking port 7054 within 45000 ms
Build info: version: &apos;2.39.0&apos;, revision: &apos;14fa800511cc5d66d426e08b0b2ab926c7ed7398&apos;, time: &apos;2013-12-16 13:18:38&apos;
System info: host: &apos;NTISHTCD31&apos;, ip: &apos;10.180.20.34&apos;, os.name: &apos;Windows 10&apos;, os.arch: &apos;amd64&apos;, os.version: &apos;10.0&apos;, java.version: &apos;1.8.0_201&apos;
Driver info: driver.version: FirefoxDriver
	at org.openqa.selenium.internal.SocketLock.lock(SocketLock.java:98)
	at org.openqa.selenium.firefox.internal.NewProfileExtensionConnection.start(NewProfileExtensionConnection.java:84)
	at org.openqa.selenium.firefox.FirefoxDriver.startClient(FirefoxDriver.java:250)
	at org.openqa.selenium.remote.RemoteWebDriver.&lt;init&gt;(RemoteWebDriver.java:110)
	at org.openqa.selenium.firefox.FirefoxDriver.&lt;init&gt;(FirefoxDriver.java:195)
	at org.openqa.selenium.firefox.FirefoxDriver.&lt;init&gt;(FirefoxDriver.java:190)
	at org.openqa.selenium.firefox.FirefoxDriver.&lt;init&gt;(FirefoxDriver.java:186)
	at org.openqa.selenium.firefox.FirefoxDriver.&lt;init&gt;(FirefoxDriver.java:99)
	at com.mkyong.testng.examples.loadtest.TestMultipleThreads.loadTest(TestMultipleThreads.java:41)
	at java.util.concurrent.FutureTask.run(FutureTask.java:266)
	at java.util.concurrent.ThreadPoolExecutor.runWorker(ThreadPoolExecutor.java:1149)
	at java.util.concurrent.ThreadPoolExecutor$Worker.run(ThreadPoolExecutor.java:624)
	at java.lang.Thread.run(Thread.java:748)
... Removed 11 stack frames</pre></div><a href='#' onClick='toggleBox("stack-trace1416612851", this, "Click to show all stack frames", "Click to hide stack frames")'>Click to show all stack frames</a>
<div class='stack-trace' id='stack-trace1416612851'><pre>org.openqa.selenium.WebDriverException: Unable to bind to locking port 7054 within 45000 ms
Build info: version: &apos;2.39.0&apos;, revision: &apos;14fa800511cc5d66d426e08b0b2ab926c7ed7398&apos;, time: &apos;2013-12-16 13:18:38&apos;
System info: host: &apos;NTISHTCD31&apos;, ip: &apos;10.180.20.34&apos;, os.name: &apos;Windows 10&apos;, os.arch: &apos;amd64&apos;, os.version: &apos;10.0&apos;, java.version: &apos;1.8.0_201&apos;
Driver info: driver.version: FirefoxDriver
	at org.openqa.selenium.internal.SocketLock.lock(SocketLock.java:98)
	at org.openqa.selenium.firefox.internal.NewProfileExtensionConnection.start(NewProfileExtensionConnection.java:84)
	at org.openqa.selenium.firefox.FirefoxDriver.startClient(FirefoxDriver.java:250)
	at org.openqa.selenium.remote.RemoteWebDriver.&lt;init&gt;(RemoteWebDriver.java:110)
	at org.openqa.selenium.firefox.FirefoxDriver.&lt;init&gt;(FirefoxDriver.java:195)
	at org.openqa.selenium.firefox.FirefoxDriver.&lt;init&gt;(FirefoxDriver.java:190)
	at org.openqa.selenium.firefox.FirefoxDriver.&lt;init&gt;(FirefoxDriver.java:186)
	at org.openqa.selenium.firefox.FirefoxDriver.&lt;init&gt;(FirefoxDriver.java:99)
	at com.mkyong.testng.examples.loadtest.TestMultipleThreads.loadTest(TestMultipleThreads.java:41)
	at sun.reflect.NativeMethodAccessorImpl.invoke0(Native Method)
	at sun.reflect.NativeMethodAccessorImpl.invoke(NativeMethodAccessorImpl.java:62)
	at sun.reflect.DelegatingMethodAccessorImpl.invoke(DelegatingMethodAccessorImpl.java:43)
	at java.lang.reflect.Method.invoke(Method.java:498)
	at org.testng.internal.MethodInvocationHelper.invokeMethod(MethodInvocationHelper.java:84)
	at org.testng.internal.Invoker.invokeMethod(Invoker.java:714)
	at org.testng.internal.Invoker.invokeTestMethod(Invoker.java:901)
	at org.testng.internal.Invoker.invokeTestMethods(Invoker.java:1231)
	at org.testng.internal.TestMethodWorker.invokeTestMethods(TestMethodWorker.java:127)
	at org.testng.internal.TestMethodWorker.run(TestMethodWorker.java:111)
	at org.testng.internal.thread.ThreadUtil$2.call(ThreadUtil.java:64)
	at java.util.concurrent.FutureTask.run(FutureTask.java:266)
	at java.util.concurrent.ThreadPoolExecutor.runWorker(ThreadPoolExecutor.java:1149)
	at java.util.concurrent.ThreadPoolExecutor$Worker.run(ThreadPoolExecutor.java:624)
	at java.lang.Thread.run(Thread.java:748)
</pre></div></td>
<td>47</td>
<td>com.mkyong.testng.examples.loadtest.TestMultipleThreads@5315b42e</td></tr>
<tr>
<td title='com.mkyong.testng.examples.loadtest.TestMultipleThreads.loadTest()'><b>loadTest</b><br>Test class: com.mkyong.testng.examples.loadtest.TestMultipleThreads</td>
<td><div><pre>org.openqa.selenium.WebDriverException: Failed to connect to binary FirefoxBinary(C:\Program Files\Mozilla Firefox\firefox.exe) on port 7055; process output follows: 
Local\Temp\anonymous2809287682863133825webdriver-profile\extensions\webdriver-staging
1557999383113	addons.xpi	DEBUG	Existing add-on formautofill@mozilla.org in app-system-defaults
1557999383114	addons.xpi	DEBUG	Existing add-on screenshots@mozilla.org in app-system-defaults
1557999383115	addons.xpi	DEBUG	Existing add-on webcompat-reporter@mozilla.org in app-system-defaults
1557999383115	addons.xpi	DEBUG	Existing add-on webcompat@mozilla.org in app-system-defaults
1557999383117	addons.xpi	DEBUG	scanForChanges changed: false, state: {}
1557999383118	addons.xpi	DEBUG	No changes found
1557999383123	addons.xpi	DEBUG	Loading bootstrap scope from C:\Program Files\Mozilla Firefox\browser\features\formautofill@mozilla.org.xpi
1557999383149	addons.xpi	DEBUG	Calling bootstrap method startup on formautofill@mozilla.org version 1.0
1557999383151	addons.xpi	DEBUG	Loading bootstrap scope from C:\Program Files\Mozilla Firefox\browser\features\screenshots@mozilla.org.xpi
1557999383152	addons.xpi	DEBUG	Calling bootstrap method startup on screenshots@mozilla.org version 35.0.0
1557999383153	addons.xpi	DEBUG	Loading bootstrap scope from C:\Program Files\Mozilla Firefox\browser\features\webcompat@mozilla.org.xpi
1557999383153	addons.xpi	DEBUG	Calling bootstrap method startup on webcompat@mozilla.org version 3.0.2
1557999383155	addons.manager	DEBUG	Registering shutdown blocker for XPIProvider
1557999383155	addons.manager	DEBUG	Provider finished startup: XPIProvider
1557999383155	addons.manager	DEBUG	Starting provider: LightweightThemeManager
1557999383155	addons.manager	DEBUG	Registering shutdown blocker for LightweightThemeManager
1557999383155	addons.manager	DEBUG	Provider finished startup: LightweightThemeManager
1557999383156	addons.manager	DEBUG	Starting provider: GMPProvider
1557999383163	addons.manager	DEBUG	Registering shutdown blocker for GMPProvider
1557999383164	addons.manager	DEBUG	Provider finished startup: GMPProvider
1557999383164	addons.manager	DEBUG	Starting provider: PluginProvider
1557999383164	addons.manager	DEBUG	Registering shutdown blocker for PluginProvider
1557999383164	addons.manager	DEBUG	Provider finished startup: PluginProvider
1557999383172	addons.manager	DEBUG	Completed startup sequence
1557999384465	addons.xpi-utils	DEBUG	Starting async load of XPI database C:\Users\NTVNSV31\AppData\Local\Temp\anonymous2809287682863133825webdriver-profile\extensions.json
1557999384501	addons.xpi	DEBUG	Ignoring file: name is not a valid add-on ID: C:\Users\NTVNSV31\AppData\Local\Temp\anonymous2809287682863133825webdriver-profile\extensions\webdriver-staging
1557999384503	addons.xpi	DEBUG	Existing add-on formautofill@mozilla.org in app-system-defaults
1557999384503	addons.xpi	DEBUG	Existing add-on screenshots@mozilla.org in app-system-defaults
1557999384503	addons.xpi	DEBUG	Existing add-on webcompat-reporter@mozilla.org in app-system-defaults
1557999384503	addons.xpi	DEBUG	Existing add-on webcompat@mozilla.org in app-system-defaults
1557999384504	addons.xpi	DEBUG	scanForChanges changed: false, state: {}
1557999384702	addons.xpi-utils	DEBUG	Finished async read of XPI database, parsing...
*** Blocklist::_loadFileInternal: blocklist is disabled
1557999385024	addons.xpi-utils	DEBUG	Successfully read XPI database
1557999385479	addons.manager	DEBUG	Registering upgrade listener for formautofill@mozilla.org
1557999418168	addons.productaddons	INFO	sending request to: https://aus5.mozilla.org/update/3/GMP/66.0.5/20190507012018/WINNT_x86_64-msvc-x64/en-US/release/Windows_NT%2010.0.0.0.17763.437%20(x64)/default/default/update.xml
1557999418434	addons.productaddons	INFO	Completed downloading document
1557999418765	addons.productaddons	INFO	downloadXHR File download. status=200
1557999418770	addons.productaddons	INFO	Downloaded file will be saved to C:\Users\NTVNSV31\AppData\Local\Temp\tmpaddon-96ec86
1557999419271	addons.productaddons	INFO	downloadXHR File download. status=200
1557999419274	addons.productaddons	INFO	Downloaded file will be saved to C:\Users\NTVNSV31\AppData\Local\Temp\tmpaddon-ee9e5a

Build info: version: &apos;2.39.0&apos;, revision: &apos;14fa800511cc5d66d426e08b0b2ab926c7ed7398&apos;, time: &apos;2013-12-16 13:18:38&apos;
System info: host: &apos;NTISHTCD31&apos;, ip: &apos;10.180.20.34&apos;, os.name: &apos;Windows 10&apos;, os.arch: &apos;amd64&apos;, os.version: &apos;10.0&apos;, java.version: &apos;1.8.0_201&apos;
Driver info: driver.version: FirefoxDriver
	at org.openqa.selenium.firefox.internal.NewProfileExtensionConnection.start(NewProfileExtensionConnection.java:130)
	at org.openqa.selenium.firefox.FirefoxDriver.startClient(FirefoxDriver.java:250)
	at org.openqa.selenium.remote.RemoteWebDriver.&lt;init&gt;(RemoteWebDriver.java:110)
	at org.openqa.selenium.firefox.FirefoxDriver.&lt;init&gt;(FirefoxDriver.java:195)
	at org.openqa.selenium.firefox.FirefoxDriver.&lt;init&gt;(FirefoxDriver.java:190)
	at org.openqa.selenium.firefox.FirefoxDriver.&lt;init&gt;(FirefoxDriver.java:186)
	at org.openqa.selenium.firefox.FirefoxDriver.&lt;init&gt;(FirefoxDriver.java:99)
	at com.mkyong.testng.examples.loadtest.TestMultipleThreads.loadTest(TestMultipleThreads.java:41)
	at java.util.concurrent.FutureTask.run(FutureTask.java:266)
	at java.util.concurrent.ThreadPoolExecutor.runWorker(ThreadPoolExecutor.java:1149)
	at java.util.concurrent.ThreadPoolExecutor$Worker.run(ThreadPoolExecutor.java:624)
	at java.lang.Thread.run(Thread.java:748)
Caused by: org.openqa.selenium.firefox.NotConnectedException: Unable to connect to host 127.0.0.1 on port 7055 after 45000 ms. Firefox console output:
Local\Temp\anonymous2809287682863133825webdriver-profile\extensions\webdriver-staging
1557999383113	addons.xpi	DEBUG	Existing add-on formautofill@mozilla.org in app-system-defaults
1557999383114	addons.xpi	DEBUG	Existing add-on screenshots@mozilla.org in app-system-defaults
1557999383115	addons.xpi	DEBUG	Existing add-on webcompat-reporter@mozilla.org in app-system-defaults
1557999383115	addons.xpi	DEBUG	Existing add-on webcompat@mozilla.org in app-system-defaults
1557999383117	addons.xpi	DEBUG	scanForChanges changed: false, state: {}
1557999383118	addons.xpi	DEBUG	No changes found
1557999383123	addons.xpi	DEBUG	Loading bootstrap scope from C:\Program Files\Mozilla Firefox\browser\features\formautofill@mozilla.org.xpi
1557999383149	addons.xpi	DEBUG	Calling bootstrap method startup on formautofill@mozilla.org version 1.0
1557999383151	addons.xpi	DEBUG	Loading bootstrap scope from C:\Program Files\Mozilla Firefox\browser\features\screenshots@mozilla.org.xpi
1557999383152	addons.xpi	DEBUG	Calling bootstrap method startup on screenshots@mozilla.org version 35.0.0
1557999383153	addons.xpi	DEBUG	Loading bootstrap scope from C:\Program Files\Mozilla Firefox\browser\features\webcompat@mozilla.org.xpi
1557999383153	addons.xpi	DEBUG	Calling bootstrap method startup on webcompat@mozilla.org version 3.0.2
1557999383155	addons.manager	DEBUG	Registering shutdown blocker for XPIProvider
1557999383155	addons.manager	DEBUG	Provider finished startup: XPIProvider
1557999383155	addons.manager	DEBUG	Starting provider: LightweightThemeManager
1557999383155	addons.manager	DEBUG	Registering shutdown blocker for LightweightThemeManager
1557999383155	addons.manager	DEBUG	Provider finished startup: LightweightThemeManager
1557999383156	addons.manager	DEBUG	Starting provider: GMPProvider
1557999383163	addons.manager	DEBUG	Registering shutdown blocker for GMPProvider
1557999383164	addons.manager	DEBUG	Provider finished startup: GMPProvider
1557999383164	addons.manager	DEBUG	Starting provider: PluginProvider
1557999383164	addons.manager	DEBUG	Registering shutdown blocker for PluginProvider
1557999383164	addons.manager	DEBUG	Provider finished startup: PluginProvider
1557999383172	addons.manager	DEBUG	Completed startup sequence
1557999384465	addons.xpi-utils	DEBUG	Starting async load of XPI database C:\Users\NTVNSV31\AppData\Local\Temp\anonymous2809287682863133825webdriver-profile\extensions.json
1557999384501	addons.xpi	DEBUG	Ignoring file: name is not a valid add-on ID: C:\Users\NTVNSV31\AppData\Local\Temp\anonymous2809287682863133825webdriver-profile\extensions\webdriver-staging
1557999384503	addons.xpi	DEBUG	Existing add-on formautofill@mozilla.org in app-system-defaults
1557999384503	addons.xpi	DEBUG	Existing add-on screenshots@mozilla.org in app-system-defaults
1557999384503	addons.xpi	DEBUG	Existing add-on webcompat-reporter@mozilla.org in app-system-defaults
1557999384503	addons.xpi	DEBUG	Existing add-on webcompat@mozilla.org in app-system-defaults
1557999384504	addons.xpi	DEBUG	scanForChanges changed: false, state: {}
1557999384702	addons.xpi-utils	DEBUG	Finished async read of XPI database, parsing...
*** Blocklist::_loadFileInternal: blocklist is disabled
1557999385024	addons.xpi-utils	DEBUG	Successfully read XPI database
1557999385479	addons.manager	DEBUG	Registering upgrade listener for formautofill@mozilla.org
1557999418168	addons.productaddons	INFO	sending request to: https://aus5.mozilla.org/update/3/GMP/66.0.5/20190507012018/WINNT_x86_64-msvc-x64/en-US/release/Windows_NT%2010.0.0.0.17763.437%20(x64)/default/default/update.xml
1557999418434	addons.productaddons	INFO	Completed downloading document
1557999418765	addons.productaddons	INFO	downloadXHR File download. status=200
1557999418770	addons.productaddons	INFO	Downloaded file will be saved to C:\Users\NTVNSV31\AppData\Local\Temp\tmpaddon-96ec86
1557999419271	addons.productaddons	INFO	downloadXHR File download. status=200
1557999419274	addons.productaddons	INFO	Downloaded file will be saved to C:\Users\NTVNSV31\AppData\Local\Temp\tmpaddon-ee9e5a

	at org.openqa.selenium.firefox.internal.NewProfileExtensionConnection.start(NewProfileExtensionConnection.java:118)
	... 22 more
... Removed 11 stack frames</pre></div><a href='#' onClick='toggleBox("stack-trace1107666889", this, "Click to show all stack frames", "Click to hide stack frames")'>Click to show all stack frames</a>
<div class='stack-trace' id='stack-trace1107666889'><pre>org.openqa.selenium.WebDriverException: Failed to connect to binary FirefoxBinary(C:\Program Files\Mozilla Firefox\firefox.exe) on port 7055; process output follows: 
Local\Temp\anonymous2809287682863133825webdriver-profile\extensions\webdriver-staging
1557999383113	addons.xpi	DEBUG	Existing add-on formautofill@mozilla.org in app-system-defaults
1557999383114	addons.xpi	DEBUG	Existing add-on screenshots@mozilla.org in app-system-defaults
1557999383115	addons.xpi	DEBUG	Existing add-on webcompat-reporter@mozilla.org in app-system-defaults
1557999383115	addons.xpi	DEBUG	Existing add-on webcompat@mozilla.org in app-system-defaults
1557999383117	addons.xpi	DEBUG	scanForChanges changed: false, state: {}
1557999383118	addons.xpi	DEBUG	No changes found
1557999383123	addons.xpi	DEBUG	Loading bootstrap scope from C:\Program Files\Mozilla Firefox\browser\features\formautofill@mozilla.org.xpi
1557999383149	addons.xpi	DEBUG	Calling bootstrap method startup on formautofill@mozilla.org version 1.0
1557999383151	addons.xpi	DEBUG	Loading bootstrap scope from C:\Program Files\Mozilla Firefox\browser\features\screenshots@mozilla.org.xpi
1557999383152	addons.xpi	DEBUG	Calling bootstrap method startup on screenshots@mozilla.org version 35.0.0
1557999383153	addons.xpi	DEBUG	Loading bootstrap scope from C:\Program Files\Mozilla Firefox\browser\features\webcompat@mozilla.org.xpi
1557999383153	addons.xpi	DEBUG	Calling bootstrap method startup on webcompat@mozilla.org version 3.0.2
1557999383155	addons.manager	DEBUG	Registering shutdown blocker for XPIProvider
1557999383155	addons.manager	DEBUG	Provider finished startup: XPIProvider
1557999383155	addons.manager	DEBUG	Starting provider: LightweightThemeManager
1557999383155	addons.manager	DEBUG	Registering shutdown blocker for LightweightThemeManager
1557999383155	addons.manager	DEBUG	Provider finished startup: LightweightThemeManager
1557999383156	addons.manager	DEBUG	Starting provider: GMPProvider
1557999383163	addons.manager	DEBUG	Registering shutdown blocker for GMPProvider
1557999383164	addons.manager	DEBUG	Provider finished startup: GMPProvider
1557999383164	addons.manager	DEBUG	Starting provider: PluginProvider
1557999383164	addons.manager	DEBUG	Registering shutdown blocker for PluginProvider
1557999383164	addons.manager	DEBUG	Provider finished startup: PluginProvider
1557999383172	addons.manager	DEBUG	Completed startup sequence
1557999384465	addons.xpi-utils	DEBUG	Starting async load of XPI database C:\Users\NTVNSV31\AppData\Local\Temp\anonymous2809287682863133825webdriver-profile\extensions.json
1557999384501	addons.xpi	DEBUG	Ignoring file: name is not a valid add-on ID: C:\Users\NTVNSV31\AppData\Local\Temp\anonymous2809287682863133825webdriver-profile\extensions\webdriver-staging
1557999384503	addons.xpi	DEBUG	Existing add-on formautofill@mozilla.org in app-system-defaults
1557999384503	addons.xpi	DEBUG	Existing add-on screenshots@mozilla.org in app-system-defaults
1557999384503	addons.xpi	DEBUG	Existing add-on webcompat-reporter@mozilla.org in app-system-defaults
1557999384503	addons.xpi	DEBUG	Existing add-on webcompat@mozilla.org in app-system-defaults
1557999384504	addons.xpi	DEBUG	scanForChanges changed: false, state: {}
1557999384702	addons.xpi-utils	DEBUG	Finished async read of XPI database, parsing...
*** Blocklist::_loadFileInternal: blocklist is disabled
1557999385024	addons.xpi-utils	DEBUG	Successfully read XPI database
1557999385479	addons.manager	DEBUG	Registering upgrade listener for formautofill@mozilla.org
1557999418168	addons.productaddons	INFO	sending request to: https://aus5.mozilla.org/update/3/GMP/66.0.5/20190507012018/WINNT_x86_64-msvc-x64/en-US/release/Windows_NT%2010.0.0.0.17763.437%20(x64)/default/default/update.xml
1557999418434	addons.productaddons	INFO	Completed downloading document
1557999418765	addons.productaddons	INFO	downloadXHR File download. status=200
1557999418770	addons.productaddons	INFO	Downloaded file will be saved to C:\Users\NTVNSV31\AppData\Local\Temp\tmpaddon-96ec86
1557999419271	addons.productaddons	INFO	downloadXHR File download. status=200
1557999419274	addons.productaddons	INFO	Downloaded file will be saved to C:\Users\NTVNSV31\AppData\Local\Temp\tmpaddon-ee9e5a

Build info: version: &apos;2.39.0&apos;, revision: &apos;14fa800511cc5d66d426e08b0b2ab926c7ed7398&apos;, time: &apos;2013-12-16 13:18:38&apos;
System info: host: &apos;NTISHTCD31&apos;, ip: &apos;10.180.20.34&apos;, os.name: &apos;Windows 10&apos;, os.arch: &apos;amd64&apos;, os.version: &apos;10.0&apos;, java.version: &apos;1.8.0_201&apos;
Driver info: driver.version: FirefoxDriver
	at org.openqa.selenium.firefox.internal.NewProfileExtensionConnection.start(NewProfileExtensionConnection.java:130)
	at org.openqa.selenium.firefox.FirefoxDriver.startClient(FirefoxDriver.java:250)
	at org.openqa.selenium.remote.RemoteWebDriver.&lt;init&gt;(RemoteWebDriver.java:110)
	at org.openqa.selenium.firefox.FirefoxDriver.&lt;init&gt;(FirefoxDriver.java:195)
	at org.openqa.selenium.firefox.FirefoxDriver.&lt;init&gt;(FirefoxDriver.java:190)
	at org.openqa.selenium.firefox.FirefoxDriver.&lt;init&gt;(FirefoxDriver.java:186)
	at org.openqa.selenium.firefox.FirefoxDriver.&lt;init&gt;(FirefoxDriver.java:99)
	at com.mkyong.testng.examples.loadtest.TestMultipleThreads.loadTest(TestMultipleThreads.java:41)
	at sun.reflect.NativeMethodAccessorImpl.invoke0(Native Method)
	at sun.reflect.NativeMethodAccessorImpl.invoke(NativeMethodAccessorImpl.java:62)
	at sun.reflect.DelegatingMethodAccessorImpl.invoke(DelegatingMethodAccessorImpl.java:43)
	at java.lang.reflect.Method.invoke(Method.java:498)
	at org.testng.internal.MethodInvocationHelper.invokeMethod(MethodInvocationHelper.java:84)
	at org.testng.internal.Invoker.invokeMethod(Invoker.java:714)
	at org.testng.internal.Invoker.invokeTestMethod(Invoker.java:901)
	at org.testng.internal.Invoker.invokeTestMethods(Invoker.java:1231)
	at org.testng.internal.TestMethodWorker.invokeTestMethods(TestMethodWorker.java:127)
	at org.testng.internal.TestMethodWorker.run(TestMethodWorker.java:111)
	at org.testng.internal.thread.ThreadUtil$2.call(ThreadUtil.java:64)
	at java.util.concurrent.FutureTask.run(FutureTask.java:266)
	at java.util.concurrent.ThreadPoolExecutor.runWorker(ThreadPoolExecutor.java:1149)
	at java.util.concurrent.ThreadPoolExecutor$Worker.run(ThreadPoolExecutor.java:624)
	at java.lang.Thread.run(Thread.java:748)
Caused by: org.openqa.selenium.firefox.NotConnectedException: Unable to connect to host 127.0.0.1 on port 7055 after 45000 ms. Firefox console output:
Local\Temp\anonymous2809287682863133825webdriver-profile\extensions\webdriver-staging
1557999383113	addons.xpi	DEBUG	Existing add-on formautofill@mozilla.org in app-system-defaults
1557999383114	addons.xpi	DEBUG	Existing add-on screenshots@mozilla.org in app-system-defaults
1557999383115	addons.xpi	DEBUG	Existing add-on webcompat-reporter@mozilla.org in app-system-defaults
1557999383115	addons.xpi	DEBUG	Existing add-on webcompat@mozilla.org in app-system-defaults
1557999383117	addons.xpi	DEBUG	scanForChanges changed: false, state: {}
1557999383118	addons.xpi	DEBUG	No changes found
1557999383123	addons.xpi	DEBUG	Loading bootstrap scope from C:\Program Files\Mozilla Firefox\browser\features\formautofill@mozilla.org.xpi
1557999383149	addons.xpi	DEBUG	Calling bootstrap method startup on formautofill@mozilla.org version 1.0
1557999383151	addons.xpi	DEBUG	Loading bootstrap scope from C:\Program Files\Mozilla Firefox\browser\features\screenshots@mozilla.org.xpi
1557999383152	addons.xpi	DEBUG	Calling bootstrap method startup on screenshots@mozilla.org version 35.0.0
1557999383153	addons.xpi	DEBUG	Loading bootstrap scope from C:\Program Files\Mozilla Firefox\browser\features\webcompat@mozilla.org.xpi
1557999383153	addons.xpi	DEBUG	Calling bootstrap method startup on webcompat@mozilla.org version 3.0.2
1557999383155	addons.manager	DEBUG	Registering shutdown blocker for XPIProvider
1557999383155	addons.manager	DEBUG	Provider finished startup: XPIProvider
1557999383155	addons.manager	DEBUG	Starting provider: LightweightThemeManager
1557999383155	addons.manager	DEBUG	Registering shutdown blocker for LightweightThemeManager
1557999383155	addons.manager	DEBUG	Provider finished startup: LightweightThemeManager
1557999383156	addons.manager	DEBUG	Starting provider: GMPProvider
1557999383163	addons.manager	DEBUG	Registering shutdown blocker for GMPProvider
1557999383164	addons.manager	DEBUG	Provider finished startup: GMPProvider
1557999383164	addons.manager	DEBUG	Starting provider: PluginProvider
1557999383164	addons.manager	DEBUG	Registering shutdown blocker for PluginProvider
1557999383164	addons.manager	DEBUG	Provider finished startup: PluginProvider
1557999383172	addons.manager	DEBUG	Completed startup sequence
1557999384465	addons.xpi-utils	DEBUG	Starting async load of XPI database C:\Users\NTVNSV31\AppData\Local\Temp\anonymous2809287682863133825webdriver-profile\extensions.json
1557999384501	addons.xpi	DEBUG	Ignoring file: name is not a valid add-on ID: C:\Users\NTVNSV31\AppData\Local\Temp\anonymous2809287682863133825webdriver-profile\extensions\webdriver-staging
1557999384503	addons.xpi	DEBUG	Existing add-on formautofill@mozilla.org in app-system-defaults
1557999384503	addons.xpi	DEBUG	Existing add-on screenshots@mozilla.org in app-system-defaults
1557999384503	addons.xpi	DEBUG	Existing add-on webcompat-reporter@mozilla.org in app-system-defaults
1557999384503	addons.xpi	DEBUG	Existing add-on webcompat@mozilla.org in app-system-defaults
1557999384504	addons.xpi	DEBUG	scanForChanges changed: false, state: {}
1557999384702	addons.xpi-utils	DEBUG	Finished async read of XPI database, parsing...
*** Blocklist::_loadFileInternal: blocklist is disabled
1557999385024	addons.xpi-utils	DEBUG	Successfully read XPI database
1557999385479	addons.manager	DEBUG	Registering upgrade listener for formautofill@mozilla.org
1557999418168	addons.productaddons	INFO	sending request to: https://aus5.mozilla.org/update/3/GMP/66.0.5/20190507012018/WINNT_x86_64-msvc-x64/en-US/release/Windows_NT%2010.0.0.0.17763.437%20(x64)/default/default/update.xml
1557999418434	addons.productaddons	INFO	Completed downloading document
1557999418765	addons.productaddons	INFO	downloadXHR File download. status=200
1557999418770	addons.productaddons	INFO	Downloaded file will be saved to C:\Users\NTVNSV31\AppData\Local\Temp\tmpaddon-96ec86
1557999419271	addons.productaddons	INFO	downloadXHR File download. status=200
1557999419274	addons.productaddons	INFO	Downloaded file will be saved to C:\Users\NTVNSV31\AppData\Local\Temp\tmpaddon-ee9e5a

	at org.openqa.selenium.firefox.internal.NewProfileExtensionConnection.start(NewProfileExtensionConnection.java:118)
	... 22 more
</pre></div></td>
<td>148</td>
<td>com.mkyong.testng.examples.loadtest.TestMultipleThreads@5315b42e</td></tr>
<tr>
<td title='com.mkyong.testng.examples.loadtest.TestMultipleThreads.loadTest()'><b>loadTest</b><br>Test class: com.mkyong.testng.examples.loadtest.TestMultipleThreads</td>
<td><div><pre>org.openqa.selenium.WebDriverException: Unable to bind to locking port 7054 within 45000 ms
Build info: version: &apos;2.39.0&apos;, revision: &apos;14fa800511cc5d66d426e08b0b2ab926c7ed7398&apos;, time: &apos;2013-12-16 13:18:38&apos;
System info: host: &apos;NTISHTCD31&apos;, ip: &apos;10.180.20.34&apos;, os.name: &apos;Windows 10&apos;, os.arch: &apos;amd64&apos;, os.version: &apos;10.0&apos;, java.version: &apos;1.8.0_201&apos;
Driver info: driver.version: FirefoxDriver
	at org.openqa.selenium.internal.SocketLock.lock(SocketLock.java:98)
	at org.openqa.selenium.firefox.internal.NewProfileExtensionConnection.start(NewProfileExtensionConnection.java:84)
	at org.openqa.selenium.firefox.FirefoxDriver.startClient(FirefoxDriver.java:250)
	at org.openqa.selenium.remote.RemoteWebDriver.&lt;init&gt;(RemoteWebDriver.java:110)
	at org.openqa.selenium.firefox.FirefoxDriver.&lt;init&gt;(FirefoxDriver.java:195)
	at org.openqa.selenium.firefox.FirefoxDriver.&lt;init&gt;(FirefoxDriver.java:190)
	at org.openqa.selenium.firefox.FirefoxDriver.&lt;init&gt;(FirefoxDriver.java:186)
	at org.openqa.selenium.firefox.FirefoxDriver.&lt;init&gt;(FirefoxDriver.java:99)
	at com.mkyong.testng.examples.loadtest.TestMultipleThreads.loadTest(TestMultipleThreads.java:41)
	at java.util.concurrent.FutureTask.run(FutureTask.java:266)
	at java.util.concurrent.ThreadPoolExecutor.runWorker(ThreadPoolExecutor.java:1149)
	at java.util.concurrent.ThreadPoolExecutor$Worker.run(ThreadPoolExecutor.java:624)
	at java.lang.Thread.run(Thread.java:748)
... Removed 11 stack frames</pre></div><a href='#' onClick='toggleBox("stack-trace1828068884", this, "Click to show all stack frames", "Click to hide stack frames")'>Click to show all stack frames</a>
<div class='stack-trace' id='stack-trace1828068884'><pre>org.openqa.selenium.WebDriverException: Unable to bind to locking port 7054 within 45000 ms
Build info: version: &apos;2.39.0&apos;, revision: &apos;14fa800511cc5d66d426e08b0b2ab926c7ed7398&apos;, time: &apos;2013-12-16 13:18:38&apos;
System info: host: &apos;NTISHTCD31&apos;, ip: &apos;10.180.20.34&apos;, os.name: &apos;Windows 10&apos;, os.arch: &apos;amd64&apos;, os.version: &apos;10.0&apos;, java.version: &apos;1.8.0_201&apos;
Driver info: driver.version: FirefoxDriver
	at org.openqa.selenium.internal.SocketLock.lock(SocketLock.java:98)
	at org.openqa.selenium.firefox.internal.NewProfileExtensionConnection.start(NewProfileExtensionConnection.java:84)
	at org.openqa.selenium.firefox.FirefoxDriver.startClient(FirefoxDriver.java:250)
	at org.openqa.selenium.remote.RemoteWebDriver.&lt;init&gt;(RemoteWebDriver.java:110)
	at org.openqa.selenium.firefox.FirefoxDriver.&lt;init&gt;(FirefoxDriver.java:195)
	at org.openqa.selenium.firefox.FirefoxDriver.&lt;init&gt;(FirefoxDriver.java:190)
	at org.openqa.selenium.firefox.FirefoxDriver.&lt;init&gt;(FirefoxDriver.java:186)
	at org.openqa.selenium.firefox.FirefoxDriver.&lt;init&gt;(FirefoxDriver.java:99)
	at com.mkyong.testng.examples.loadtest.TestMultipleThreads.loadTest(TestMultipleThreads.java:41)
	at sun.reflect.NativeMethodAccessorImpl.invoke0(Native Method)
	at sun.reflect.NativeMethodAccessorImpl.invoke(NativeMethodAccessorImpl.java:62)
	at sun.reflect.DelegatingMethodAccessorImpl.invoke(DelegatingMethodAccessorImpl.java:43)
	at java.lang.reflect.Method.invoke(Method.java:498)
	at org.testng.internal.MethodInvocationHelper.invokeMethod(MethodInvocationHelper.java:84)
	at org.testng.internal.Invoker.invokeMethod(Invoker.java:714)
	at org.testng.internal.Invoker.invokeTestMethod(Invoker.java:901)
	at org.testng.internal.Invoker.invokeTestMethods(Invoker.java:1231)
	at org.testng.internal.TestMethodWorker.invokeTestMethods(TestMethodWorker.java:127)
	at org.testng.internal.TestMethodWorker.run(TestMethodWorker.java:111)
	at org.testng.internal.thread.ThreadUtil$2.call(ThreadUtil.java:64)
	at java.util.concurrent.FutureTask.run(FutureTask.java:266)
	at java.util.concurrent.ThreadPoolExecutor.runWorker(ThreadPoolExecutor.java:1149)
	at java.util.concurrent.ThreadPoolExecutor$Worker.run(ThreadPoolExecutor.java:624)
	at java.lang.Thread.run(Thread.java:748)
</pre></div></td>
<td>96</td>
<td>com.mkyong.testng.examples.loadtest.TestMultipleThreads@5315b42e</td></tr>
<tr>
<td title='com.mkyong.testng.examples.loadtest.TestMultipleThreads.loadTest()'><b>loadTest</b><br>Test class: com.mkyong.testng.examples.loadtest.TestMultipleThreads</td>
<td><div><pre>org.openqa.selenium.WebDriverException: Unable to bind to locking port 7054 within 45000 ms
Build info: version: &apos;2.39.0&apos;, revision: &apos;14fa800511cc5d66d426e08b0b2ab926c7ed7398&apos;, time: &apos;2013-12-16 13:18:38&apos;
System info: host: &apos;NTISHTCD31&apos;, ip: &apos;10.180.20.34&apos;, os.name: &apos;Windows 10&apos;, os.arch: &apos;amd64&apos;, os.version: &apos;10.0&apos;, java.version: &apos;1.8.0_201&apos;
Driver info: driver.version: FirefoxDriver
	at org.openqa.selenium.internal.SocketLock.lock(SocketLock.java:98)
	at org.openqa.selenium.firefox.internal.NewProfileExtensionConnection.start(NewProfileExtensionConnection.java:84)
	at org.openqa.selenium.firefox.FirefoxDriver.startClient(FirefoxDriver.java:250)
	at org.openqa.selenium.remote.RemoteWebDriver.&lt;init&gt;(RemoteWebDriver.java:110)
	at org.openqa.selenium.firefox.FirefoxDriver.&lt;init&gt;(FirefoxDriver.java:195)
	at org.openqa.selenium.firefox.FirefoxDriver.&lt;init&gt;(FirefoxDriver.java:190)
	at org.openqa.selenium.firefox.FirefoxDriver.&lt;init&gt;(FirefoxDriver.java:186)
	at org.openqa.selenium.firefox.FirefoxDriver.&lt;init&gt;(FirefoxDriver.java:99)
	at com.mkyong.testng.examples.loadtest.TestMultipleThreads.loadTest(TestMultipleThreads.java:41)
	at java.util.concurrent.FutureTask.run(FutureTask.java:266)
	at java.util.concurrent.ThreadPoolExecutor.runWorker(ThreadPoolExecutor.java:1149)
	at java.util.concurrent.ThreadPoolExecutor$Worker.run(ThreadPoolExecutor.java:624)
	at java.lang.Thread.run(Thread.java:748)
... Removed 11 stack frames</pre></div><a href='#' onClick='toggleBox("stack-trace1221005913", this, "Click to show all stack frames", "Click to hide stack frames")'>Click to show all stack frames</a>
<div class='stack-trace' id='stack-trace1221005913'><pre>org.openqa.selenium.WebDriverException: Unable to bind to locking port 7054 within 45000 ms
Build info: version: &apos;2.39.0&apos;, revision: &apos;14fa800511cc5d66d426e08b0b2ab926c7ed7398&apos;, time: &apos;2013-12-16 13:18:38&apos;
System info: host: &apos;NTISHTCD31&apos;, ip: &apos;10.180.20.34&apos;, os.name: &apos;Windows 10&apos;, os.arch: &apos;amd64&apos;, os.version: &apos;10.0&apos;, java.version: &apos;1.8.0_201&apos;
Driver info: driver.version: FirefoxDriver
	at org.openqa.selenium.internal.SocketLock.lock(SocketLock.java:98)
	at org.openqa.selenium.firefox.internal.NewProfileExtensionConnection.start(NewProfileExtensionConnection.java:84)
	at org.openqa.selenium.firefox.FirefoxDriver.startClient(FirefoxDriver.java:250)
	at org.openqa.selenium.remote.RemoteWebDriver.&lt;init&gt;(RemoteWebDriver.java:110)
	at org.openqa.selenium.firefox.FirefoxDriver.&lt;init&gt;(FirefoxDriver.java:195)
	at org.openqa.selenium.firefox.FirefoxDriver.&lt;init&gt;(FirefoxDriver.java:190)
	at org.openqa.selenium.firefox.FirefoxDriver.&lt;init&gt;(FirefoxDriver.java:186)
	at org.openqa.selenium.firefox.FirefoxDriver.&lt;init&gt;(FirefoxDriver.java:99)
	at com.mkyong.testng.examples.loadtest.TestMultipleThreads.loadTest(TestMultipleThreads.java:41)
	at sun.reflect.NativeMethodAccessorImpl.invoke0(Native Method)
	at sun.reflect.NativeMethodAccessorImpl.invoke(NativeMethodAccessorImpl.java:62)
	at sun.reflect.DelegatingMethodAccessorImpl.invoke(DelegatingMethodAccessorImpl.java:43)
	at java.lang.reflect.Method.invoke(Method.java:498)
	at org.testng.internal.MethodInvocationHelper.invokeMethod(MethodInvocationHelper.java:84)
	at org.testng.internal.Invoker.invokeMethod(Invoker.java:714)
	at org.testng.internal.Invoker.invokeTestMethod(Invoker.java:901)
	at org.testng.internal.Invoker.invokeTestMethods(Invoker.java:1231)
	at org.testng.internal.TestMethodWorker.invokeTestMethods(TestMethodWorker.java:127)
	at org.testng.internal.TestMethodWorker.run(TestMethodWorker.java:111)
	at org.testng.internal.thread.ThreadUtil$2.call(ThreadUtil.java:64)
	at java.util.concurrent.FutureTask.run(FutureTask.java:266)
	at java.util.concurrent.ThreadPoolExecutor.runWorker(ThreadPoolExecutor.java:1149)
	at java.util.concurrent.ThreadPoolExecutor$Worker.run(ThreadPoolExecutor.java:624)
	at java.lang.Thread.run(Thread.java:748)
</pre></div></td>
<td>186</td>
<td>com.mkyong.testng.examples.loadtest.TestMultipleThreads@5315b42e</td></tr>
<tr>
<td title='com.mkyong.testng.examples.loadtest.TestMultipleThreads.loadTest()'><b>loadTest</b><br>Test class: com.mkyong.testng.examples.loadtest.TestMultipleThreads</td>
<td><div><pre>org.openqa.selenium.WebDriverException: Unable to bind to locking port 7054 within 45000 ms
Build info: version: &apos;2.39.0&apos;, revision: &apos;14fa800511cc5d66d426e08b0b2ab926c7ed7398&apos;, time: &apos;2013-12-16 13:18:38&apos;
System info: host: &apos;NTISHTCD31&apos;, ip: &apos;10.180.20.34&apos;, os.name: &apos;Windows 10&apos;, os.arch: &apos;amd64&apos;, os.version: &apos;10.0&apos;, java.version: &apos;1.8.0_201&apos;
Driver info: driver.version: FirefoxDriver
	at org.openqa.selenium.internal.SocketLock.lock(SocketLock.java:98)
	at org.openqa.selenium.firefox.internal.NewProfileExtensionConnection.start(NewProfileExtensionConnection.java:84)
	at org.openqa.selenium.firefox.FirefoxDriver.startClient(FirefoxDriver.java:250)
	at org.openqa.selenium.remote.RemoteWebDriver.&lt;init&gt;(RemoteWebDriver.java:110)
	at org.openqa.selenium.firefox.FirefoxDriver.&lt;init&gt;(FirefoxDriver.java:195)
	at org.openqa.selenium.firefox.FirefoxDriver.&lt;init&gt;(FirefoxDriver.java:190)
	at org.openqa.selenium.firefox.FirefoxDriver.&lt;init&gt;(FirefoxDriver.java:186)
	at org.openqa.selenium.firefox.FirefoxDriver.&lt;init&gt;(FirefoxDriver.java:99)
	at com.mkyong.testng.examples.loadtest.TestMultipleThreads.loadTest(TestMultipleThreads.java:41)
	at java.util.concurrent.FutureTask.run(FutureTask.java:266)
	at java.util.concurrent.ThreadPoolExecutor.runWorker(ThreadPoolExecutor.java:1149)
	at java.util.concurrent.ThreadPoolExecutor$Worker.run(ThreadPoolExecutor.java:624)
	at java.lang.Thread.run(Thread.java:748)
... Removed 11 stack frames</pre></div><a href='#' onClick='toggleBox("stack-trace665436126", this, "Click to show all stack frames", "Click to hide stack frames")'>Click to show all stack frames</a>
<div class='stack-trace' id='stack-trace665436126'><pre>org.openqa.selenium.WebDriverException: Unable to bind to locking port 7054 within 45000 ms
Build info: version: &apos;2.39.0&apos;, revision: &apos;14fa800511cc5d66d426e08b0b2ab926c7ed7398&apos;, time: &apos;2013-12-16 13:18:38&apos;
System info: host: &apos;NTISHTCD31&apos;, ip: &apos;10.180.20.34&apos;, os.name: &apos;Windows 10&apos;, os.arch: &apos;amd64&apos;, os.version: &apos;10.0&apos;, java.version: &apos;1.8.0_201&apos;
Driver info: driver.version: FirefoxDriver
	at org.openqa.selenium.internal.SocketLock.lock(SocketLock.java:98)
	at org.openqa.selenium.firefox.internal.NewProfileExtensionConnection.start(NewProfileExtensionConnection.java:84)
	at org.openqa.selenium.firefox.FirefoxDriver.startClient(FirefoxDriver.java:250)
	at org.openqa.selenium.remote.RemoteWebDriver.&lt;init&gt;(RemoteWebDriver.java:110)
	at org.openqa.selenium.firefox.FirefoxDriver.&lt;init&gt;(FirefoxDriver.java:195)
	at org.openqa.selenium.firefox.FirefoxDriver.&lt;init&gt;(FirefoxDriver.java:190)
	at org.openqa.selenium.firefox.FirefoxDriver.&lt;init&gt;(FirefoxDriver.java:186)
	at org.openqa.selenium.firefox.FirefoxDriver.&lt;init&gt;(FirefoxDriver.java:99)
	at com.mkyong.testng.examples.loadtest.TestMultipleThreads.loadTest(TestMultipleThreads.java:41)
	at sun.reflect.NativeMethodAccessorImpl.invoke0(Native Method)
	at sun.reflect.NativeMethodAccessorImpl.invoke(NativeMethodAccessorImpl.java:62)
	at sun.reflect.DelegatingMethodAccessorImpl.invoke(DelegatingMethodAccessorImpl.java:43)
	at java.lang.reflect.Method.invoke(Method.java:498)
	at org.testng.internal.MethodInvocationHelper.invokeMethod(MethodInvocationHelper.java:84)
	at org.testng.internal.Invoker.invokeMethod(Invoker.java:714)
	at org.testng.internal.Invoker.invokeTestMethod(Invoker.java:901)
	at org.testng.internal.Invoker.invokeTestMethods(Invoker.java:1231)
	at org.testng.internal.TestMethodWorker.invokeTestMethods(TestMethodWorker.java:127)
	at org.testng.internal.TestMethodWorker.run(TestMethodWorker.java:111)
	at org.testng.internal.thread.ThreadUtil$2.call(ThreadUtil.java:64)
	at java.util.concurrent.FutureTask.run(FutureTask.java:266)
	at java.util.concurrent.ThreadPoolExecutor.runWorker(ThreadPoolExecutor.java:1149)
	at java.util.concurrent.ThreadPoolExecutor$Worker.run(ThreadPoolExecutor.java:624)
	at java.lang.Thread.run(Thread.java:748)
</pre></div></td>
<td>237</td>
<td>com.mkyong.testng.examples.loadtest.TestMultipleThreads@5315b42e</td></tr>
<tr>
<td title='com.mkyong.testng.examples.loadtest.TestMultipleThreads.loadTest()'><b>loadTest</b><br>Test class: com.mkyong.testng.examples.loadtest.TestMultipleThreads</td>
<td><div><pre>org.openqa.selenium.WebDriverException: Unable to bind to locking port 7054 within 45000 ms
Build info: version: &apos;2.39.0&apos;, revision: &apos;14fa800511cc5d66d426e08b0b2ab926c7ed7398&apos;, time: &apos;2013-12-16 13:18:38&apos;
System info: host: &apos;NTISHTCD31&apos;, ip: &apos;10.180.20.34&apos;, os.name: &apos;Windows 10&apos;, os.arch: &apos;amd64&apos;, os.version: &apos;10.0&apos;, java.version: &apos;1.8.0_201&apos;
Driver info: driver.version: FirefoxDriver
	at org.openqa.selenium.internal.SocketLock.lock(SocketLock.java:98)
	at org.openqa.selenium.firefox.internal.NewProfileExtensionConnection.start(NewProfileExtensionConnection.java:84)
	at org.openqa.selenium.firefox.FirefoxDriver.startClient(FirefoxDriver.java:250)
	at org.openqa.selenium.remote.RemoteWebDriver.&lt;init&gt;(RemoteWebDriver.java:110)
	at org.openqa.selenium.firefox.FirefoxDriver.&lt;init&gt;(FirefoxDriver.java:195)
	at org.openqa.selenium.firefox.FirefoxDriver.&lt;init&gt;(FirefoxDriver.java:190)
	at org.openqa.selenium.firefox.FirefoxDriver.&lt;init&gt;(FirefoxDriver.java:186)
	at org.openqa.selenium.firefox.FirefoxDriver.&lt;init&gt;(FirefoxDriver.java:99)
	at com.mkyong.testng.examples.loadtest.TestMultipleThreads.loadTest(TestMultipleThreads.java:41)
	at java.util.concurrent.FutureTask.run(FutureTask.java:266)
	at java.util.concurrent.ThreadPoolExecutor.runWorker(ThreadPoolExecutor.java:1149)
	at java.util.concurrent.ThreadPoolExecutor$Worker.run(ThreadPoolExecutor.java:624)
	at java.lang.Thread.run(Thread.java:748)
... Removed 11 stack frames</pre></div><a href='#' onClick='toggleBox("stack-trace1108641378", this, "Click to show all stack frames", "Click to hide stack frames")'>Click to show all stack frames</a>
<div class='stack-trace' id='stack-trace1108641378'><pre>org.openqa.selenium.WebDriverException: Unable to bind to locking port 7054 within 45000 ms
Build info: version: &apos;2.39.0&apos;, revision: &apos;14fa800511cc5d66d426e08b0b2ab926c7ed7398&apos;, time: &apos;2013-12-16 13:18:38&apos;
System info: host: &apos;NTISHTCD31&apos;, ip: &apos;10.180.20.34&apos;, os.name: &apos;Windows 10&apos;, os.arch: &apos;amd64&apos;, os.version: &apos;10.0&apos;, java.version: &apos;1.8.0_201&apos;
Driver info: driver.version: FirefoxDriver
	at org.openqa.selenium.internal.SocketLock.lock(SocketLock.java:98)
	at org.openqa.selenium.firefox.internal.NewProfileExtensionConnection.start(NewProfileExtensionConnection.java:84)
	at org.openqa.selenium.firefox.FirefoxDriver.startClient(FirefoxDriver.java:250)
	at org.openqa.selenium.remote.RemoteWebDriver.&lt;init&gt;(RemoteWebDriver.java:110)
	at org.openqa.selenium.firefox.FirefoxDriver.&lt;init&gt;(FirefoxDriver.java:195)
	at org.openqa.selenium.firefox.FirefoxDriver.&lt;init&gt;(FirefoxDriver.java:190)
	at org.openqa.selenium.firefox.FirefoxDriver.&lt;init&gt;(FirefoxDriver.java:186)
	at org.openqa.selenium.firefox.FirefoxDriver.&lt;init&gt;(FirefoxDriver.java:99)
	at com.mkyong.testng.examples.loadtest.TestMultipleThreads.loadTest(TestMultipleThreads.java:41)
	at sun.reflect.NativeMethodAccessorImpl.invoke0(Native Method)
	at sun.reflect.NativeMethodAccessorImpl.invoke(NativeMethodAccessorImpl.java:62)
	at sun.reflect.DelegatingMethodAccessorImpl.invoke(DelegatingMethodAccessorImpl.java:43)
	at java.lang.reflect.Method.invoke(Method.java:498)
	at org.testng.internal.MethodInvocationHelper.invokeMethod(MethodInvocationHelper.java:84)
	at org.testng.internal.Invoker.invokeMethod(Invoker.java:714)
	at org.testng.internal.Invoker.invokeTestMethod(Invoker.java:901)
	at org.testng.internal.Invoker.invokeTestMethods(Invoker.java:1231)
	at org.testng.internal.TestMethodWorker.invokeTestMethods(TestMethodWorker.java:127)
	at org.testng.internal.TestMethodWorker.run(TestMethodWorker.java:111)
	at org.testng.internal.thread.ThreadUtil$2.call(ThreadUtil.java:64)
	at java.util.concurrent.FutureTask.run(FutureTask.java:266)
	at java.util.concurrent.ThreadPoolExecutor.runWorker(ThreadPoolExecutor.java:1149)
	at java.util.concurrent.ThreadPoolExecutor$Worker.run(ThreadPoolExecutor.java:624)
	at java.lang.Thread.run(Thread.java:748)
</pre></div></td>
<td>183</td>
<td>com.mkyong.testng.examples.loadtest.TestMultipleThreads@5315b42e</td></tr>
<tr>
<td title='com.mkyong.testng.examples.loadtest.TestMultipleThreads.loadTestThisWebsite()'><b>loadTestThisWebsite</b><br>Test class: com.mkyong.testng.examples.loadtest.TestMultipleThreads</td>
<td><div><pre>org.openqa.selenium.WebDriverException: Unable to bind to locking port 7054 within 45000 ms
Build info: version: &apos;2.39.0&apos;, revision: &apos;14fa800511cc5d66d426e08b0b2ab926c7ed7398&apos;, time: &apos;2013-12-16 13:18:38&apos;
System info: host: &apos;NTISHTCD31&apos;, ip: &apos;10.180.20.34&apos;, os.name: &apos;Windows 10&apos;, os.arch: &apos;amd64&apos;, os.version: &apos;10.0&apos;, java.version: &apos;1.8.0_201&apos;
Driver info: driver.version: FirefoxDriver
	at org.openqa.selenium.internal.SocketLock.lock(SocketLock.java:98)
	at org.openqa.selenium.firefox.internal.NewProfileExtensionConnection.start(NewProfileExtensionConnection.java:84)
	at org.openqa.selenium.firefox.FirefoxDriver.startClient(FirefoxDriver.java:250)
	at org.openqa.selenium.remote.RemoteWebDriver.&lt;init&gt;(RemoteWebDriver.java:110)
	at org.openqa.selenium.firefox.FirefoxDriver.&lt;init&gt;(FirefoxDriver.java:195)
	at org.openqa.selenium.firefox.FirefoxDriver.&lt;init&gt;(FirefoxDriver.java:190)
	at org.openqa.selenium.firefox.FirefoxDriver.&lt;init&gt;(FirefoxDriver.java:186)
	at org.openqa.selenium.firefox.FirefoxDriver.&lt;init&gt;(FirefoxDriver.java:99)
	at com.mkyong.testng.examples.loadtest.TestMultipleThreads.loadTestThisWebsite(TestMultipleThreads.java:22)
... Removed 33 stack frames</pre></div><a href='#' onClick='toggleBox("stack-trace1014328909", this, "Click to show all stack frames", "Click to hide stack frames")'>Click to show all stack frames</a>
<div class='stack-trace' id='stack-trace1014328909'><pre>org.openqa.selenium.WebDriverException: Unable to bind to locking port 7054 within 45000 ms
Build info: version: &apos;2.39.0&apos;, revision: &apos;14fa800511cc5d66d426e08b0b2ab926c7ed7398&apos;, time: &apos;2013-12-16 13:18:38&apos;
System info: host: &apos;NTISHTCD31&apos;, ip: &apos;10.180.20.34&apos;, os.name: &apos;Windows 10&apos;, os.arch: &apos;amd64&apos;, os.version: &apos;10.0&apos;, java.version: &apos;1.8.0_201&apos;
Driver info: driver.version: FirefoxDriver
	at org.openqa.selenium.internal.SocketLock.lock(SocketLock.java:98)
	at org.openqa.selenium.firefox.internal.NewProfileExtensionConnection.start(NewProfileExtensionConnection.java:84)
	at org.openqa.selenium.firefox.FirefoxDriver.startClient(FirefoxDriver.java:250)
	at org.openqa.selenium.remote.RemoteWebDriver.&lt;init&gt;(RemoteWebDriver.java:110)
	at org.openqa.selenium.firefox.FirefoxDriver.&lt;init&gt;(FirefoxDriver.java:195)
	at org.openqa.selenium.firefox.FirefoxDriver.&lt;init&gt;(FirefoxDriver.java:190)
	at org.openqa.selenium.firefox.FirefoxDriver.&lt;init&gt;(FirefoxDriver.java:186)
	at org.openqa.selenium.firefox.FirefoxDriver.&lt;init&gt;(FirefoxDriver.java:99)
	at com.mkyong.testng.examples.loadtest.TestMultipleThreads.loadTestThisWebsite(TestMultipleThreads.java:22)
	at sun.reflect.NativeMethodAccessorImpl.invoke0(Native Method)
	at sun.reflect.NativeMethodAccessorImpl.invoke(NativeMethodAccessorImpl.java:62)
	at sun.reflect.DelegatingMethodAccessorImpl.invoke(DelegatingMethodAccessorImpl.java:43)
	at java.lang.reflect.Method.invoke(Method.java:498)
	at org.testng.internal.MethodInvocationHelper.invokeMethod(MethodInvocationHelper.java:84)
	at org.testng.internal.Invoker.invokeMethod(Invoker.java:714)
	at org.testng.internal.Invoker.invokeTestMethod(Invoker.java:901)
	at org.testng.internal.Invoker.invokeTestMethods(Invoker.java:1231)
	at org.testng.internal.TestMethodWorker.invokeTestMethods(TestMethodWorker.java:127)
	at org.testng.internal.TestMethodWorker.run(TestMethodWorker.java:111)
	at org.testng.TestRunner.privateRun(TestRunner.java:767)
	at org.testng.TestRunner.run(TestRunner.java:617)
	at org.testng.SuiteRunner.runTest(SuiteRunner.java:334)
	at org.testng.SuiteRunner.runSequentially(SuiteRunner.java:329)
	at org.testng.SuiteRunner.privateRun(SuiteRunner.java:291)
	at org.testng.SuiteRunner.run(SuiteRunner.java:240)
	at org.testng.SuiteRunnerWorker.runSuite(SuiteRunnerWorker.java:52)
	at org.testng.SuiteRunnerWorker.run(SuiteRunnerWorker.java:86)
	at org.testng.TestNG.runSuitesSequentially(TestNG.java:1224)
	at org.testng.TestNG.runSuitesLocally(TestNG.java:1149)
	at org.testng.TestNG.run(TestNG.java:1057)
	at org.apache.maven.surefire.testng.TestNGExecutor.run(TestNGExecutor.java:77)
	at org.apache.maven.surefire.testng.TestNGDirectoryTestSuite.execute(TestNGDirectoryTestSuite.java:110)
	at org.apache.maven.surefire.testng.TestNGProvider.invoke(TestNGProvider.java:106)
	at sun.reflect.NativeMethodAccessorImpl.invoke0(Native Method)
	at sun.reflect.NativeMethodAccessorImpl.invoke(NativeMethodAccessorImpl.java:62)
	at sun.reflect.DelegatingMethodAccessorImpl.invoke(DelegatingMethodAccessorImpl.java:43)
	at java.lang.reflect.Method.invoke(Method.java:498)
	at org.apache.maven.surefire.util.ReflectionUtils.invokeMethodWithArray(ReflectionUtils.java:189)
	at org.apache.maven.surefire.booter.ProviderFactory$ProviderProxy.invoke(ProviderFactory.java:165)
	at org.apache.maven.surefire.booter.ProviderFactory.invokeProvider(ProviderFactory.java:85)
	at org.apache.maven.surefire.booter.ForkedBooter.runSuitesInProcess(ForkedBooter.java:115)
	at org.apache.maven.surefire.booter.ForkedBooter.main(ForkedBooter.java:75)
</pre></div></td>
<td>46</td>
<td>com.mkyong.testng.examples.loadtest.TestMultipleThreads@5315b42e</td></tr>
<tr>
<td title='com.mkyong.testng.examples.loadtest.TestMultipleThreads.loadTestThisWebsite()'><b>loadTestThisWebsite</b><br>Test class: com.mkyong.testng.examples.loadtest.TestMultipleThreads</td>
<td><div><pre>org.openqa.selenium.WebDriverException: Failed to connect to binary FirefoxBinary(C:\Program Files\Mozilla Firefox\firefox.exe) on port 7055; process output follows: 
5925	addons.xpi	DEBUG	Loading bootstrap scope from C:\Program Files\Mozilla Firefox\browser\features\webcompat@mozilla.org.xpi
1557999675925	addons.xpi	DEBUG	Calling bootstrap method startup on webcompat@mozilla.org version 3.0.2
1557999675928	addons.manager	DEBUG	Registering shutdown blocker for XPIProvider
1557999675928	addons.manager	DEBUG	Provider finished startup: XPIProvider
1557999675928	addons.manager	DEBUG	Starting provider: LightweightThemeManager
1557999675928	addons.manager	DEBUG	Registering shutdown blocker for LightweightThemeManager
1557999675928	addons.manager	DEBUG	Provider finished startup: LightweightThemeManager
1557999675928	addons.manager	DEBUG	Starting provider: GMPProvider
1557999675935	addons.manager	DEBUG	Registering shutdown blocker for GMPProvider
1557999675936	addons.manager	DEBUG	Provider finished startup: GMPProvider
1557999675936	addons.manager	DEBUG	Starting provider: PluginProvider
1557999675936	addons.manager	DEBUG	Registering shutdown blocker for PluginProvider
1557999675936	addons.manager	DEBUG	Provider finished startup: PluginProvider
1557999675945	addons.manager	DEBUG	Completed startup sequence
1557999677187	addons.xpi-utils	DEBUG	Starting async load of XPI database C:\Users\NTVNSV31\AppData\Local\Temp\anonymous1904783185098890495webdriver-profile\extensions.json
1557999677219	addons.xpi	DEBUG	Ignoring file: name is not a valid add-on ID: C:\Users\NTVNSV31\AppData\Local\Temp\anonymous1904783185098890495webdriver-profile\extensions\webdriver-staging
1557999677222	addons.xpi	DEBUG	Existing add-on formautofill@mozilla.org in app-system-defaults
1557999677222	addons.xpi	DEBUG	Existing add-on screenshots@mozilla.org in app-system-defaults
1557999677222	addons.xpi	DEBUG	Existing add-on webcompat-reporter@mozilla.org in app-system-defaults
1557999677223	addons.xpi	DEBUG	Existing add-on webcompat@mozilla.org in app-system-defaults
1557999677224	addons.xpi	DEBUG	scanForChanges changed: false, state: {}
1557999677373	addons.xpi-utils	DEBUG	Finished async read of XPI database, parsing...
*** Blocklist::_loadFileInternal: blocklist is disabled
1557999677697	addons.xpi-utils	DEBUG	Successfully read XPI database
1557999678103	addons.manager	DEBUG	Registering upgrade listener for formautofill@mozilla.org
1557999696943	addons.productaddons	INFO	sending request to: https://aus5.mozilla.org/update/3/GMP/66.0.5/20190507012018/WINNT_x86_64-msvc-x64/en-US/release/Windows_NT%2010.0.0.0.17763.437%20(x64)/default/default/update.xml
1557999697243	addons.productaddons	INFO	Completed downloading document
1557999697422	addons.productaddons	INFO	downloadXHR File download. status=200
1557999697427	addons.productaddons	INFO	Downloaded file will be saved to C:\Users\NTVNSV31\AppData\Local\Temp\tmpaddon-b6b1c2
1557999697889	addons.productaddons	INFO	downloadXHR File download. status=200
1557999697892	addons.productaddons	INFO	Downloaded file will be saved to C:\Users\NTVNSV31\AppData\Local\Temp\tmpaddon-d3b734
1557999709572	addons.xpi	DEBUG	Calling bootstrap method shutdown on webcompat@mozilla.org version 3.0.2
1557999709579	addons.xpi	DEBUG	Calling bootstrap method shutdown on screenshots@mozilla.org version 35.0.0
1557999709585	addons.xpi	DEBUG	Calling bootstrap method shutdown on formautofill@mozilla.org version 1.0
[Parent 45972, Gecko_IOThread] WARNING: pipe error: 109: file z:/build/build/src/ipc/chromium/src/chrome/common/ipc_channel_win.cc, line 332
[Child 47576, Chrome_Chil1557999709704	addons.manager	DEBUG	shutdown
1557999709718	addons.manager	DEBUG	Calling shutdown blocker for XPIProvider
1557999709719	addons.xpi	DEBUG	shutdown
1557999709730	addons.xpi-utils	DEBUG	shutdown
1557999709730	addons.manager	DEBUG	Calling shutdown blocker for LightweightThemeManager
1557999709731	addons.manager	DEBUG	Calling shutdown blocker for GMPProvider
1557999709731	addons.manager	DEBUG	Calling shutdown blocker for PluginProvider
1557999709738	addons.manager	DEBUG	Async provider shutdown done

###!!! [Child][MessageChannel::SendAndWait] Error: Channel error: cannot send/recv


Build info: version: &apos;2.39.0&apos;, revision: &apos;14fa800511cc5d66d426e08b0b2ab926c7ed7398&apos;, time: &apos;2013-12-16 13:18:38&apos;
System info: host: &apos;NTISHTCD31&apos;, ip: &apos;10.180.20.34&apos;, os.name: &apos;Windows 10&apos;, os.arch: &apos;amd64&apos;, os.version: &apos;10.0&apos;, java.version: &apos;1.8.0_201&apos;
Driver info: driver.version: FirefoxDriver
	at org.openqa.selenium.firefox.internal.NewProfileExtensionConnection.start(NewProfileExtensionConnection.java:130)
	at org.openqa.selenium.firefox.FirefoxDriver.startClient(FirefoxDriver.java:250)
	at org.openqa.selenium.remote.RemoteWebDriver.&lt;init&gt;(RemoteWebDriver.java:110)
	at org.openqa.selenium.firefox.FirefoxDriver.&lt;init&gt;(FirefoxDriver.java:195)
	at org.openqa.selenium.firefox.FirefoxDriver.&lt;init&gt;(FirefoxDriver.java:190)
	at org.openqa.selenium.firefox.FirefoxDriver.&lt;init&gt;(FirefoxDriver.java:186)
	at org.openqa.selenium.firefox.FirefoxDriver.&lt;init&gt;(FirefoxDriver.java:99)
	at com.mkyong.testng.examples.loadtest.TestMultipleThreads.loadTestThisWebsite(TestMultipleThreads.java:22)
Caused by: org.openqa.selenium.firefox.NotConnectedException: Unable to connect to host 127.0.0.1 on port 7055 after 45000 ms. Firefox console output:
5925	addons.xpi	DEBUG	Loading bootstrap scope from C:\Program Files\Mozilla Firefox\browser\features\webcompat@mozilla.org.xpi
1557999675925	addons.xpi	DEBUG	Calling bootstrap method startup on webcompat@mozilla.org version 3.0.2
1557999675928	addons.manager	DEBUG	Registering shutdown blocker for XPIProvider
1557999675928	addons.manager	DEBUG	Provider finished startup: XPIProvider
1557999675928	addons.manager	DEBUG	Starting provider: LightweightThemeManager
1557999675928	addons.manager	DEBUG	Registering shutdown blocker for LightweightThemeManager
1557999675928	addons.manager	DEBUG	Provider finished startup: LightweightThemeManager
1557999675928	addons.manager	DEBUG	Starting provider: GMPProvider
1557999675935	addons.manager	DEBUG	Registering shutdown blocker for GMPProvider
1557999675936	addons.manager	DEBUG	Provider finished startup: GMPProvider
1557999675936	addons.manager	DEBUG	Starting provider: PluginProvider
1557999675936	addons.manager	DEBUG	Registering shutdown blocker for PluginProvider
1557999675936	addons.manager	DEBUG	Provider finished startup: PluginProvider
1557999675945	addons.manager	DEBUG	Completed startup sequence
1557999677187	addons.xpi-utils	DEBUG	Starting async load of XPI database C:\Users\NTVNSV31\AppData\Local\Temp\anonymous1904783185098890495webdriver-profile\extensions.json
1557999677219	addons.xpi	DEBUG	Ignoring file: name is not a valid add-on ID: C:\Users\NTVNSV31\AppData\Local\Temp\anonymous1904783185098890495webdriver-profile\extensions\webdriver-staging
1557999677222	addons.xpi	DEBUG	Existing add-on formautofill@mozilla.org in app-system-defaults
1557999677222	addons.xpi	DEBUG	Existing add-on screenshots@mozilla.org in app-system-defaults
1557999677222	addons.xpi	DEBUG	Existing add-on webcompat-reporter@mozilla.org in app-system-defaults
1557999677223	addons.xpi	DEBUG	Existing add-on webcompat@mozilla.org in app-system-defaults
1557999677224	addons.xpi	DEBUG	scanForChanges changed: false, state: {}
1557999677373	addons.xpi-utils	DEBUG	Finished async read of XPI database, parsing...
*** Blocklist::_loadFileInternal: blocklist is disabled
1557999677697	addons.xpi-utils	DEBUG	Successfully read XPI database
1557999678103	addons.manager	DEBUG	Registering upgrade listener for formautofill@mozilla.org
1557999696943	addons.productaddons	INFO	sending request to: https://aus5.mozilla.org/update/3/GMP/66.0.5/20190507012018/WINNT_x86_64-msvc-x64/en-US/release/Windows_NT%2010.0.0.0.17763.437%20(x64)/default/default/update.xml
1557999697243	addons.productaddons	INFO	Completed downloading document
1557999697422	addons.productaddons	INFO	downloadXHR File download. status=200
1557999697427	addons.productaddons	INFO	Downloaded file will be saved to C:\Users\NTVNSV31\AppData\Local\Temp\tmpaddon-b6b1c2
1557999697889	addons.productaddons	INFO	downloadXHR File download. status=200
1557999697892	addons.productaddons	INFO	Downloaded file will be saved to C:\Users\NTVNSV31\AppData\Local\Temp\tmpaddon-d3b734
1557999709572	addons.xpi	DEBUG	Calling bootstrap method shutdown on webcompat@mozilla.org version 3.0.2
1557999709579	addons.xpi	DEBUG	Calling bootstrap method shutdown on screenshots@mozilla.org version 35.0.0
1557999709585	addons.xpi	DEBUG	Calling bootstrap method shutdown on formautofill@mozilla.org version 1.0
[Parent 45972, Gecko_IOThread] WARNING: pipe error: 109: file z:/build/build/src/ipc/chromium/src/chrome/common/ipc_channel_win.cc, line 332
[Child 47576, Chrome_Chil1557999709704	addons.manager	DEBUG	shutdown
1557999709718	addons.manager	DEBUG	Calling shutdown blocker for XPIProvider
1557999709719	addons.xpi	DEBUG	shutdown
1557999709730	addons.xpi-utils	DEBUG	shutdown
1557999709730	addons.manager	DEBUG	Calling shutdown blocker for LightweightThemeManager
1557999709731	addons.manager	DEBUG	Calling shutdown blocker for GMPProvider
1557999709731	addons.manager	DEBUG	Calling shutdown blocker for PluginProvider
1557999709738	addons.manager	DEBUG	Async provider shutdown done

###!!! [Child][MessageChannel::SendAndWait] Error: Channel error: cannot send/recv


	at org.openqa.selenium.firefox.internal.NewProfileExtensionConnection.start(NewProfileExtensionConnection.java:118)
	... 40 more
... Removed 33 stack frames</pre></div><a href='#' onClick='toggleBox("stack-trace1144648478", this, "Click to show all stack frames", "Click to hide stack frames")'>Click to show all stack frames</a>
<div class='stack-trace' id='stack-trace1144648478'><pre>org.openqa.selenium.WebDriverException: Failed to connect to binary FirefoxBinary(C:\Program Files\Mozilla Firefox\firefox.exe) on port 7055; process output follows: 
5925	addons.xpi	DEBUG	Loading bootstrap scope from C:\Program Files\Mozilla Firefox\browser\features\webcompat@mozilla.org.xpi
1557999675925	addons.xpi	DEBUG	Calling bootstrap method startup on webcompat@mozilla.org version 3.0.2
1557999675928	addons.manager	DEBUG	Registering shutdown blocker for XPIProvider
1557999675928	addons.manager	DEBUG	Provider finished startup: XPIProvider
1557999675928	addons.manager	DEBUG	Starting provider: LightweightThemeManager
1557999675928	addons.manager	DEBUG	Registering shutdown blocker for LightweightThemeManager
1557999675928	addons.manager	DEBUG	Provider finished startup: LightweightThemeManager
1557999675928	addons.manager	DEBUG	Starting provider: GMPProvider
1557999675935	addons.manager	DEBUG	Registering shutdown blocker for GMPProvider
1557999675936	addons.manager	DEBUG	Provider finished startup: GMPProvider
1557999675936	addons.manager	DEBUG	Starting provider: PluginProvider
1557999675936	addons.manager	DEBUG	Registering shutdown blocker for PluginProvider
1557999675936	addons.manager	DEBUG	Provider finished startup: PluginProvider
1557999675945	addons.manager	DEBUG	Completed startup sequence
1557999677187	addons.xpi-utils	DEBUG	Starting async load of XPI database C:\Users\NTVNSV31\AppData\Local\Temp\anonymous1904783185098890495webdriver-profile\extensions.json
1557999677219	addons.xpi	DEBUG	Ignoring file: name is not a valid add-on ID: C:\Users\NTVNSV31\AppData\Local\Temp\anonymous1904783185098890495webdriver-profile\extensions\webdriver-staging
1557999677222	addons.xpi	DEBUG	Existing add-on formautofill@mozilla.org in app-system-defaults
1557999677222	addons.xpi	DEBUG	Existing add-on screenshots@mozilla.org in app-system-defaults
1557999677222	addons.xpi	DEBUG	Existing add-on webcompat-reporter@mozilla.org in app-system-defaults
1557999677223	addons.xpi	DEBUG	Existing add-on webcompat@mozilla.org in app-system-defaults
1557999677224	addons.xpi	DEBUG	scanForChanges changed: false, state: {}
1557999677373	addons.xpi-utils	DEBUG	Finished async read of XPI database, parsing...
*** Blocklist::_loadFileInternal: blocklist is disabled
1557999677697	addons.xpi-utils	DEBUG	Successfully read XPI database
1557999678103	addons.manager	DEBUG	Registering upgrade listener for formautofill@mozilla.org
1557999696943	addons.productaddons	INFO	sending request to: https://aus5.mozilla.org/update/3/GMP/66.0.5/20190507012018/WINNT_x86_64-msvc-x64/en-US/release/Windows_NT%2010.0.0.0.17763.437%20(x64)/default/default/update.xml
1557999697243	addons.productaddons	INFO	Completed downloading document
1557999697422	addons.productaddons	INFO	downloadXHR File download. status=200
1557999697427	addons.productaddons	INFO	Downloaded file will be saved to C:\Users\NTVNSV31\AppData\Local\Temp\tmpaddon-b6b1c2
1557999697889	addons.productaddons	INFO	downloadXHR File download. status=200
1557999697892	addons.productaddons	INFO	Downloaded file will be saved to C:\Users\NTVNSV31\AppData\Local\Temp\tmpaddon-d3b734
1557999709572	addons.xpi	DEBUG	Calling bootstrap method shutdown on webcompat@mozilla.org version 3.0.2
1557999709579	addons.xpi	DEBUG	Calling bootstrap method shutdown on screenshots@mozilla.org version 35.0.0
1557999709585	addons.xpi	DEBUG	Calling bootstrap method shutdown on formautofill@mozilla.org version 1.0
[Parent 45972, Gecko_IOThread] WARNING: pipe error: 109: file z:/build/build/src/ipc/chromium/src/chrome/common/ipc_channel_win.cc, line 332
[Child 47576, Chrome_Chil1557999709704	addons.manager	DEBUG	shutdown
1557999709718	addons.manager	DEBUG	Calling shutdown blocker for XPIProvider
1557999709719	addons.xpi	DEBUG	shutdown
1557999709730	addons.xpi-utils	DEBUG	shutdown
1557999709730	addons.manager	DEBUG	Calling shutdown blocker for LightweightThemeManager
1557999709731	addons.manager	DEBUG	Calling shutdown blocker for GMPProvider
1557999709731	addons.manager	DEBUG	Calling shutdown blocker for PluginProvider
1557999709738	addons.manager	DEBUG	Async provider shutdown done

###!!! [Child][MessageChannel::SendAndWait] Error: Channel error: cannot send/recv


Build info: version: &apos;2.39.0&apos;, revision: &apos;14fa800511cc5d66d426e08b0b2ab926c7ed7398&apos;, time: &apos;2013-12-16 13:18:38&apos;
System info: host: &apos;NTISHTCD31&apos;, ip: &apos;10.180.20.34&apos;, os.name: &apos;Windows 10&apos;, os.arch: &apos;amd64&apos;, os.version: &apos;10.0&apos;, java.version: &apos;1.8.0_201&apos;
Driver info: driver.version: FirefoxDriver
	at org.openqa.selenium.firefox.internal.NewProfileExtensionConnection.start(NewProfileExtensionConnection.java:130)
	at org.openqa.selenium.firefox.FirefoxDriver.startClient(FirefoxDriver.java:250)
	at org.openqa.selenium.remote.RemoteWebDriver.&lt;init&gt;(RemoteWebDriver.java:110)
	at org.openqa.selenium.firefox.FirefoxDriver.&lt;init&gt;(FirefoxDriver.java:195)
	at org.openqa.selenium.firefox.FirefoxDriver.&lt;init&gt;(FirefoxDriver.java:190)
	at org.openqa.selenium.firefox.FirefoxDriver.&lt;init&gt;(FirefoxDriver.java:186)
	at org.openqa.selenium.firefox.FirefoxDriver.&lt;init&gt;(FirefoxDriver.java:99)
	at com.mkyong.testng.examples.loadtest.TestMultipleThreads.loadTestThisWebsite(TestMultipleThreads.java:22)
	at sun.reflect.NativeMethodAccessorImpl.invoke0(Native Method)
	at sun.reflect.NativeMethodAccessorImpl.invoke(NativeMethodAccessorImpl.java:62)
	at sun.reflect.DelegatingMethodAccessorImpl.invoke(DelegatingMethodAccessorImpl.java:43)
	at java.lang.reflect.Method.invoke(Method.java:498)
	at org.testng.internal.MethodInvocationHelper.invokeMethod(MethodInvocationHelper.java:84)
	at org.testng.internal.Invoker.invokeMethod(Invoker.java:714)
	at org.testng.internal.Invoker.invokeTestMethod(Invoker.java:901)
	at org.testng.internal.Invoker.invokeTestMethods(Invoker.java:1231)
	at org.testng.internal.TestMethodWorker.invokeTestMethods(TestMethodWorker.java:127)
	at org.testng.internal.TestMethodWorker.run(TestMethodWorker.java:111)
	at org.testng.TestRunner.privateRun(TestRunner.java:767)
	at org.testng.TestRunner.run(TestRunner.java:617)
	at org.testng.SuiteRunner.runTest(SuiteRunner.java:334)
	at org.testng.SuiteRunner.runSequentially(SuiteRunner.java:329)
	at org.testng.SuiteRunner.privateRun(SuiteRunner.java:291)
	at org.testng.SuiteRunner.run(SuiteRunner.java:240)
	at org.testng.SuiteRunnerWorker.runSuite(SuiteRunnerWorker.java:52)
	at org.testng.SuiteRunnerWorker.run(SuiteRunnerWorker.java:86)
	at org.testng.TestNG.runSuitesSequentially(TestNG.java:1224)
	at org.testng.TestNG.runSuitesLocally(TestNG.java:1149)
	at org.testng.TestNG.run(TestNG.java:1057)
	at org.apache.maven.surefire.testng.TestNGExecutor.run(TestNGExecutor.java:77)
	at org.apache.maven.surefire.testng.TestNGDirectoryTestSuite.execute(TestNGDirectoryTestSuite.java:110)
	at org.apache.maven.surefire.testng.TestNGProvider.invoke(TestNGProvider.java:106)
	at sun.reflect.NativeMethodAccessorImpl.invoke0(Native Method)
	at sun.reflect.NativeMethodAccessorImpl.invoke(NativeMethodAccessorImpl.java:62)
	at sun.reflect.DelegatingMethodAccessorImpl.invoke(DelegatingMethodAccessorImpl.java:43)
	at java.lang.reflect.Method.invoke(Method.java:498)
	at org.apache.maven.surefire.util.ReflectionUtils.invokeMethodWithArray(ReflectionUtils.java:189)
	at org.apache.maven.surefire.booter.ProviderFactory$ProviderProxy.invoke(ProviderFactory.java:165)
	at org.apache.maven.surefire.booter.ProviderFactory.invokeProvider(ProviderFactory.java:85)
	at org.apache.maven.surefire.booter.ForkedBooter.runSuitesInProcess(ForkedBooter.java:115)
	at org.apache.maven.surefire.booter.ForkedBooter.main(ForkedBooter.java:75)
Caused by: org.openqa.selenium.firefox.NotConnectedException: Unable to connect to host 127.0.0.1 on port 7055 after 45000 ms. Firefox console output:
5925	addons.xpi	DEBUG	Loading bootstrap scope from C:\Program Files\Mozilla Firefox\browser\features\webcompat@mozilla.org.xpi
1557999675925	addons.xpi	DEBUG	Calling bootstrap method startup on webcompat@mozilla.org version 3.0.2
1557999675928	addons.manager	DEBUG	Registering shutdown blocker for XPIProvider
1557999675928	addons.manager	DEBUG	Provider finished startup: XPIProvider
1557999675928	addons.manager	DEBUG	Starting provider: LightweightThemeManager
1557999675928	addons.manager	DEBUG	Registering shutdown blocker for LightweightThemeManager
1557999675928	addons.manager	DEBUG	Provider finished startup: LightweightThemeManager
1557999675928	addons.manager	DEBUG	Starting provider: GMPProvider
1557999675935	addons.manager	DEBUG	Registering shutdown blocker for GMPProvider
1557999675936	addons.manager	DEBUG	Provider finished startup: GMPProvider
1557999675936	addons.manager	DEBUG	Starting provider: PluginProvider
1557999675936	addons.manager	DEBUG	Registering shutdown blocker for PluginProvider
1557999675936	addons.manager	DEBUG	Provider finished startup: PluginProvider
1557999675945	addons.manager	DEBUG	Completed startup sequence
1557999677187	addons.xpi-utils	DEBUG	Starting async load of XPI database C:\Users\NTVNSV31\AppData\Local\Temp\anonymous1904783185098890495webdriver-profile\extensions.json
1557999677219	addons.xpi	DEBUG	Ignoring file: name is not a valid add-on ID: C:\Users\NTVNSV31\AppData\Local\Temp\anonymous1904783185098890495webdriver-profile\extensions\webdriver-staging
1557999677222	addons.xpi	DEBUG	Existing add-on formautofill@mozilla.org in app-system-defaults
1557999677222	addons.xpi	DEBUG	Existing add-on screenshots@mozilla.org in app-system-defaults
1557999677222	addons.xpi	DEBUG	Existing add-on webcompat-reporter@mozilla.org in app-system-defaults
1557999677223	addons.xpi	DEBUG	Existing add-on webcompat@mozilla.org in app-system-defaults
1557999677224	addons.xpi	DEBUG	scanForChanges changed: false, state: {}
1557999677373	addons.xpi-utils	DEBUG	Finished async read of XPI database, parsing...
*** Blocklist::_loadFileInternal: blocklist is disabled
1557999677697	addons.xpi-utils	DEBUG	Successfully read XPI database
1557999678103	addons.manager	DEBUG	Registering upgrade listener for formautofill@mozilla.org
1557999696943	addons.productaddons	INFO	sending request to: https://aus5.mozilla.org/update/3/GMP/66.0.5/20190507012018/WINNT_x86_64-msvc-x64/en-US/release/Windows_NT%2010.0.0.0.17763.437%20(x64)/default/default/update.xml
1557999697243	addons.productaddons	INFO	Completed downloading document
1557999697422	addons.productaddons	INFO	downloadXHR File download. status=200
1557999697427	addons.productaddons	INFO	Downloaded file will be saved to C:\Users\NTVNSV31\AppData\Local\Temp\tmpaddon-b6b1c2
1557999697889	addons.productaddons	INFO	downloadXHR File download. status=200
1557999697892	addons.productaddons	INFO	Downloaded file will be saved to C:\Users\NTVNSV31\AppData\Local\Temp\tmpaddon-d3b734
1557999709572	addons.xpi	DEBUG	Calling bootstrap method shutdown on webcompat@mozilla.org version 3.0.2
1557999709579	addons.xpi	DEBUG	Calling bootstrap method shutdown on screenshots@mozilla.org version 35.0.0
1557999709585	addons.xpi	DEBUG	Calling bootstrap method shutdown on formautofill@mozilla.org version 1.0
[Parent 45972, Gecko_IOThread] WARNING: pipe error: 109: file z:/build/build/src/ipc/chromium/src/chrome/common/ipc_channel_win.cc, line 332
[Child 47576, Chrome_Chil1557999709704	addons.manager	DEBUG	shutdown
1557999709718	addons.manager	DEBUG	Calling shutdown blocker for XPIProvider
1557999709719	addons.xpi	DEBUG	shutdown
1557999709730	addons.xpi-utils	DEBUG	shutdown
1557999709730	addons.manager	DEBUG	Calling shutdown blocker for LightweightThemeManager
1557999709731	addons.manager	DEBUG	Calling shutdown blocker for GMPProvider
1557999709731	addons.manager	DEBUG	Calling shutdown blocker for PluginProvider
1557999709738	addons.manager	DEBUG	Async provider shutdown done

###!!! [Child][MessageChannel::SendAndWait] Error: Channel error: cannot send/recv


	at org.openqa.selenium.firefox.internal.NewProfileExtensionConnection.start(NewProfileExtensionConnection.java:118)
	... 40 more
</pre></div></td>
<td>65</td>
<td>com.mkyong.testng.examples.loadtest.TestMultipleThreads@5315b42e</td></tr>
<tr>
<td title='com.mkyong.testng.examples.loadtest.TestMultipleThreads.loadTestThisWebsite()'><b>loadTestThisWebsite</b><br>Test class: com.mkyong.testng.examples.loadtest.TestMultipleThreads</td>
<td><div><pre>org.openqa.selenium.WebDriverException: Failed to connect to binary FirefoxBinary(C:\Program Files\Mozilla Firefox\firefox.exe) on port 7055; process output follows: 
Local\Temp\anonymous6438025167997868301webdriver-profile\extensions\webdriver-staging
1557999724407	addons.xpi	DEBUG	Existing add-on formautofill@mozilla.org in app-system-defaults
1557999724408	addons.xpi	DEBUG	Existing add-on screenshots@mozilla.org in app-system-defaults
1557999724409	addons.xpi	DEBUG	Existing add-on webcompat-reporter@mozilla.org in app-system-defaults
1557999724409	addons.xpi	DEBUG	Existing add-on webcompat@mozilla.org in app-system-defaults
1557999724410	addons.xpi	DEBUG	scanForChanges changed: false, state: {}
1557999724411	addons.xpi	DEBUG	No changes found
1557999724416	addons.xpi	DEBUG	Loading bootstrap scope from C:\Program Files\Mozilla Firefox\browser\features\formautofill@mozilla.org.xpi
1557999724442	addons.xpi	DEBUG	Calling bootstrap method startup on formautofill@mozilla.org version 1.0
1557999724444	addons.xpi	DEBUG	Loading bootstrap scope from C:\Program Files\Mozilla Firefox\browser\features\screenshots@mozilla.org.xpi
1557999724445	addons.xpi	DEBUG	Calling bootstrap method startup on screenshots@mozilla.org version 35.0.0
1557999724445	addons.xpi	DEBUG	Loading bootstrap scope from C:\Program Files\Mozilla Firefox\browser\features\webcompat@mozilla.org.xpi
1557999724446	addons.xpi	DEBUG	Calling bootstrap method startup on webcompat@mozilla.org version 3.0.2
1557999724447	addons.manager	DEBUG	Registering shutdown blocker for XPIProvider
1557999724447	addons.manager	DEBUG	Provider finished startup: XPIProvider
1557999724447	addons.manager	DEBUG	Starting provider: LightweightThemeManager
1557999724447	addons.manager	DEBUG	Registering shutdown blocker for LightweightThemeManager
1557999724448	addons.manager	DEBUG	Provider finished startup: LightweightThemeManager
1557999724448	addons.manager	DEBUG	Starting provider: GMPProvider
1557999724455	addons.manager	DEBUG	Registering shutdown blocker for GMPProvider
1557999724455	addons.manager	DEBUG	Provider finished startup: GMPProvider
1557999724455	addons.manager	DEBUG	Starting provider: PluginProvider
1557999724455	addons.manager	DEBUG	Registering shutdown blocker for PluginProvider
1557999724455	addons.manager	DEBUG	Provider finished startup: PluginProvider
1557999724464	addons.manager	DEBUG	Completed startup sequence
1557999725710	addons.xpi-utils	DEBUG	Starting async load of XPI database C:\Users\NTVNSV31\AppData\Local\Temp\anonymous6438025167997868301webdriver-profile\extensions.json
1557999725742	addons.xpi	DEBUG	Ignoring file: name is not a valid add-on ID: C:\Users\NTVNSV31\AppData\Local\Temp\anonymous6438025167997868301webdriver-profile\extensions\webdriver-staging
1557999725743	addons.xpi	DEBUG	Existing add-on formautofill@mozilla.org in app-system-defaults
1557999725743	addons.xpi	DEBUG	Existing add-on screenshots@mozilla.org in app-system-defaults
1557999725743	addons.xpi	DEBUG	Existing add-on webcompat-reporter@mozilla.org in app-system-defaults
1557999725743	addons.xpi	DEBUG	Existing add-on webcompat@mozilla.org in app-system-defaults
1557999725744	addons.xpi	DEBUG	scanForChanges changed: false, state: {}
1557999725900	addons.xpi-utils	DEBUG	Finished async read of XPI database, parsing...
*** Blocklist::_loadFileInternal: blocklist is disabled
1557999726024	addons.xpi-utils	DEBUG	Successfully read XPI database
1557999726583	addons.manager	DEBUG	Registering upgrade listener for formautofill@mozilla.org
1557999745467	addons.productaddons	INFO	sending request to: https://aus5.mozilla.org/update/3/GMP/66.0.5/20190507012018/WINNT_x86_64-msvc-x64/en-US/release/Windows_NT%2010.0.0.0.17763.437%20(x64)/default/default/update.xml
1557999745747	addons.productaddons	INFO	Completed downloading document
1557999745857	addons.productaddons	INFO	downloadXHR File download. status=200
1557999745861	addons.productaddons	INFO	Downloaded file will be saved to C:\Users\NTVNSV31\AppData\Local\Temp\tmpaddon-71f9ce
1557999746354	addons.productaddons	INFO	downloadXHR File download. status=200
1557999746356	addons.productaddons	INFO	Downloaded file will be saved to C:\Users\NTVNSV31\AppData\Local\Temp\tmpaddon-dd0993

Build info: version: &apos;2.39.0&apos;, revision: &apos;14fa800511cc5d66d426e08b0b2ab926c7ed7398&apos;, time: &apos;2013-12-16 13:18:38&apos;
System info: host: &apos;NTISHTCD31&apos;, ip: &apos;10.180.20.34&apos;, os.name: &apos;Windows 10&apos;, os.arch: &apos;amd64&apos;, os.version: &apos;10.0&apos;, java.version: &apos;1.8.0_201&apos;
Driver info: driver.version: FirefoxDriver
	at org.openqa.selenium.firefox.internal.NewProfileExtensionConnection.start(NewProfileExtensionConnection.java:130)
	at org.openqa.selenium.firefox.FirefoxDriver.startClient(FirefoxDriver.java:250)
	at org.openqa.selenium.remote.RemoteWebDriver.&lt;init&gt;(RemoteWebDriver.java:110)
	at org.openqa.selenium.firefox.FirefoxDriver.&lt;init&gt;(FirefoxDriver.java:195)
	at org.openqa.selenium.firefox.FirefoxDriver.&lt;init&gt;(FirefoxDriver.java:190)
	at org.openqa.selenium.firefox.FirefoxDriver.&lt;init&gt;(FirefoxDriver.java:186)
	at org.openqa.selenium.firefox.FirefoxDriver.&lt;init&gt;(FirefoxDriver.java:99)
	at com.mkyong.testng.examples.loadtest.TestMultipleThreads.loadTestThisWebsite(TestMultipleThreads.java:22)
Caused by: org.openqa.selenium.firefox.NotConnectedException: Unable to connect to host 127.0.0.1 on port 7055 after 45000 ms. Firefox console output:
Local\Temp\anonymous6438025167997868301webdriver-profile\extensions\webdriver-staging
1557999724407	addons.xpi	DEBUG	Existing add-on formautofill@mozilla.org in app-system-defaults
1557999724408	addons.xpi	DEBUG	Existing add-on screenshots@mozilla.org in app-system-defaults
1557999724409	addons.xpi	DEBUG	Existing add-on webcompat-reporter@mozilla.org in app-system-defaults
1557999724409	addons.xpi	DEBUG	Existing add-on webcompat@mozilla.org in app-system-defaults
1557999724410	addons.xpi	DEBUG	scanForChanges changed: false, state: {}
1557999724411	addons.xpi	DEBUG	No changes found
1557999724416	addons.xpi	DEBUG	Loading bootstrap scope from C:\Program Files\Mozilla Firefox\browser\features\formautofill@mozilla.org.xpi
1557999724442	addons.xpi	DEBUG	Calling bootstrap method startup on formautofill@mozilla.org version 1.0
1557999724444	addons.xpi	DEBUG	Loading bootstrap scope from C:\Program Files\Mozilla Firefox\browser\features\screenshots@mozilla.org.xpi
1557999724445	addons.xpi	DEBUG	Calling bootstrap method startup on screenshots@mozilla.org version 35.0.0
1557999724445	addons.xpi	DEBUG	Loading bootstrap scope from C:\Program Files\Mozilla Firefox\browser\features\webcompat@mozilla.org.xpi
1557999724446	addons.xpi	DEBUG	Calling bootstrap method startup on webcompat@mozilla.org version 3.0.2
1557999724447	addons.manager	DEBUG	Registering shutdown blocker for XPIProvider
1557999724447	addons.manager	DEBUG	Provider finished startup: XPIProvider
1557999724447	addons.manager	DEBUG	Starting provider: LightweightThemeManager
1557999724447	addons.manager	DEBUG	Registering shutdown blocker for LightweightThemeManager
1557999724448	addons.manager	DEBUG	Provider finished startup: LightweightThemeManager
1557999724448	addons.manager	DEBUG	Starting provider: GMPProvider
1557999724455	addons.manager	DEBUG	Registering shutdown blocker for GMPProvider
1557999724455	addons.manager	DEBUG	Provider finished startup: GMPProvider
1557999724455	addons.manager	DEBUG	Starting provider: PluginProvider
1557999724455	addons.manager	DEBUG	Registering shutdown blocker for PluginProvider
1557999724455	addons.manager	DEBUG	Provider finished startup: PluginProvider
1557999724464	addons.manager	DEBUG	Completed startup sequence
1557999725710	addons.xpi-utils	DEBUG	Starting async load of XPI database C:\Users\NTVNSV31\AppData\Local\Temp\anonymous6438025167997868301webdriver-profile\extensions.json
1557999725742	addons.xpi	DEBUG	Ignoring file: name is not a valid add-on ID: C:\Users\NTVNSV31\AppData\Local\Temp\anonymous6438025167997868301webdriver-profile\extensions\webdriver-staging
1557999725743	addons.xpi	DEBUG	Existing add-on formautofill@mozilla.org in app-system-defaults
1557999725743	addons.xpi	DEBUG	Existing add-on screenshots@mozilla.org in app-system-defaults
1557999725743	addons.xpi	DEBUG	Existing add-on webcompat-reporter@mozilla.org in app-system-defaults
1557999725743	addons.xpi	DEBUG	Existing add-on webcompat@mozilla.org in app-system-defaults
1557999725744	addons.xpi	DEBUG	scanForChanges changed: false, state: {}
1557999725900	addons.xpi-utils	DEBUG	Finished async read of XPI database, parsing...
*** Blocklist::_loadFileInternal: blocklist is disabled
1557999726024	addons.xpi-utils	DEBUG	Successfully read XPI database
1557999726583	addons.manager	DEBUG	Registering upgrade listener for formautofill@mozilla.org
1557999745467	addons.productaddons	INFO	sending request to: https://aus5.mozilla.org/update/3/GMP/66.0.5/20190507012018/WINNT_x86_64-msvc-x64/en-US/release/Windows_NT%2010.0.0.0.17763.437%20(x64)/default/default/update.xml
1557999745747	addons.productaddons	INFO	Completed downloading document
1557999745857	addons.productaddons	INFO	downloadXHR File download. status=200
1557999745861	addons.productaddons	INFO	Downloaded file will be saved to C:\Users\NTVNSV31\AppData\Local\Temp\tmpaddon-71f9ce
1557999746354	addons.productaddons	INFO	downloadXHR File download. status=200
1557999746356	addons.productaddons	INFO	Downloaded file will be saved to C:\Users\NTVNSV31\AppData\Local\Temp\tmpaddon-dd0993

	at org.openqa.selenium.firefox.internal.NewProfileExtensionConnection.start(NewProfileExtensionConnection.java:118)
	... 40 more
... Removed 33 stack frames</pre></div><a href='#' onClick='toggleBox("stack-trace1359484306", this, "Click to show all stack frames", "Click to hide stack frames")'>Click to show all stack frames</a>
<div class='stack-trace' id='stack-trace1359484306'><pre>org.openqa.selenium.WebDriverException: Failed to connect to binary FirefoxBinary(C:\Program Files\Mozilla Firefox\firefox.exe) on port 7055; process output follows: 
Local\Temp\anonymous6438025167997868301webdriver-profile\extensions\webdriver-staging
1557999724407	addons.xpi	DEBUG	Existing add-on formautofill@mozilla.org in app-system-defaults
1557999724408	addons.xpi	DEBUG	Existing add-on screenshots@mozilla.org in app-system-defaults
1557999724409	addons.xpi	DEBUG	Existing add-on webcompat-reporter@mozilla.org in app-system-defaults
1557999724409	addons.xpi	DEBUG	Existing add-on webcompat@mozilla.org in app-system-defaults
1557999724410	addons.xpi	DEBUG	scanForChanges changed: false, state: {}
1557999724411	addons.xpi	DEBUG	No changes found
1557999724416	addons.xpi	DEBUG	Loading bootstrap scope from C:\Program Files\Mozilla Firefox\browser\features\formautofill@mozilla.org.xpi
1557999724442	addons.xpi	DEBUG	Calling bootstrap method startup on formautofill@mozilla.org version 1.0
1557999724444	addons.xpi	DEBUG	Loading bootstrap scope from C:\Program Files\Mozilla Firefox\browser\features\screenshots@mozilla.org.xpi
1557999724445	addons.xpi	DEBUG	Calling bootstrap method startup on screenshots@mozilla.org version 35.0.0
1557999724445	addons.xpi	DEBUG	Loading bootstrap scope from C:\Program Files\Mozilla Firefox\browser\features\webcompat@mozilla.org.xpi
1557999724446	addons.xpi	DEBUG	Calling bootstrap method startup on webcompat@mozilla.org version 3.0.2
1557999724447	addons.manager	DEBUG	Registering shutdown blocker for XPIProvider
1557999724447	addons.manager	DEBUG	Provider finished startup: XPIProvider
1557999724447	addons.manager	DEBUG	Starting provider: LightweightThemeManager
1557999724447	addons.manager	DEBUG	Registering shutdown blocker for LightweightThemeManager
1557999724448	addons.manager	DEBUG	Provider finished startup: LightweightThemeManager
1557999724448	addons.manager	DEBUG	Starting provider: GMPProvider
1557999724455	addons.manager	DEBUG	Registering shutdown blocker for GMPProvider
1557999724455	addons.manager	DEBUG	Provider finished startup: GMPProvider
1557999724455	addons.manager	DEBUG	Starting provider: PluginProvider
1557999724455	addons.manager	DEBUG	Registering shutdown blocker for PluginProvider
1557999724455	addons.manager	DEBUG	Provider finished startup: PluginProvider
1557999724464	addons.manager	DEBUG	Completed startup sequence
1557999725710	addons.xpi-utils	DEBUG	Starting async load of XPI database C:\Users\NTVNSV31\AppData\Local\Temp\anonymous6438025167997868301webdriver-profile\extensions.json
1557999725742	addons.xpi	DEBUG	Ignoring file: name is not a valid add-on ID: C:\Users\NTVNSV31\AppData\Local\Temp\anonymous6438025167997868301webdriver-profile\extensions\webdriver-staging
1557999725743	addons.xpi	DEBUG	Existing add-on formautofill@mozilla.org in app-system-defaults
1557999725743	addons.xpi	DEBUG	Existing add-on screenshots@mozilla.org in app-system-defaults
1557999725743	addons.xpi	DEBUG	Existing add-on webcompat-reporter@mozilla.org in app-system-defaults
1557999725743	addons.xpi	DEBUG	Existing add-on webcompat@mozilla.org in app-system-defaults
1557999725744	addons.xpi	DEBUG	scanForChanges changed: false, state: {}
1557999725900	addons.xpi-utils	DEBUG	Finished async read of XPI database, parsing...
*** Blocklist::_loadFileInternal: blocklist is disabled
1557999726024	addons.xpi-utils	DEBUG	Successfully read XPI database
1557999726583	addons.manager	DEBUG	Registering upgrade listener for formautofill@mozilla.org
1557999745467	addons.productaddons	INFO	sending request to: https://aus5.mozilla.org/update/3/GMP/66.0.5/20190507012018/WINNT_x86_64-msvc-x64/en-US/release/Windows_NT%2010.0.0.0.17763.437%20(x64)/default/default/update.xml
1557999745747	addons.productaddons	INFO	Completed downloading document
1557999745857	addons.productaddons	INFO	downloadXHR File download. status=200
1557999745861	addons.productaddons	INFO	Downloaded file will be saved to C:\Users\NTVNSV31\AppData\Local\Temp\tmpaddon-71f9ce
1557999746354	addons.productaddons	INFO	downloadXHR File download. status=200
1557999746356	addons.productaddons	INFO	Downloaded file will be saved to C:\Users\NTVNSV31\AppData\Local\Temp\tmpaddon-dd0993

Build info: version: &apos;2.39.0&apos;, revision: &apos;14fa800511cc5d66d426e08b0b2ab926c7ed7398&apos;, time: &apos;2013-12-16 13:18:38&apos;
System info: host: &apos;NTISHTCD31&apos;, ip: &apos;10.180.20.34&apos;, os.name: &apos;Windows 10&apos;, os.arch: &apos;amd64&apos;, os.version: &apos;10.0&apos;, java.version: &apos;1.8.0_201&apos;
Driver info: driver.version: FirefoxDriver
	at org.openqa.selenium.firefox.internal.NewProfileExtensionConnection.start(NewProfileExtensionConnection.java:130)
	at org.openqa.selenium.firefox.FirefoxDriver.startClient(FirefoxDriver.java:250)
	at org.openqa.selenium.remote.RemoteWebDriver.&lt;init&gt;(RemoteWebDriver.java:110)
	at org.openqa.selenium.firefox.FirefoxDriver.&lt;init&gt;(FirefoxDriver.java:195)
	at org.openqa.selenium.firefox.FirefoxDriver.&lt;init&gt;(FirefoxDriver.java:190)
	at org.openqa.selenium.firefox.FirefoxDriver.&lt;init&gt;(FirefoxDriver.java:186)
	at org.openqa.selenium.firefox.FirefoxDriver.&lt;init&gt;(FirefoxDriver.java:99)
	at com.mkyong.testng.examples.loadtest.TestMultipleThreads.loadTestThisWebsite(TestMultipleThreads.java:22)
	at sun.reflect.NativeMethodAccessorImpl.invoke0(Native Method)
	at sun.reflect.NativeMethodAccessorImpl.invoke(NativeMethodAccessorImpl.java:62)
	at sun.reflect.DelegatingMethodAccessorImpl.invoke(DelegatingMethodAccessorImpl.java:43)
	at java.lang.reflect.Method.invoke(Method.java:498)
	at org.testng.internal.MethodInvocationHelper.invokeMethod(MethodInvocationHelper.java:84)
	at org.testng.internal.Invoker.invokeMethod(Invoker.java:714)
	at org.testng.internal.Invoker.invokeTestMethod(Invoker.java:901)
	at org.testng.internal.Invoker.invokeTestMethods(Invoker.java:1231)
	at org.testng.internal.TestMethodWorker.invokeTestMethods(TestMethodWorker.java:127)
	at org.testng.internal.TestMethodWorker.run(TestMethodWorker.java:111)
	at org.testng.TestRunner.privateRun(TestRunner.java:767)
	at org.testng.TestRunner.run(TestRunner.java:617)
	at org.testng.SuiteRunner.runTest(SuiteRunner.java:334)
	at org.testng.SuiteRunner.runSequentially(SuiteRunner.java:329)
	at org.testng.SuiteRunner.privateRun(SuiteRunner.java:291)
	at org.testng.SuiteRunner.run(SuiteRunner.java:240)
	at org.testng.SuiteRunnerWorker.runSuite(SuiteRunnerWorker.java:52)
	at org.testng.SuiteRunnerWorker.run(SuiteRunnerWorker.java:86)
	at org.testng.TestNG.runSuitesSequentially(TestNG.java:1224)
	at org.testng.TestNG.runSuitesLocally(TestNG.java:1149)
	at org.testng.TestNG.run(TestNG.java:1057)
	at org.apache.maven.surefire.testng.TestNGExecutor.run(TestNGExecutor.java:77)
	at org.apache.maven.surefire.testng.TestNGDirectoryTestSuite.execute(TestNGDirectoryTestSuite.java:110)
	at org.apache.maven.surefire.testng.TestNGProvider.invoke(TestNGProvider.java:106)
	at sun.reflect.NativeMethodAccessorImpl.invoke0(Native Method)
	at sun.reflect.NativeMethodAccessorImpl.invoke(NativeMethodAccessorImpl.java:62)
	at sun.reflect.DelegatingMethodAccessorImpl.invoke(DelegatingMethodAccessorImpl.java:43)
	at java.lang.reflect.Method.invoke(Method.java:498)
	at org.apache.maven.surefire.util.ReflectionUtils.invokeMethodWithArray(ReflectionUtils.java:189)
	at org.apache.maven.surefire.booter.ProviderFactory$ProviderProxy.invoke(ProviderFactory.java:165)
	at org.apache.maven.surefire.booter.ProviderFactory.invokeProvider(ProviderFactory.java:85)
	at org.apache.maven.surefire.booter.ForkedBooter.runSuitesInProcess(ForkedBooter.java:115)
	at org.apache.maven.surefire.booter.ForkedBooter.main(ForkedBooter.java:75)
Caused by: org.openqa.selenium.firefox.NotConnectedException: Unable to connect to host 127.0.0.1 on port 7055 after 45000 ms. Firefox console output:
Local\Temp\anonymous6438025167997868301webdriver-profile\extensions\webdriver-staging
1557999724407	addons.xpi	DEBUG	Existing add-on formautofill@mozilla.org in app-system-defaults
1557999724408	addons.xpi	DEBUG	Existing add-on screenshots@mozilla.org in app-system-defaults
1557999724409	addons.xpi	DEBUG	Existing add-on webcompat-reporter@mozilla.org in app-system-defaults
1557999724409	addons.xpi	DEBUG	Existing add-on webcompat@mozilla.org in app-system-defaults
1557999724410	addons.xpi	DEBUG	scanForChanges changed: false, state: {}
1557999724411	addons.xpi	DEBUG	No changes found
1557999724416	addons.xpi	DEBUG	Loading bootstrap scope from C:\Program Files\Mozilla Firefox\browser\features\formautofill@mozilla.org.xpi
1557999724442	addons.xpi	DEBUG	Calling bootstrap method startup on formautofill@mozilla.org version 1.0
1557999724444	addons.xpi	DEBUG	Loading bootstrap scope from C:\Program Files\Mozilla Firefox\browser\features\screenshots@mozilla.org.xpi
1557999724445	addons.xpi	DEBUG	Calling bootstrap method startup on screenshots@mozilla.org version 35.0.0
1557999724445	addons.xpi	DEBUG	Loading bootstrap scope from C:\Program Files\Mozilla Firefox\browser\features\webcompat@mozilla.org.xpi
1557999724446	addons.xpi	DEBUG	Calling bootstrap method startup on webcompat@mozilla.org version 3.0.2
1557999724447	addons.manager	DEBUG	Registering shutdown blocker for XPIProvider
1557999724447	addons.manager	DEBUG	Provider finished startup: XPIProvider
1557999724447	addons.manager	DEBUG	Starting provider: LightweightThemeManager
1557999724447	addons.manager	DEBUG	Registering shutdown blocker for LightweightThemeManager
1557999724448	addons.manager	DEBUG	Provider finished startup: LightweightThemeManager
1557999724448	addons.manager	DEBUG	Starting provider: GMPProvider
1557999724455	addons.manager	DEBUG	Registering shutdown blocker for GMPProvider
1557999724455	addons.manager	DEBUG	Provider finished startup: GMPProvider
1557999724455	addons.manager	DEBUG	Starting provider: PluginProvider
1557999724455	addons.manager	DEBUG	Registering shutdown blocker for PluginProvider
1557999724455	addons.manager	DEBUG	Provider finished startup: PluginProvider
1557999724464	addons.manager	DEBUG	Completed startup sequence
1557999725710	addons.xpi-utils	DEBUG	Starting async load of XPI database C:\Users\NTVNSV31\AppData\Local\Temp\anonymous6438025167997868301webdriver-profile\extensions.json
1557999725742	addons.xpi	DEBUG	Ignoring file: name is not a valid add-on ID: C:\Users\NTVNSV31\AppData\Local\Temp\anonymous6438025167997868301webdriver-profile\extensions\webdriver-staging
1557999725743	addons.xpi	DEBUG	Existing add-on formautofill@mozilla.org in app-system-defaults
1557999725743	addons.xpi	DEBUG	Existing add-on screenshots@mozilla.org in app-system-defaults
1557999725743	addons.xpi	DEBUG	Existing add-on webcompat-reporter@mozilla.org in app-system-defaults
1557999725743	addons.xpi	DEBUG	Existing add-on webcompat@mozilla.org in app-system-defaults
1557999725744	addons.xpi	DEBUG	scanForChanges changed: false, state: {}
1557999725900	addons.xpi-utils	DEBUG	Finished async read of XPI database, parsing...
*** Blocklist::_loadFileInternal: blocklist is disabled
1557999726024	addons.xpi-utils	DEBUG	Successfully read XPI database
1557999726583	addons.manager	DEBUG	Registering upgrade listener for formautofill@mozilla.org
1557999745467	addons.productaddons	INFO	sending request to: https://aus5.mozilla.org/update/3/GMP/66.0.5/20190507012018/WINNT_x86_64-msvc-x64/en-US/release/Windows_NT%2010.0.0.0.17763.437%20(x64)/default/default/update.xml
1557999745747	addons.productaddons	INFO	Completed downloading document
1557999745857	addons.productaddons	INFO	downloadXHR File download. status=200
1557999745861	addons.productaddons	INFO	Downloaded file will be saved to C:\Users\NTVNSV31\AppData\Local\Temp\tmpaddon-71f9ce
1557999746354	addons.productaddons	INFO	downloadXHR File download. status=200
1557999746356	addons.productaddons	INFO	Downloaded file will be saved to C:\Users\NTVNSV31\AppData\Local\Temp\tmpaddon-dd0993

	at org.openqa.selenium.firefox.internal.NewProfileExtensionConnection.start(NewProfileExtensionConnection.java:118)
	... 40 more
</pre></div></td>
<td>48</td>
<td>com.mkyong.testng.examples.loadtest.TestMultipleThreads@5315b42e</td></tr>
<tr>
<td title='com.mkyong.testng.examples.loadtest.TestMultipleThreads.loadTestThisWebsite()'><b>loadTestThisWebsite</b><br>Test class: com.mkyong.testng.examples.loadtest.TestMultipleThreads</td>
<td><div><pre>org.openqa.selenium.WebDriverException: Failed to connect to binary FirefoxBinary(C:\Program Files\Mozilla Firefox\firefox.exe) on port 7055; process output follows: 
Local\Temp\anonymous2853163865558203726webdriver-profile\extensions\webdriver-staging
1557999773067	addons.xpi	DEBUG	Existing add-on formautofill@mozilla.org in app-system-defaults
1557999773068	addons.xpi	DEBUG	Existing add-on screenshots@mozilla.org in app-system-defaults
1557999773069	addons.xpi	DEBUG	Existing add-on webcompat-reporter@mozilla.org in app-system-defaults
1557999773070	addons.xpi	DEBUG	Existing add-on webcompat@mozilla.org in app-system-defaults
1557999773071	addons.xpi	DEBUG	scanForChanges changed: false, state: {}
1557999773072	addons.xpi	DEBUG	No changes found
1557999773078	addons.xpi	DEBUG	Loading bootstrap scope from C:\Program Files\Mozilla Firefox\browser\features\formautofill@mozilla.org.xpi
1557999773112	addons.xpi	DEBUG	Calling bootstrap method startup on formautofill@mozilla.org version 1.0
1557999773114	addons.xpi	DEBUG	Loading bootstrap scope from C:\Program Files\Mozilla Firefox\browser\features\screenshots@mozilla.org.xpi
1557999773114	addons.xpi	DEBUG	Calling bootstrap method startup on screenshots@mozilla.org version 35.0.0
1557999773115	addons.xpi	DEBUG	Loading bootstrap scope from C:\Program Files\Mozilla Firefox\browser\features\webcompat@mozilla.org.xpi
1557999773116	addons.xpi	DEBUG	Calling bootstrap method startup on webcompat@mozilla.org version 3.0.2
1557999773117	addons.manager	DEBUG	Registering shutdown blocker for XPIProvider
1557999773117	addons.manager	DEBUG	Provider finished startup: XPIProvider
1557999773117	addons.manager	DEBUG	Starting provider: LightweightThemeManager
1557999773117	addons.manager	DEBUG	Registering shutdown blocker for LightweightThemeManager
1557999773117	addons.manager	DEBUG	Provider finished startup: LightweightThemeManager
1557999773118	addons.manager	DEBUG	Starting provider: GMPProvider
1557999773127	addons.manager	DEBUG	Registering shutdown blocker for GMPProvider
1557999773127	addons.manager	DEBUG	Provider finished startup: GMPProvider
1557999773127	addons.manager	DEBUG	Starting provider: PluginProvider
1557999773127	addons.manager	DEBUG	Registering shutdown blocker for PluginProvider
1557999773128	addons.manager	DEBUG	Provider finished startup: PluginProvider
1557999773138	addons.manager	DEBUG	Completed startup sequence
1557999774419	addons.xpi-utils	DEBUG	Starting async load of XPI database C:\Users\NTVNSV31\AppData\Local\Temp\anonymous2853163865558203726webdriver-profile\extensions.json
1557999774448	addons.xpi	DEBUG	Ignoring file: name is not a valid add-on ID: C:\Users\NTVNSV31\AppData\Local\Temp\anonymous2853163865558203726webdriver-profile\extensions\webdriver-staging
1557999774450	addons.xpi	DEBUG	Existing add-on formautofill@mozilla.org in app-system-defaults
1557999774450	addons.xpi	DEBUG	Existing add-on screenshots@mozilla.org in app-system-defaults
1557999774450	addons.xpi	DEBUG	Existing add-on webcompat-reporter@mozilla.org in app-system-defaults
1557999774450	addons.xpi	DEBUG	Existing add-on webcompat@mozilla.org in app-system-defaults
1557999774451	addons.xpi	DEBUG	scanForChanges changed: false, state: {}
1557999774602	addons.xpi-utils	DEBUG	Finished async read of XPI database, parsing...
*** Blocklist::_loadFileInternal: blocklist is disabled
1557999774832	addons.xpi-utils	DEBUG	Successfully read XPI database
1557999775346	addons.manager	DEBUG	Registering upgrade listener for formautofill@mozilla.org
1557999795637	addons.productaddons	INFO	sending request to: https://aus5.mozilla.org/update/3/GMP/66.0.5/20190507012018/WINNT_x86_64-msvc-x64/en-US/release/Windows_NT%2010.0.0.0.17763.437%20(x64)/default/default/update.xml
1557999795900	addons.productaddons	INFO	Completed downloading document
1557999796019	addons.productaddons	INFO	downloadXHR File download. status=200
1557999796023	addons.productaddons	INFO	Downloaded file will be saved to C:\Users\NTVNSV31\AppData\Local\Temp\tmpaddon-c88b67
1557999796521	addons.productaddons	INFO	downloadXHR File download. status=200
1557999796524	addons.productaddons	INFO	Downloaded file will be saved to C:\Users\NTVNSV31\AppData\Local\Temp\tmpaddon-33bf01

Build info: version: &apos;2.39.0&apos;, revision: &apos;14fa800511cc5d66d426e08b0b2ab926c7ed7398&apos;, time: &apos;2013-12-16 13:18:38&apos;
System info: host: &apos;NTISHTCD31&apos;, ip: &apos;10.180.20.34&apos;, os.name: &apos;Windows 10&apos;, os.arch: &apos;amd64&apos;, os.version: &apos;10.0&apos;, java.version: &apos;1.8.0_201&apos;
Driver info: driver.version: FirefoxDriver
	at org.openqa.selenium.firefox.internal.NewProfileExtensionConnection.start(NewProfileExtensionConnection.java:130)
	at org.openqa.selenium.firefox.FirefoxDriver.startClient(FirefoxDriver.java:250)
	at org.openqa.selenium.remote.RemoteWebDriver.&lt;init&gt;(RemoteWebDriver.java:110)
	at org.openqa.selenium.firefox.FirefoxDriver.&lt;init&gt;(FirefoxDriver.java:195)
	at org.openqa.selenium.firefox.FirefoxDriver.&lt;init&gt;(FirefoxDriver.java:190)
	at org.openqa.selenium.firefox.FirefoxDriver.&lt;init&gt;(FirefoxDriver.java:186)
	at org.openqa.selenium.firefox.FirefoxDriver.&lt;init&gt;(FirefoxDriver.java:99)
	at com.mkyong.testng.examples.loadtest.TestMultipleThreads.loadTestThisWebsite(TestMultipleThreads.java:22)
Caused by: org.openqa.selenium.firefox.NotConnectedException: Unable to connect to host 127.0.0.1 on port 7055 after 45000 ms. Firefox console output:
Local\Temp\anonymous2853163865558203726webdriver-profile\extensions\webdriver-staging
1557999773067	addons.xpi	DEBUG	Existing add-on formautofill@mozilla.org in app-system-defaults
1557999773068	addons.xpi	DEBUG	Existing add-on screenshots@mozilla.org in app-system-defaults
1557999773069	addons.xpi	DEBUG	Existing add-on webcompat-reporter@mozilla.org in app-system-defaults
1557999773070	addons.xpi	DEBUG	Existing add-on webcompat@mozilla.org in app-system-defaults
1557999773071	addons.xpi	DEBUG	scanForChanges changed: false, state: {}
1557999773072	addons.xpi	DEBUG	No changes found
1557999773078	addons.xpi	DEBUG	Loading bootstrap scope from C:\Program Files\Mozilla Firefox\browser\features\formautofill@mozilla.org.xpi
1557999773112	addons.xpi	DEBUG	Calling bootstrap method startup on formautofill@mozilla.org version 1.0
1557999773114	addons.xpi	DEBUG	Loading bootstrap scope from C:\Program Files\Mozilla Firefox\browser\features\screenshots@mozilla.org.xpi
1557999773114	addons.xpi	DEBUG	Calling bootstrap method startup on screenshots@mozilla.org version 35.0.0
1557999773115	addons.xpi	DEBUG	Loading bootstrap scope from C:\Program Files\Mozilla Firefox\browser\features\webcompat@mozilla.org.xpi
1557999773116	addons.xpi	DEBUG	Calling bootstrap method startup on webcompat@mozilla.org version 3.0.2
1557999773117	addons.manager	DEBUG	Registering shutdown blocker for XPIProvider
1557999773117	addons.manager	DEBUG	Provider finished startup: XPIProvider
1557999773117	addons.manager	DEBUG	Starting provider: LightweightThemeManager
1557999773117	addons.manager	DEBUG	Registering shutdown blocker for LightweightThemeManager
1557999773117	addons.manager	DEBUG	Provider finished startup: LightweightThemeManager
1557999773118	addons.manager	DEBUG	Starting provider: GMPProvider
1557999773127	addons.manager	DEBUG	Registering shutdown blocker for GMPProvider
1557999773127	addons.manager	DEBUG	Provider finished startup: GMPProvider
1557999773127	addons.manager	DEBUG	Starting provider: PluginProvider
1557999773127	addons.manager	DEBUG	Registering shutdown blocker for PluginProvider
1557999773128	addons.manager	DEBUG	Provider finished startup: PluginProvider
1557999773138	addons.manager	DEBUG	Completed startup sequence
1557999774419	addons.xpi-utils	DEBUG	Starting async load of XPI database C:\Users\NTVNSV31\AppData\Local\Temp\anonymous2853163865558203726webdriver-profile\extensions.json
1557999774448	addons.xpi	DEBUG	Ignoring file: name is not a valid add-on ID: C:\Users\NTVNSV31\AppData\Local\Temp\anonymous2853163865558203726webdriver-profile\extensions\webdriver-staging
1557999774450	addons.xpi	DEBUG	Existing add-on formautofill@mozilla.org in app-system-defaults
1557999774450	addons.xpi	DEBUG	Existing add-on screenshots@mozilla.org in app-system-defaults
1557999774450	addons.xpi	DEBUG	Existing add-on webcompat-reporter@mozilla.org in app-system-defaults
1557999774450	addons.xpi	DEBUG	Existing add-on webcompat@mozilla.org in app-system-defaults
1557999774451	addons.xpi	DEBUG	scanForChanges changed: false, state: {}
1557999774602	addons.xpi-utils	DEBUG	Finished async read of XPI database, parsing...
*** Blocklist::_loadFileInternal: blocklist is disabled
1557999774832	addons.xpi-utils	DEBUG	Successfully read XPI database
1557999775346	addons.manager	DEBUG	Registering upgrade listener for formautofill@mozilla.org
1557999795637	addons.productaddons	INFO	sending request to: https://aus5.mozilla.org/update/3/GMP/66.0.5/20190507012018/WINNT_x86_64-msvc-x64/en-US/release/Windows_NT%2010.0.0.0.17763.437%20(x64)/default/default/update.xml
1557999795900	addons.productaddons	INFO	Completed downloading document
1557999796019	addons.productaddons	INFO	downloadXHR File download. status=200
1557999796023	addons.productaddons	INFO	Downloaded file will be saved to C:\Users\NTVNSV31\AppData\Local\Temp\tmpaddon-c88b67
1557999796521	addons.productaddons	INFO	downloadXHR File download. status=200
1557999796524	addons.productaddons	INFO	Downloaded file will be saved to C:\Users\NTVNSV31\AppData\Local\Temp\tmpaddon-33bf01

	at org.openqa.selenium.firefox.internal.NewProfileExtensionConnection.start(NewProfileExtensionConnection.java:118)
	... 40 more
... Removed 33 stack frames</pre></div><a href='#' onClick='toggleBox("stack-trace710714889", this, "Click to show all stack frames", "Click to hide stack frames")'>Click to show all stack frames</a>
<div class='stack-trace' id='stack-trace710714889'><pre>org.openqa.selenium.WebDriverException: Failed to connect to binary FirefoxBinary(C:\Program Files\Mozilla Firefox\firefox.exe) on port 7055; process output follows: 
Local\Temp\anonymous2853163865558203726webdriver-profile\extensions\webdriver-staging
1557999773067	addons.xpi	DEBUG	Existing add-on formautofill@mozilla.org in app-system-defaults
1557999773068	addons.xpi	DEBUG	Existing add-on screenshots@mozilla.org in app-system-defaults
1557999773069	addons.xpi	DEBUG	Existing add-on webcompat-reporter@mozilla.org in app-system-defaults
1557999773070	addons.xpi	DEBUG	Existing add-on webcompat@mozilla.org in app-system-defaults
1557999773071	addons.xpi	DEBUG	scanForChanges changed: false, state: {}
1557999773072	addons.xpi	DEBUG	No changes found
1557999773078	addons.xpi	DEBUG	Loading bootstrap scope from C:\Program Files\Mozilla Firefox\browser\features\formautofill@mozilla.org.xpi
1557999773112	addons.xpi	DEBUG	Calling bootstrap method startup on formautofill@mozilla.org version 1.0
1557999773114	addons.xpi	DEBUG	Loading bootstrap scope from C:\Program Files\Mozilla Firefox\browser\features\screenshots@mozilla.org.xpi
1557999773114	addons.xpi	DEBUG	Calling bootstrap method startup on screenshots@mozilla.org version 35.0.0
1557999773115	addons.xpi	DEBUG	Loading bootstrap scope from C:\Program Files\Mozilla Firefox\browser\features\webcompat@mozilla.org.xpi
1557999773116	addons.xpi	DEBUG	Calling bootstrap method startup on webcompat@mozilla.org version 3.0.2
1557999773117	addons.manager	DEBUG	Registering shutdown blocker for XPIProvider
1557999773117	addons.manager	DEBUG	Provider finished startup: XPIProvider
1557999773117	addons.manager	DEBUG	Starting provider: LightweightThemeManager
1557999773117	addons.manager	DEBUG	Registering shutdown blocker for LightweightThemeManager
1557999773117	addons.manager	DEBUG	Provider finished startup: LightweightThemeManager
1557999773118	addons.manager	DEBUG	Starting provider: GMPProvider
1557999773127	addons.manager	DEBUG	Registering shutdown blocker for GMPProvider
1557999773127	addons.manager	DEBUG	Provider finished startup: GMPProvider
1557999773127	addons.manager	DEBUG	Starting provider: PluginProvider
1557999773127	addons.manager	DEBUG	Registering shutdown blocker for PluginProvider
1557999773128	addons.manager	DEBUG	Provider finished startup: PluginProvider
1557999773138	addons.manager	DEBUG	Completed startup sequence
1557999774419	addons.xpi-utils	DEBUG	Starting async load of XPI database C:\Users\NTVNSV31\AppData\Local\Temp\anonymous2853163865558203726webdriver-profile\extensions.json
1557999774448	addons.xpi	DEBUG	Ignoring file: name is not a valid add-on ID: C:\Users\NTVNSV31\AppData\Local\Temp\anonymous2853163865558203726webdriver-profile\extensions\webdriver-staging
1557999774450	addons.xpi	DEBUG	Existing add-on formautofill@mozilla.org in app-system-defaults
1557999774450	addons.xpi	DEBUG	Existing add-on screenshots@mozilla.org in app-system-defaults
1557999774450	addons.xpi	DEBUG	Existing add-on webcompat-reporter@mozilla.org in app-system-defaults
1557999774450	addons.xpi	DEBUG	Existing add-on webcompat@mozilla.org in app-system-defaults
1557999774451	addons.xpi	DEBUG	scanForChanges changed: false, state: {}
1557999774602	addons.xpi-utils	DEBUG	Finished async read of XPI database, parsing...
*** Blocklist::_loadFileInternal: blocklist is disabled
1557999774832	addons.xpi-utils	DEBUG	Successfully read XPI database
1557999775346	addons.manager	DEBUG	Registering upgrade listener for formautofill@mozilla.org
1557999795637	addons.productaddons	INFO	sending request to: https://aus5.mozilla.org/update/3/GMP/66.0.5/20190507012018/WINNT_x86_64-msvc-x64/en-US/release/Windows_NT%2010.0.0.0.17763.437%20(x64)/default/default/update.xml
1557999795900	addons.productaddons	INFO	Completed downloading document
1557999796019	addons.productaddons	INFO	downloadXHR File download. status=200
1557999796023	addons.productaddons	INFO	Downloaded file will be saved to C:\Users\NTVNSV31\AppData\Local\Temp\tmpaddon-c88b67
1557999796521	addons.productaddons	INFO	downloadXHR File download. status=200
1557999796524	addons.productaddons	INFO	Downloaded file will be saved to C:\Users\NTVNSV31\AppData\Local\Temp\tmpaddon-33bf01

Build info: version: &apos;2.39.0&apos;, revision: &apos;14fa800511cc5d66d426e08b0b2ab926c7ed7398&apos;, time: &apos;2013-12-16 13:18:38&apos;
System info: host: &apos;NTISHTCD31&apos;, ip: &apos;10.180.20.34&apos;, os.name: &apos;Windows 10&apos;, os.arch: &apos;amd64&apos;, os.version: &apos;10.0&apos;, java.version: &apos;1.8.0_201&apos;
Driver info: driver.version: FirefoxDriver
	at org.openqa.selenium.firefox.internal.NewProfileExtensionConnection.start(NewProfileExtensionConnection.java:130)
	at org.openqa.selenium.firefox.FirefoxDriver.startClient(FirefoxDriver.java:250)
	at org.openqa.selenium.remote.RemoteWebDriver.&lt;init&gt;(RemoteWebDriver.java:110)
	at org.openqa.selenium.firefox.FirefoxDriver.&lt;init&gt;(FirefoxDriver.java:195)
	at org.openqa.selenium.firefox.FirefoxDriver.&lt;init&gt;(FirefoxDriver.java:190)
	at org.openqa.selenium.firefox.FirefoxDriver.&lt;init&gt;(FirefoxDriver.java:186)
	at org.openqa.selenium.firefox.FirefoxDriver.&lt;init&gt;(FirefoxDriver.java:99)
	at com.mkyong.testng.examples.loadtest.TestMultipleThreads.loadTestThisWebsite(TestMultipleThreads.java:22)
	at sun.reflect.NativeMethodAccessorImpl.invoke0(Native Method)
	at sun.reflect.NativeMethodAccessorImpl.invoke(NativeMethodAccessorImpl.java:62)
	at sun.reflect.DelegatingMethodAccessorImpl.invoke(DelegatingMethodAccessorImpl.java:43)
	at java.lang.reflect.Method.invoke(Method.java:498)
	at org.testng.internal.MethodInvocationHelper.invokeMethod(MethodInvocationHelper.java:84)
	at org.testng.internal.Invoker.invokeMethod(Invoker.java:714)
	at org.testng.internal.Invoker.invokeTestMethod(Invoker.java:901)
	at org.testng.internal.Invoker.invokeTestMethods(Invoker.java:1231)
	at org.testng.internal.TestMethodWorker.invokeTestMethods(TestMethodWorker.java:127)
	at org.testng.internal.TestMethodWorker.run(TestMethodWorker.java:111)
	at org.testng.TestRunner.privateRun(TestRunner.java:767)
	at org.testng.TestRunner.run(TestRunner.java:617)
	at org.testng.SuiteRunner.runTest(SuiteRunner.java:334)
	at org.testng.SuiteRunner.runSequentially(SuiteRunner.java:329)
	at org.testng.SuiteRunner.privateRun(SuiteRunner.java:291)
	at org.testng.SuiteRunner.run(SuiteRunner.java:240)
	at org.testng.SuiteRunnerWorker.runSuite(SuiteRunnerWorker.java:52)
	at org.testng.SuiteRunnerWorker.run(SuiteRunnerWorker.java:86)
	at org.testng.TestNG.runSuitesSequentially(TestNG.java:1224)
	at org.testng.TestNG.runSuitesLocally(TestNG.java:1149)
	at org.testng.TestNG.run(TestNG.java:1057)
	at org.apache.maven.surefire.testng.TestNGExecutor.run(TestNGExecutor.java:77)
	at org.apache.maven.surefire.testng.TestNGDirectoryTestSuite.execute(TestNGDirectoryTestSuite.java:110)
	at org.apache.maven.surefire.testng.TestNGProvider.invoke(TestNGProvider.java:106)
	at sun.reflect.NativeMethodAccessorImpl.invoke0(Native Method)
	at sun.reflect.NativeMethodAccessorImpl.invoke(NativeMethodAccessorImpl.java:62)
	at sun.reflect.DelegatingMethodAccessorImpl.invoke(DelegatingMethodAccessorImpl.java:43)
	at java.lang.reflect.Method.invoke(Method.java:498)
	at org.apache.maven.surefire.util.ReflectionUtils.invokeMethodWithArray(ReflectionUtils.java:189)
	at org.apache.maven.surefire.booter.ProviderFactory$ProviderProxy.invoke(ProviderFactory.java:165)
	at org.apache.maven.surefire.booter.ProviderFactory.invokeProvider(ProviderFactory.java:85)
	at org.apache.maven.surefire.booter.ForkedBooter.runSuitesInProcess(ForkedBooter.java:115)
	at org.apache.maven.surefire.booter.ForkedBooter.main(ForkedBooter.java:75)
Caused by: org.openqa.selenium.firefox.NotConnectedException: Unable to connect to host 127.0.0.1 on port 7055 after 45000 ms. Firefox console output:
Local\Temp\anonymous2853163865558203726webdriver-profile\extensions\webdriver-staging
1557999773067	addons.xpi	DEBUG	Existing add-on formautofill@mozilla.org in app-system-defaults
1557999773068	addons.xpi	DEBUG	Existing add-on screenshots@mozilla.org in app-system-defaults
1557999773069	addons.xpi	DEBUG	Existing add-on webcompat-reporter@mozilla.org in app-system-defaults
1557999773070	addons.xpi	DEBUG	Existing add-on webcompat@mozilla.org in app-system-defaults
1557999773071	addons.xpi	DEBUG	scanForChanges changed: false, state: {}
1557999773072	addons.xpi	DEBUG	No changes found
1557999773078	addons.xpi	DEBUG	Loading bootstrap scope from C:\Program Files\Mozilla Firefox\browser\features\formautofill@mozilla.org.xpi
1557999773112	addons.xpi	DEBUG	Calling bootstrap method startup on formautofill@mozilla.org version 1.0
1557999773114	addons.xpi	DEBUG	Loading bootstrap scope from C:\Program Files\Mozilla Firefox\browser\features\screenshots@mozilla.org.xpi
1557999773114	addons.xpi	DEBUG	Calling bootstrap method startup on screenshots@mozilla.org version 35.0.0
1557999773115	addons.xpi	DEBUG	Loading bootstrap scope from C:\Program Files\Mozilla Firefox\browser\features\webcompat@mozilla.org.xpi
1557999773116	addons.xpi	DEBUG	Calling bootstrap method startup on webcompat@mozilla.org version 3.0.2
1557999773117	addons.manager	DEBUG	Registering shutdown blocker for XPIProvider
1557999773117	addons.manager	DEBUG	Provider finished startup: XPIProvider
1557999773117	addons.manager	DEBUG	Starting provider: LightweightThemeManager
1557999773117	addons.manager	DEBUG	Registering shutdown blocker for LightweightThemeManager
1557999773117	addons.manager	DEBUG	Provider finished startup: LightweightThemeManager
1557999773118	addons.manager	DEBUG	Starting provider: GMPProvider
1557999773127	addons.manager	DEBUG	Registering shutdown blocker for GMPProvider
1557999773127	addons.manager	DEBUG	Provider finished startup: GMPProvider
1557999773127	addons.manager	DEBUG	Starting provider: PluginProvider
1557999773127	addons.manager	DEBUG	Registering shutdown blocker for PluginProvider
1557999773128	addons.manager	DEBUG	Provider finished startup: PluginProvider
1557999773138	addons.manager	DEBUG	Completed startup sequence
1557999774419	addons.xpi-utils	DEBUG	Starting async load of XPI database C:\Users\NTVNSV31\AppData\Local\Temp\anonymous2853163865558203726webdriver-profile\extensions.json
1557999774448	addons.xpi	DEBUG	Ignoring file: name is not a valid add-on ID: C:\Users\NTVNSV31\AppData\Local\Temp\anonymous2853163865558203726webdriver-profile\extensions\webdriver-staging
1557999774450	addons.xpi	DEBUG	Existing add-on formautofill@mozilla.org in app-system-defaults
1557999774450	addons.xpi	DEBUG	Existing add-on screenshots@mozilla.org in app-system-defaults
1557999774450	addons.xpi	DEBUG	Existing add-on webcompat-reporter@mozilla.org in app-system-defaults
1557999774450	addons.xpi	DEBUG	Existing add-on webcompat@mozilla.org in app-system-defaults
1557999774451	addons.xpi	DEBUG	scanForChanges changed: false, state: {}
1557999774602	addons.xpi-utils	DEBUG	Finished async read of XPI database, parsing...
*** Blocklist::_loadFileInternal: blocklist is disabled
1557999774832	addons.xpi-utils	DEBUG	Successfully read XPI database
1557999775346	addons.manager	DEBUG	Registering upgrade listener for formautofill@mozilla.org
1557999795637	addons.productaddons	INFO	sending request to: https://aus5.mozilla.org/update/3/GMP/66.0.5/20190507012018/WINNT_x86_64-msvc-x64/en-US/release/Windows_NT%2010.0.0.0.17763.437%20(x64)/default/default/update.xml
1557999795900	addons.productaddons	INFO	Completed downloading document
1557999796019	addons.productaddons	INFO	downloadXHR File download. status=200
1557999796023	addons.productaddons	INFO	Downloaded file will be saved to C:\Users\NTVNSV31\AppData\Local\Temp\tmpaddon-c88b67
1557999796521	addons.productaddons	INFO	downloadXHR File download. status=200
1557999796524	addons.productaddons	INFO	Downloaded file will be saved to C:\Users\NTVNSV31\AppData\Local\Temp\tmpaddon-33bf01

	at org.openqa.selenium.firefox.internal.NewProfileExtensionConnection.start(NewProfileExtensionConnection.java:118)
	... 40 more
</pre></div></td>
<td>48</td>
<td>com.mkyong.testng.examples.loadtest.TestMultipleThreads@5315b42e</td></tr>
<tr>
<td title='com.mkyong.testng.examples.loadtest.TestMultipleThreads.loadTestThisWebsite()'><b>loadTestThisWebsite</b><br>Test class: com.mkyong.testng.examples.loadtest.TestMultipleThreads</td>
<td><div><pre>org.openqa.selenium.WebDriverException: Failed to connect to binary FirefoxBinary(C:\Program Files\Mozilla Firefox\firefox.exe) on port 7055; process output follows: 
Local\Temp\anonymous3459311314362741489webdriver-profile\extensions\webdriver-staging
1557999821620	addons.xpi	DEBUG	Existing add-on formautofill@mozilla.org in app-system-defaults
1557999821621	addons.xpi	DEBUG	Existing add-on screenshots@mozilla.org in app-system-defaults
1557999821622	addons.xpi	DEBUG	Existing add-on webcompat-reporter@mozilla.org in app-system-defaults
1557999821622	addons.xpi	DEBUG	Existing add-on webcompat@mozilla.org in app-system-defaults
1557999821623	addons.xpi	DEBUG	scanForChanges changed: false, state: {}
1557999821624	addons.xpi	DEBUG	No changes found
1557999821630	addons.xpi	DEBUG	Loading bootstrap scope from C:\Program Files\Mozilla Firefox\browser\features\formautofill@mozilla.org.xpi
1557999821656	addons.xpi	DEBUG	Calling bootstrap method startup on formautofill@mozilla.org version 1.0
1557999821658	addons.xpi	DEBUG	Loading bootstrap scope from C:\Program Files\Mozilla Firefox\browser\features\screenshots@mozilla.org.xpi
1557999821658	addons.xpi	DEBUG	Calling bootstrap method startup on screenshots@mozilla.org version 35.0.0
1557999821659	addons.xpi	DEBUG	Loading bootstrap scope from C:\Program Files\Mozilla Firefox\browser\features\webcompat@mozilla.org.xpi
1557999821659	addons.xpi	DEBUG	Calling bootstrap method startup on webcompat@mozilla.org version 3.0.2
1557999821661	addons.manager	DEBUG	Registering shutdown blocker for XPIProvider
1557999821661	addons.manager	DEBUG	Provider finished startup: XPIProvider
1557999821661	addons.manager	DEBUG	Starting provider: LightweightThemeManager
1557999821661	addons.manager	DEBUG	Registering shutdown blocker for LightweightThemeManager
1557999821661	addons.manager	DEBUG	Provider finished startup: LightweightThemeManager
1557999821661	addons.manager	DEBUG	Starting provider: GMPProvider
1557999821669	addons.manager	DEBUG	Registering shutdown blocker for GMPProvider
1557999821669	addons.manager	DEBUG	Provider finished startup: GMPProvider
1557999821669	addons.manager	DEBUG	Starting provider: PluginProvider
1557999821669	addons.manager	DEBUG	Registering shutdown blocker for PluginProvider
1557999821669	addons.manager	DEBUG	Provider finished startup: PluginProvider
1557999821678	addons.manager	DEBUG	Completed startup sequence
1557999822947	addons.xpi-utils	DEBUG	Starting async load of XPI database C:\Users\NTVNSV31\AppData\Local\Temp\anonymous3459311314362741489webdriver-profile\extensions.json
1557999822984	addons.xpi	DEBUG	Ignoring file: name is not a valid add-on ID: C:\Users\NTVNSV31\AppData\Local\Temp\anonymous3459311314362741489webdriver-profile\extensions\webdriver-staging
1557999822985	addons.xpi	DEBUG	Existing add-on formautofill@mozilla.org in app-system-defaults
1557999822985	addons.xpi	DEBUG	Existing add-on screenshots@mozilla.org in app-system-defaults
1557999822985	addons.xpi	DEBUG	Existing add-on webcompat-reporter@mozilla.org in app-system-defaults
1557999822986	addons.xpi	DEBUG	Existing add-on webcompat@mozilla.org in app-system-defaults
1557999822986	addons.xpi	DEBUG	scanForChanges changed: false, state: {}
1557999823151	addons.xpi-utils	DEBUG	Finished async read of XPI database, parsing...
*** Blocklist::_loadFileInternal: blocklist is disabled
1557999823402	addons.xpi-utils	DEBUG	Successfully read XPI database
1557999823898	addons.manager	DEBUG	Registering upgrade listener for formautofill@mozilla.org
1557999841794	addons.productaddons	INFO	sending request to: https://aus5.mozilla.org/update/3/GMP/66.0.5/20190507012018/WINNT_x86_64-msvc-x64/en-US/release/Windows_NT%2010.0.0.0.17763.437%20(x64)/default/default/update.xml
1557999842063	addons.productaddons	INFO	Completed downloading document
1557999842181	addons.productaddons	INFO	downloadXHR File download. status=200
1557999842187	addons.productaddons	INFO	Downloaded file will be saved to C:\Users\NTVNSV31\AppData\Local\Temp\tmpaddon-7a5ebf
1557999842690	addons.productaddons	INFO	downloadXHR File download. status=200
1557999842694	addons.productaddons	INFO	Downloaded file will be saved to C:\Users\NTVNSV31\AppData\Local\Temp\tmpaddon-d51d65

Build info: version: &apos;2.39.0&apos;, revision: &apos;14fa800511cc5d66d426e08b0b2ab926c7ed7398&apos;, time: &apos;2013-12-16 13:18:38&apos;
System info: host: &apos;NTISHTCD31&apos;, ip: &apos;10.180.20.34&apos;, os.name: &apos;Windows 10&apos;, os.arch: &apos;amd64&apos;, os.version: &apos;10.0&apos;, java.version: &apos;1.8.0_201&apos;
Driver info: driver.version: FirefoxDriver
	at org.openqa.selenium.firefox.internal.NewProfileExtensionConnection.start(NewProfileExtensionConnection.java:130)
	at org.openqa.selenium.firefox.FirefoxDriver.startClient(FirefoxDriver.java:250)
	at org.openqa.selenium.remote.RemoteWebDriver.&lt;init&gt;(RemoteWebDriver.java:110)
	at org.openqa.selenium.firefox.FirefoxDriver.&lt;init&gt;(FirefoxDriver.java:195)
	at org.openqa.selenium.firefox.FirefoxDriver.&lt;init&gt;(FirefoxDriver.java:190)
	at org.openqa.selenium.firefox.FirefoxDriver.&lt;init&gt;(FirefoxDriver.java:186)
	at org.openqa.selenium.firefox.FirefoxDriver.&lt;init&gt;(FirefoxDriver.java:99)
	at com.mkyong.testng.examples.loadtest.TestMultipleThreads.loadTestThisWebsite(TestMultipleThreads.java:22)
Caused by: org.openqa.selenium.firefox.NotConnectedException: Unable to connect to host 127.0.0.1 on port 7055 after 45000 ms. Firefox console output:
Local\Temp\anonymous3459311314362741489webdriver-profile\extensions\webdriver-staging
1557999821620	addons.xpi	DEBUG	Existing add-on formautofill@mozilla.org in app-system-defaults
1557999821621	addons.xpi	DEBUG	Existing add-on screenshots@mozilla.org in app-system-defaults
1557999821622	addons.xpi	DEBUG	Existing add-on webcompat-reporter@mozilla.org in app-system-defaults
1557999821622	addons.xpi	DEBUG	Existing add-on webcompat@mozilla.org in app-system-defaults
1557999821623	addons.xpi	DEBUG	scanForChanges changed: false, state: {}
1557999821624	addons.xpi	DEBUG	No changes found
1557999821630	addons.xpi	DEBUG	Loading bootstrap scope from C:\Program Files\Mozilla Firefox\browser\features\formautofill@mozilla.org.xpi
1557999821656	addons.xpi	DEBUG	Calling bootstrap method startup on formautofill@mozilla.org version 1.0
1557999821658	addons.xpi	DEBUG	Loading bootstrap scope from C:\Program Files\Mozilla Firefox\browser\features\screenshots@mozilla.org.xpi
1557999821658	addons.xpi	DEBUG	Calling bootstrap method startup on screenshots@mozilla.org version 35.0.0
1557999821659	addons.xpi	DEBUG	Loading bootstrap scope from C:\Program Files\Mozilla Firefox\browser\features\webcompat@mozilla.org.xpi
1557999821659	addons.xpi	DEBUG	Calling bootstrap method startup on webcompat@mozilla.org version 3.0.2
1557999821661	addons.manager	DEBUG	Registering shutdown blocker for XPIProvider
1557999821661	addons.manager	DEBUG	Provider finished startup: XPIProvider
1557999821661	addons.manager	DEBUG	Starting provider: LightweightThemeManager
1557999821661	addons.manager	DEBUG	Registering shutdown blocker for LightweightThemeManager
1557999821661	addons.manager	DEBUG	Provider finished startup: LightweightThemeManager
1557999821661	addons.manager	DEBUG	Starting provider: GMPProvider
1557999821669	addons.manager	DEBUG	Registering shutdown blocker for GMPProvider
1557999821669	addons.manager	DEBUG	Provider finished startup: GMPProvider
1557999821669	addons.manager	DEBUG	Starting provider: PluginProvider
1557999821669	addons.manager	DEBUG	Registering shutdown blocker for PluginProvider
1557999821669	addons.manager	DEBUG	Provider finished startup: PluginProvider
1557999821678	addons.manager	DEBUG	Completed startup sequence
1557999822947	addons.xpi-utils	DEBUG	Starting async load of XPI database C:\Users\NTVNSV31\AppData\Local\Temp\anonymous3459311314362741489webdriver-profile\extensions.json
1557999822984	addons.xpi	DEBUG	Ignoring file: name is not a valid add-on ID: C:\Users\NTVNSV31\AppData\Local\Temp\anonymous3459311314362741489webdriver-profile\extensions\webdriver-staging
1557999822985	addons.xpi	DEBUG	Existing add-on formautofill@mozilla.org in app-system-defaults
1557999822985	addons.xpi	DEBUG	Existing add-on screenshots@mozilla.org in app-system-defaults
1557999822985	addons.xpi	DEBUG	Existing add-on webcompat-reporter@mozilla.org in app-system-defaults
1557999822986	addons.xpi	DEBUG	Existing add-on webcompat@mozilla.org in app-system-defaults
1557999822986	addons.xpi	DEBUG	scanForChanges changed: false, state: {}
1557999823151	addons.xpi-utils	DEBUG	Finished async read of XPI database, parsing...
*** Blocklist::_loadFileInternal: blocklist is disabled
1557999823402	addons.xpi-utils	DEBUG	Successfully read XPI database
1557999823898	addons.manager	DEBUG	Registering upgrade listener for formautofill@mozilla.org
1557999841794	addons.productaddons	INFO	sending request to: https://aus5.mozilla.org/update/3/GMP/66.0.5/20190507012018/WINNT_x86_64-msvc-x64/en-US/release/Windows_NT%2010.0.0.0.17763.437%20(x64)/default/default/update.xml
1557999842063	addons.productaddons	INFO	Completed downloading document
1557999842181	addons.productaddons	INFO	downloadXHR File download. status=200
1557999842187	addons.productaddons	INFO	Downloaded file will be saved to C:\Users\NTVNSV31\AppData\Local\Temp\tmpaddon-7a5ebf
1557999842690	addons.productaddons	INFO	downloadXHR File download. status=200
1557999842694	addons.productaddons	INFO	Downloaded file will be saved to C:\Users\NTVNSV31\AppData\Local\Temp\tmpaddon-d51d65

	at org.openqa.selenium.firefox.internal.NewProfileExtensionConnection.start(NewProfileExtensionConnection.java:118)
	... 40 more
... Removed 33 stack frames</pre></div><a href='#' onClick='toggleBox("stack-trace1182320432", this, "Click to show all stack frames", "Click to hide stack frames")'>Click to show all stack frames</a>
<div class='stack-trace' id='stack-trace1182320432'><pre>org.openqa.selenium.WebDriverException: Failed to connect to binary FirefoxBinary(C:\Program Files\Mozilla Firefox\firefox.exe) on port 7055; process output follows: 
Local\Temp\anonymous3459311314362741489webdriver-profile\extensions\webdriver-staging
1557999821620	addons.xpi	DEBUG	Existing add-on formautofill@mozilla.org in app-system-defaults
1557999821621	addons.xpi	DEBUG	Existing add-on screenshots@mozilla.org in app-system-defaults
1557999821622	addons.xpi	DEBUG	Existing add-on webcompat-reporter@mozilla.org in app-system-defaults
1557999821622	addons.xpi	DEBUG	Existing add-on webcompat@mozilla.org in app-system-defaults
1557999821623	addons.xpi	DEBUG	scanForChanges changed: false, state: {}
1557999821624	addons.xpi	DEBUG	No changes found
1557999821630	addons.xpi	DEBUG	Loading bootstrap scope from C:\Program Files\Mozilla Firefox\browser\features\formautofill@mozilla.org.xpi
1557999821656	addons.xpi	DEBUG	Calling bootstrap method startup on formautofill@mozilla.org version 1.0
1557999821658	addons.xpi	DEBUG	Loading bootstrap scope from C:\Program Files\Mozilla Firefox\browser\features\screenshots@mozilla.org.xpi
1557999821658	addons.xpi	DEBUG	Calling bootstrap method startup on screenshots@mozilla.org version 35.0.0
1557999821659	addons.xpi	DEBUG	Loading bootstrap scope from C:\Program Files\Mozilla Firefox\browser\features\webcompat@mozilla.org.xpi
1557999821659	addons.xpi	DEBUG	Calling bootstrap method startup on webcompat@mozilla.org version 3.0.2
1557999821661	addons.manager	DEBUG	Registering shutdown blocker for XPIProvider
1557999821661	addons.manager	DEBUG	Provider finished startup: XPIProvider
1557999821661	addons.manager	DEBUG	Starting provider: LightweightThemeManager
1557999821661	addons.manager	DEBUG	Registering shutdown blocker for LightweightThemeManager
1557999821661	addons.manager	DEBUG	Provider finished startup: LightweightThemeManager
1557999821661	addons.manager	DEBUG	Starting provider: GMPProvider
1557999821669	addons.manager	DEBUG	Registering shutdown blocker for GMPProvider
1557999821669	addons.manager	DEBUG	Provider finished startup: GMPProvider
1557999821669	addons.manager	DEBUG	Starting provider: PluginProvider
1557999821669	addons.manager	DEBUG	Registering shutdown blocker for PluginProvider
1557999821669	addons.manager	DEBUG	Provider finished startup: PluginProvider
1557999821678	addons.manager	DEBUG	Completed startup sequence
1557999822947	addons.xpi-utils	DEBUG	Starting async load of XPI database C:\Users\NTVNSV31\AppData\Local\Temp\anonymous3459311314362741489webdriver-profile\extensions.json
1557999822984	addons.xpi	DEBUG	Ignoring file: name is not a valid add-on ID: C:\Users\NTVNSV31\AppData\Local\Temp\anonymous3459311314362741489webdriver-profile\extensions\webdriver-staging
1557999822985	addons.xpi	DEBUG	Existing add-on formautofill@mozilla.org in app-system-defaults
1557999822985	addons.xpi	DEBUG	Existing add-on screenshots@mozilla.org in app-system-defaults
1557999822985	addons.xpi	DEBUG	Existing add-on webcompat-reporter@mozilla.org in app-system-defaults
1557999822986	addons.xpi	DEBUG	Existing add-on webcompat@mozilla.org in app-system-defaults
1557999822986	addons.xpi	DEBUG	scanForChanges changed: false, state: {}
1557999823151	addons.xpi-utils	DEBUG	Finished async read of XPI database, parsing...
*** Blocklist::_loadFileInternal: blocklist is disabled
1557999823402	addons.xpi-utils	DEBUG	Successfully read XPI database
1557999823898	addons.manager	DEBUG	Registering upgrade listener for formautofill@mozilla.org
1557999841794	addons.productaddons	INFO	sending request to: https://aus5.mozilla.org/update/3/GMP/66.0.5/20190507012018/WINNT_x86_64-msvc-x64/en-US/release/Windows_NT%2010.0.0.0.17763.437%20(x64)/default/default/update.xml
1557999842063	addons.productaddons	INFO	Completed downloading document
1557999842181	addons.productaddons	INFO	downloadXHR File download. status=200
1557999842187	addons.productaddons	INFO	Downloaded file will be saved to C:\Users\NTVNSV31\AppData\Local\Temp\tmpaddon-7a5ebf
1557999842690	addons.productaddons	INFO	downloadXHR File download. status=200
1557999842694	addons.productaddons	INFO	Downloaded file will be saved to C:\Users\NTVNSV31\AppData\Local\Temp\tmpaddon-d51d65

Build info: version: &apos;2.39.0&apos;, revision: &apos;14fa800511cc5d66d426e08b0b2ab926c7ed7398&apos;, time: &apos;2013-12-16 13:18:38&apos;
System info: host: &apos;NTISHTCD31&apos;, ip: &apos;10.180.20.34&apos;, os.name: &apos;Windows 10&apos;, os.arch: &apos;amd64&apos;, os.version: &apos;10.0&apos;, java.version: &apos;1.8.0_201&apos;
Driver info: driver.version: FirefoxDriver
	at org.openqa.selenium.firefox.internal.NewProfileExtensionConnection.start(NewProfileExtensionConnection.java:130)
	at org.openqa.selenium.firefox.FirefoxDriver.startClient(FirefoxDriver.java:250)
	at org.openqa.selenium.remote.RemoteWebDriver.&lt;init&gt;(RemoteWebDriver.java:110)
	at org.openqa.selenium.firefox.FirefoxDriver.&lt;init&gt;(FirefoxDriver.java:195)
	at org.openqa.selenium.firefox.FirefoxDriver.&lt;init&gt;(FirefoxDriver.java:190)
	at org.openqa.selenium.firefox.FirefoxDriver.&lt;init&gt;(FirefoxDriver.java:186)
	at org.openqa.selenium.firefox.FirefoxDriver.&lt;init&gt;(FirefoxDriver.java:99)
	at com.mkyong.testng.examples.loadtest.TestMultipleThreads.loadTestThisWebsite(TestMultipleThreads.java:22)
	at sun.reflect.NativeMethodAccessorImpl.invoke0(Native Method)
	at sun.reflect.NativeMethodAccessorImpl.invoke(NativeMethodAccessorImpl.java:62)
	at sun.reflect.DelegatingMethodAccessorImpl.invoke(DelegatingMethodAccessorImpl.java:43)
	at java.lang.reflect.Method.invoke(Method.java:498)
	at org.testng.internal.MethodInvocationHelper.invokeMethod(MethodInvocationHelper.java:84)
	at org.testng.internal.Invoker.invokeMethod(Invoker.java:714)
	at org.testng.internal.Invoker.invokeTestMethod(Invoker.java:901)
	at org.testng.internal.Invoker.invokeTestMethods(Invoker.java:1231)
	at org.testng.internal.TestMethodWorker.invokeTestMethods(TestMethodWorker.java:127)
	at org.testng.internal.TestMethodWorker.run(TestMethodWorker.java:111)
	at org.testng.TestRunner.privateRun(TestRunner.java:767)
	at org.testng.TestRunner.run(TestRunner.java:617)
	at org.testng.SuiteRunner.runTest(SuiteRunner.java:334)
	at org.testng.SuiteRunner.runSequentially(SuiteRunner.java:329)
	at org.testng.SuiteRunner.privateRun(SuiteRunner.java:291)
	at org.testng.SuiteRunner.run(SuiteRunner.java:240)
	at org.testng.SuiteRunnerWorker.runSuite(SuiteRunnerWorker.java:52)
	at org.testng.SuiteRunnerWorker.run(SuiteRunnerWorker.java:86)
	at org.testng.TestNG.runSuitesSequentially(TestNG.java:1224)
	at org.testng.TestNG.runSuitesLocally(TestNG.java:1149)
	at org.testng.TestNG.run(TestNG.java:1057)
	at org.apache.maven.surefire.testng.TestNGExecutor.run(TestNGExecutor.java:77)
	at org.apache.maven.surefire.testng.TestNGDirectoryTestSuite.execute(TestNGDirectoryTestSuite.java:110)
	at org.apache.maven.surefire.testng.TestNGProvider.invoke(TestNGProvider.java:106)
	at sun.reflect.NativeMethodAccessorImpl.invoke0(Native Method)
	at sun.reflect.NativeMethodAccessorImpl.invoke(NativeMethodAccessorImpl.java:62)
	at sun.reflect.DelegatingMethodAccessorImpl.invoke(DelegatingMethodAccessorImpl.java:43)
	at java.lang.reflect.Method.invoke(Method.java:498)
	at org.apache.maven.surefire.util.ReflectionUtils.invokeMethodWithArray(ReflectionUtils.java:189)
	at org.apache.maven.surefire.booter.ProviderFactory$ProviderProxy.invoke(ProviderFactory.java:165)
	at org.apache.maven.surefire.booter.ProviderFactory.invokeProvider(ProviderFactory.java:85)
	at org.apache.maven.surefire.booter.ForkedBooter.runSuitesInProcess(ForkedBooter.java:115)
	at org.apache.maven.surefire.booter.ForkedBooter.main(ForkedBooter.java:75)
Caused by: org.openqa.selenium.firefox.NotConnectedException: Unable to connect to host 127.0.0.1 on port 7055 after 45000 ms. Firefox console output:
Local\Temp\anonymous3459311314362741489webdriver-profile\extensions\webdriver-staging
1557999821620	addons.xpi	DEBUG	Existing add-on formautofill@mozilla.org in app-system-defaults
1557999821621	addons.xpi	DEBUG	Existing add-on screenshots@mozilla.org in app-system-defaults
1557999821622	addons.xpi	DEBUG	Existing add-on webcompat-reporter@mozilla.org in app-system-defaults
1557999821622	addons.xpi	DEBUG	Existing add-on webcompat@mozilla.org in app-system-defaults
1557999821623	addons.xpi	DEBUG	scanForChanges changed: false, state: {}
1557999821624	addons.xpi	DEBUG	No changes found
1557999821630	addons.xpi	DEBUG	Loading bootstrap scope from C:\Program Files\Mozilla Firefox\browser\features\formautofill@mozilla.org.xpi
1557999821656	addons.xpi	DEBUG	Calling bootstrap method startup on formautofill@mozilla.org version 1.0
1557999821658	addons.xpi	DEBUG	Loading bootstrap scope from C:\Program Files\Mozilla Firefox\browser\features\screenshots@mozilla.org.xpi
1557999821658	addons.xpi	DEBUG	Calling bootstrap method startup on screenshots@mozilla.org version 35.0.0
1557999821659	addons.xpi	DEBUG	Loading bootstrap scope from C:\Program Files\Mozilla Firefox\browser\features\webcompat@mozilla.org.xpi
1557999821659	addons.xpi	DEBUG	Calling bootstrap method startup on webcompat@mozilla.org version 3.0.2
1557999821661	addons.manager	DEBUG	Registering shutdown blocker for XPIProvider
1557999821661	addons.manager	DEBUG	Provider finished startup: XPIProvider
1557999821661	addons.manager	DEBUG	Starting provider: LightweightThemeManager
1557999821661	addons.manager	DEBUG	Registering shutdown blocker for LightweightThemeManager
1557999821661	addons.manager	DEBUG	Provider finished startup: LightweightThemeManager
1557999821661	addons.manager	DEBUG	Starting provider: GMPProvider
1557999821669	addons.manager	DEBUG	Registering shutdown blocker for GMPProvider
1557999821669	addons.manager	DEBUG	Provider finished startup: GMPProvider
1557999821669	addons.manager	DEBUG	Starting provider: PluginProvider
1557999821669	addons.manager	DEBUG	Registering shutdown blocker for PluginProvider
1557999821669	addons.manager	DEBUG	Provider finished startup: PluginProvider
1557999821678	addons.manager	DEBUG	Completed startup sequence
1557999822947	addons.xpi-utils	DEBUG	Starting async load of XPI database C:\Users\NTVNSV31\AppData\Local\Temp\anonymous3459311314362741489webdriver-profile\extensions.json
1557999822984	addons.xpi	DEBUG	Ignoring file: name is not a valid add-on ID: C:\Users\NTVNSV31\AppData\Local\Temp\anonymous3459311314362741489webdriver-profile\extensions\webdriver-staging
1557999822985	addons.xpi	DEBUG	Existing add-on formautofill@mozilla.org in app-system-defaults
1557999822985	addons.xpi	DEBUG	Existing add-on screenshots@mozilla.org in app-system-defaults
1557999822985	addons.xpi	DEBUG	Existing add-on webcompat-reporter@mozilla.org in app-system-defaults
1557999822986	addons.xpi	DEBUG	Existing add-on webcompat@mozilla.org in app-system-defaults
1557999822986	addons.xpi	DEBUG	scanForChanges changed: false, state: {}
1557999823151	addons.xpi-utils	DEBUG	Finished async read of XPI database, parsing...
*** Blocklist::_loadFileInternal: blocklist is disabled
1557999823402	addons.xpi-utils	DEBUG	Successfully read XPI database
1557999823898	addons.manager	DEBUG	Registering upgrade listener for formautofill@mozilla.org
1557999841794	addons.productaddons	INFO	sending request to: https://aus5.mozilla.org/update/3/GMP/66.0.5/20190507012018/WINNT_x86_64-msvc-x64/en-US/release/Windows_NT%2010.0.0.0.17763.437%20(x64)/default/default/update.xml
1557999842063	addons.productaddons	INFO	Completed downloading document
1557999842181	addons.productaddons	INFO	downloadXHR File download. status=200
1557999842187	addons.productaddons	INFO	Downloaded file will be saved to C:\Users\NTVNSV31\AppData\Local\Temp\tmpaddon-7a5ebf
1557999842690	addons.productaddons	INFO	downloadXHR File download. status=200
1557999842694	addons.productaddons	INFO	Downloaded file will be saved to C:\Users\NTVNSV31\AppData\Local\Temp\tmpaddon-d51d65

	at org.openqa.selenium.firefox.internal.NewProfileExtensionConnection.start(NewProfileExtensionConnection.java:118)
	... 40 more
</pre></div></td>
<td>48</td>
<td>com.mkyong.testng.examples.loadtest.TestMultipleThreads@5315b42e</td></tr>
</table><p>
<table width='100%' border='1' class='invocation-passed'>
<tr><td colspan='4' align='center'><b>PASSED TESTS</b></td></tr>
<tr><td><b>Test method</b></td>
<td width="30%"><b>Exception</b></td>
<td width="10%"><b>Time (seconds)</b></td>
<td><b>Instance</b></td>
</tr>
<tr>
<td title='com.mkyong.testng.examples.loadtest.TestMultipleThreads.loadTestThisWebsite3()'><b>loadTestThisWebsite3</b><br>Test class: com.mkyong.testng.examples.loadtest.TestMultipleThreads</td>
<td></td>
<td>0</td>
<td>com.mkyong.testng.examples.loadtest.TestMultipleThreads@5315b42e</td></tr>
<tr>
<td title='com.mkyong.testng.examples.loadtest.TestMultipleThreads.loadTestThisWebsite3()'><b>loadTestThisWebsite3</b><br>Test class: com.mkyong.testng.examples.loadtest.TestMultipleThreads</td>
<td></td>
<td>0</td>
<td>com.mkyong.testng.examples.loadtest.TestMultipleThreads@5315b42e</td></tr>
<tr>
<td title='com.mkyong.testng.examples.loadtest.TestMultipleThreads.loadTestThisWebsite3()'><b>loadTestThisWebsite3</b><br>Test class: com.mkyong.testng.examples.loadtest.TestMultipleThreads</td>
<td></td>
<td>0</td>
<td>com.mkyong.testng.examples.loadtest.TestMultipleThreads@5315b42e</td></tr>
<tr>
<td title='com.mkyong.testng.examples.loadtest.TestMultipleThreads.loadTestThisWebsite3()'><b>loadTestThisWebsite3</b><br>Test class: com.mkyong.testng.examples.loadtest.TestMultipleThreads</td>
<td></td>
<td>0</td>
<td>com.mkyong.testng.examples.loadtest.TestMultipleThreads@5315b42e</td></tr>
<tr>
<td title='com.mkyong.testng.examples.loadtest.TestMultipleThreads.loadTestThisWebsite3()'><b>loadTestThisWebsite3</b><br>Test class: com.mkyong.testng.examples.loadtest.TestMultipleThreads</td>
<td></td>
<td>0</td>
<td>com.mkyong.testng.examples.loadtest.TestMultipleThreads@5315b42e</td></tr>
<tr>
<td title='com.mkyong.testng.examples.loadtest.TestMultipleThreads.loadTestThisWebsite3()'><b>loadTestThisWebsite3</b><br>Test class: com.mkyong.testng.examples.loadtest.TestMultipleThreads</td>
<td></td>
<td>0</td>
<td>com.mkyong.testng.examples.loadtest.TestMultipleThreads@5315b42e</td></tr>
<tr>
<td title='com.mkyong.testng.examples.loadtest.TestMultipleThreads.loadTestThisWebsite3()'><b>loadTestThisWebsite3</b><br>Test class: com.mkyong.testng.examples.loadtest.TestMultipleThreads</td>
<td></td>
<td>0</td>
<td>com.mkyong.testng.examples.loadtest.TestMultipleThreads@5315b42e</td></tr>
<tr>
<td title='com.mkyong.testng.examples.loadtest.TestMultipleThreads.loadTestThisWebsite3()'><b>loadTestThisWebsite3</b><br>Test class: com.mkyong.testng.examples.loadtest.TestMultipleThreads</td>
<td></td>
<td>0</td>
<td>com.mkyong.testng.examples.loadtest.TestMultipleThreads@5315b42e</td></tr>
<tr>
<td title='com.mkyong.testng.examples.loadtest.TestMultipleThreads.loadTestThisWebsite3()'><b>loadTestThisWebsite3</b><br>Test class: com.mkyong.testng.examples.loadtest.TestMultipleThreads</td>
<td></td>
<td>0</td>
<td>com.mkyong.testng.examples.loadtest.TestMultipleThreads@5315b42e</td></tr>
<tr>
<td title='com.mkyong.testng.examples.loadtest.TestMultipleThreads.loadTestThisWebsite3()'><b>loadTestThisWebsite3</b><br>Test class: com.mkyong.testng.examples.loadtest.TestMultipleThreads</td>
<td></td>
<td>0</td>
<td>com.mkyong.testng.examples.loadtest.TestMultipleThreads@5315b42e</td></tr>
<tr>
<td title='com.mkyong.testng.examples.loadtest.TestMultipleThreads.repeatThis()'><b>repeatThis</b><br>Test class: com.mkyong.testng.examples.loadtest.TestMultipleThreads</td>
<td></td>
<td>0</td>
<td>com.mkyong.testng.examples.loadtest.TestMultipleThreads@5315b42e</td></tr>
<tr>
<td title='com.mkyong.testng.examples.loadtest.TestMultipleThreads.repeatThis()'><b>repeatThis</b><br>Test class: com.mkyong.testng.examples.loadtest.TestMultipleThreads</td>
<td></td>
<td>0</td>
<td>com.mkyong.testng.examples.loadtest.TestMultipleThreads@5315b42e</td></tr>
<tr>
<td title='com.mkyong.testng.examples.loadtest.TestMultipleThreads.repeatThis()'><b>repeatThis</b><br>Test class: com.mkyong.testng.examples.loadtest.TestMultipleThreads</td>
<td></td>
<td>0</td>
<td>com.mkyong.testng.examples.loadtest.TestMultipleThreads@5315b42e</td></tr>
<tr>
<td title='com.mkyong.testng.examples.loadtest.TestMultipleThreads.repeatThis()'><b>repeatThis</b><br>Test class: com.mkyong.testng.examples.loadtest.TestMultipleThreads</td>
<td></td>
<td>0</td>
<td>com.mkyong.testng.examples.loadtest.TestMultipleThreads@5315b42e</td></tr>
<tr>
<td title='com.mkyong.testng.examples.loadtest.TestMultipleThreads.repeatThis()'><b>repeatThis</b><br>Test class: com.mkyong.testng.examples.loadtest.TestMultipleThreads</td>
<td></td>
<td>0</td>
<td>com.mkyong.testng.examples.loadtest.TestMultipleThreads@5315b42e</td></tr>
<tr>
<td title='com.mkyong.testng.examples.loadtest.TestMultipleThreads.repeatThis()'><b>repeatThis</b><br>Test class: com.mkyong.testng.examples.loadtest.TestMultipleThreads</td>
<td></td>
<td>0</td>
<td>com.mkyong.testng.examples.loadtest.TestMultipleThreads@5315b42e</td></tr>
<tr>
<td title='com.mkyong.testng.examples.loadtest.TestMultipleThreads.repeatThis()'><b>repeatThis</b><br>Test class: com.mkyong.testng.examples.loadtest.TestMultipleThreads</td>
<td></td>
<td>0</td>
<td>com.mkyong.testng.examples.loadtest.TestMultipleThreads@5315b42e</td></tr>
<tr>
<td title='com.mkyong.testng.examples.loadtest.TestMultipleThreads.repeatThis()'><b>repeatThis</b><br>Test class: com.mkyong.testng.examples.loadtest.TestMultipleThreads</td>
<td></td>
<td>0</td>
<td>com.mkyong.testng.examples.loadtest.TestMultipleThreads@5315b42e</td></tr>
<tr>
<td title='com.mkyong.testng.examples.loadtest.TestMultipleThreads.repeatThis()'><b>repeatThis</b><br>Test class: com.mkyong.testng.examples.loadtest.TestMultipleThreads</td>
<td></td>
<td>0</td>
<td>com.mkyong.testng.examples.loadtest.TestMultipleThreads@5315b42e</td></tr>
<tr>
<td title='com.mkyong.testng.examples.loadtest.TestMultipleThreads.repeatThis()'><b>repeatThis</b><br>Test class: com.mkyong.testng.examples.loadtest.TestMultipleThreads</td>
<td></td>
<td>0</td>
<td>com.mkyong.testng.examples.loadtest.TestMultipleThreads@5315b42e</td></tr>
<tr>
<td title='com.mkyong.testng.examples.loadtest.TestMultipleThreads.testThreadPools()'><b>testThreadPools</b><br>Test class: com.mkyong.testng.examples.loadtest.TestMultipleThreads</td>
<td></td>
<td>0</td>
<td>com.mkyong.testng.examples.loadtest.TestMultipleThreads@5315b42e</td></tr>
<tr>
<td title='com.mkyong.testng.examples.loadtest.TestMultipleThreads.testThreadPools()'><b>testThreadPools</b><br>Test class: com.mkyong.testng.examples.loadtest.TestMultipleThreads</td>
<td></td>
<td>0</td>
<td>com.mkyong.testng.examples.loadtest.TestMultipleThreads@5315b42e</td></tr>
<tr>
<td title='com.mkyong.testng.examples.loadtest.TestMultipleThreads.testThreadPools()'><b>testThreadPools</b><br>Test class: com.mkyong.testng.examples.loadtest.TestMultipleThreads</td>
<td></td>
<td>0</td>
<td>com.mkyong.testng.examples.loadtest.TestMultipleThreads@5315b42e</td></tr>
<tr>
<td title='com.mkyong.testng.examples.loadtest.TestMultipleThreads.testThreadPools()'><b>testThreadPools</b><br>Test class: com.mkyong.testng.examples.loadtest.TestMultipleThreads</td>
<td></td>
<td>0</td>
<td>com.mkyong.testng.examples.loadtest.TestMultipleThreads@5315b42e</td></tr>
<tr>
<td title='com.mkyong.testng.examples.loadtest.TestMultipleThreads.testThreadPools()'><b>testThreadPools</b><br>Test class: com.mkyong.testng.examples.loadtest.TestMultipleThreads</td>
<td></td>
<td>0</td>
<td>com.mkyong.testng.examples.loadtest.TestMultipleThreads@5315b42e</td></tr>
<tr>
<td title='com.mkyong.testng.examples.loadtest.TestMultipleThreads.testThreadPools()'><b>testThreadPools</b><br>Test class: com.mkyong.testng.examples.loadtest.TestMultipleThreads</td>
<td></td>
<td>0</td>
<td>com.mkyong.testng.examples.loadtest.TestMultipleThreads@5315b42e</td></tr>
<tr>
<td title='com.mkyong.testng.examples.loadtest.TestMultipleThreads.testThreadPools()'><b>testThreadPools</b><br>Test class: com.mkyong.testng.examples.loadtest.TestMultipleThreads</td>
<td></td>
<td>0</td>
<td>com.mkyong.testng.examples.loadtest.TestMultipleThreads@5315b42e</td></tr>
<tr>
<td title='com.mkyong.testng.examples.loadtest.TestMultipleThreads.testThreadPools()'><b>testThreadPools</b><br>Test class: com.mkyong.testng.examples.loadtest.TestMultipleThreads</td>
<td></td>
<td>0</td>
<td>com.mkyong.testng.examples.loadtest.TestMultipleThreads@5315b42e</td></tr>
<tr>
<td title='com.mkyong.testng.examples.loadtest.TestMultipleThreads.testThreadPools()'><b>testThreadPools</b><br>Test class: com.mkyong.testng.examples.loadtest.TestMultipleThreads</td>
<td></td>
<td>0</td>
<td>com.mkyong.testng.examples.loadtest.TestMultipleThreads@5315b42e</td></tr>
<tr>
<td title='com.mkyong.testng.examples.loadtest.TestMultipleThreads.testThreadPools()'><b>testThreadPools</b><br>Test class: com.mkyong.testng.examples.loadtest.TestMultipleThreads</td>
<td></td>
<td>0</td>
<td>com.mkyong.testng.examples.loadtest.TestMultipleThreads@5315b42e</td></tr>
</table><p>
</body>
</html>